<?xml version="1.0" encoding="UTF-8"?>
<coverage generated="1701552917013" clover="3.2.0">
  <project timestamp="1701552917013" name="All files">
    <metrics statements="2976" coveredstatements="2001" conditionals="934" coveredconditionals="493" methods="675" coveredmethods="450" elements="4585" coveredelements="2944" complexity="0" loc="2976" ncloc="2976" packages="55" files="128" classes="128"/>
    <package name="app-bundler.app-root">
      <metrics statements="12" coveredstatements="10" conditionals="1" coveredconditionals="0" methods="1" coveredmethods="1"/>
      <file name="helpers.ts" path="/Users/kushanjoshi/code/bangle-io-2/packages/app-bundler/app-root/helpers.ts">
        <metrics statements="10" coveredstatements="8" conditionals="1" coveredconditionals="0" methods="1" coveredmethods="1"/>
        <line num="1" count="1" type="stmt"/>
        <line num="4" count="1" type="stmt"/>
        <line num="6" count="1" type="stmt"/>
        <line num="9" count="1" type="stmt"/>
        <line num="11" count="1" type="stmt"/>
        <line num="13" count="1" type="stmt"/>
        <line num="15" count="1" type="cond" truecount="0" falsecount="1"/>
        <line num="16" count="0" type="stmt"/>
        <line num="22" count="0" type="stmt"/>
        <line num="25" count="1" type="stmt"/>
      </file>
      <file name="logger.ts" path="/Users/kushanjoshi/code/bangle-io-2/packages/app-bundler/app-root/logger.ts">
        <metrics statements="2" coveredstatements="2" conditionals="0" coveredconditionals="0" methods="0" coveredmethods="0"/>
        <line num="1" count="1" type="stmt"/>
        <line num="3" count="1" type="stmt"/>
      </file>
    </package>
    <package name="app-bundler.setup-eternal-vars">
      <metrics statements="53" coveredstatements="21" conditionals="11" coveredconditionals="0" methods="9" coveredmethods="1"/>
      <file name="common-setup.ts" path="/Users/kushanjoshi/code/bangle-io-2/packages/app-bundler/setup-eternal-vars/common-setup.ts">
        <metrics statements="51" coveredstatements="19" conditionals="11" coveredconditionals="0" methods="9" coveredmethods="1"/>
        <line num="1" count="1" type="stmt"/>
        <line num="2" count="1" type="stmt"/>
        <line num="3" count="1" type="stmt"/>
        <line num="4" count="1" type="stmt"/>
        <line num="10" count="1" type="stmt"/>
        <line num="12" count="1" type="stmt"/>
        <line num="15" count="1" type="stmt"/>
        <line num="16" count="1" type="stmt"/>
        <line num="18" count="2" type="stmt"/>
        <line num="19" count="2" type="stmt"/>
        <line num="21" count="2" type="stmt"/>
        <line num="23" count="2" type="stmt"/>
        <line num="28" count="2" type="stmt"/>
        <line num="30" count="2" type="stmt"/>
        <line num="31" count="2" type="stmt"/>
        <line num="33" count="2" type="stmt"/>
        <line num="34" count="0" type="stmt"/>
        <line num="37" count="0" type="cond" truecount="0" falsecount="1"/>
        <line num="38" count="0" type="stmt"/>
        <line num="39" count="0" type="stmt"/>
        <line num="43" count="0" type="cond" truecount="0" falsecount="1"/>
        <line num="44" count="0" type="stmt"/>
        <line num="47" count="0" type="stmt"/>
        <line num="50" count="0" type="cond" truecount="0" falsecount="5"/>
        <line num="52" count="0" type="stmt"/>
        <line num="53" count="0" type="stmt"/>
        <line num="57" count="0" type="stmt"/>
        <line num="58" count="0" type="stmt"/>
        <line num="62" count="0" type="stmt"/>
        <line num="63" count="0" type="stmt"/>
        <line num="67" count="0" type="stmt"/>
        <line num="68" count="0" type="stmt"/>
        <line num="72" count="0" type="stmt"/>
        <line num="73" count="0" type="stmt"/>
        <line num="78" count="2" type="stmt"/>
        <line num="81" count="0" type="cond" truecount="0" falsecount="4"/>
        <line num="83" count="0" type="stmt"/>
        <line num="84" count="0" type="stmt"/>
        <line num="89" count="0" type="stmt"/>
        <line num="92" count="0" type="stmt"/>
        <line num="93" count="0" type="stmt"/>
        <line num="98" count="0" type="stmt"/>
        <line num="101" count="0" type="stmt"/>
        <line num="102" count="0" type="stmt"/>
        <line num="107" count="0" type="stmt"/>
        <line num="110" count="0" type="stmt"/>
        <line num="111" count="0" type="stmt"/>
        <line num="117" count="2" type="stmt"/>
        <line num="120" count="0" type="stmt"/>
        <line num="121" count="0" type="stmt"/>
        <line num="128" count="2" type="stmt"/>
      </file>
      <file name="logger.ts" path="/Users/kushanjoshi/code/bangle-io-2/packages/app-bundler/setup-eternal-vars/logger.ts">
        <metrics statements="2" coveredstatements="2" conditionals="0" coveredconditionals="0" methods="0" coveredmethods="0"/>
        <line num="1" count="1" type="stmt"/>
        <line num="3" count="2" type="stmt"/>
      </file>
    </package>
    <package name="app-bundler.setup-eternal-vars.window">
      <metrics statements="3" coveredstatements="3" conditionals="0" coveredconditionals="0" methods="1" coveredmethods="1"/>
      <file name="index.ts" path="/Users/kushanjoshi/code/bangle-io-2/packages/app-bundler/setup-eternal-vars/window/index.ts">
        <metrics statements="3" coveredstatements="3" conditionals="0" coveredconditionals="0" methods="1" coveredmethods="1"/>
        <line num="3" count="1" type="stmt"/>
        <line num="10" count="1" type="stmt"/>
        <line num="13" count="1" type="stmt"/>
      </file>
    </package>
    <package name="app-bundler.setup-eternal-vars.worker">
      <metrics statements="3" coveredstatements="3" conditionals="0" coveredconditionals="0" methods="1" coveredmethods="1"/>
      <file name="index.ts" path="/Users/kushanjoshi/code/bangle-io-2/packages/app-bundler/setup-eternal-vars/worker/index.ts">
        <metrics statements="3" coveredstatements="3" conditionals="0" coveredconditionals="0" methods="1" coveredmethods="1"/>
        <line num="6" count="1" type="stmt"/>
        <line num="14" count="1" type="stmt"/>
        <line num="17" count="1" type="stmt"/>
      </file>
    </package>
    <package name="app-bundler.setup-worker">
      <metrics statements="35" coveredstatements="23" conditionals="3" coveredconditionals="2" methods="7" coveredmethods="4"/>
      <file name="index.ts" path="/Users/kushanjoshi/code/bangle-io-2/packages/app-bundler/setup-worker/index.ts">
        <metrics statements="33" coveredstatements="21" conditionals="3" coveredconditionals="2" methods="7" coveredmethods="4"/>
        <line num="1" count="1" type="stmt"/>
        <line num="3" count="1" type="stmt"/>
        <line num="4" count="1" type="stmt"/>
        <line num="5" count="1" type="stmt"/>
        <line num="6" count="1" type="stmt"/>
        <line num="7" count="1" type="stmt"/>
        <line num="8" count="1" type="stmt"/>
        <line num="15" count="1" type="stmt"/>
        <line num="19" count="1" type="stmt"/>
        <line num="26" count="1" type="stmt"/>
        <line num="31" count="1" type="cond" truecount="1" falsecount="0"/>
        <line num="33" count="1" type="cond" truecount="1" falsecount="1"/>
        <line num="37" count="1" type="stmt"/>
        <line num="38" count="1" type="stmt"/>
        <line num="46" count="1" type="stmt"/>
        <line num="51" count="1" type="stmt"/>
        <line num="54" count="6" type="stmt"/>
        <line num="55" count="6" type="stmt"/>
        <line num="56" count="6" type="stmt"/>
        <line num="61" count="1" type="stmt"/>
        <line num="64" count="1" type="stmt"/>
        <line num="68" count="0" type="stmt"/>
        <line num="76" count="0" type="stmt"/>
        <line num="83" count="0" type="stmt"/>
        <line num="91" count="0" type="stmt"/>
        <line num="92" count="0" type="stmt"/>
        <line num="95" count="0" type="stmt"/>
        <line num="96" count="0" type="stmt"/>
        <line num="97" count="0" type="stmt"/>
        <line num="99" count="0" type="stmt"/>
        <line num="102" count="0" type="stmt"/>
        <line num="103" count="0" type="stmt"/>
        <line num="107" count="0" type="stmt"/>
      </file>
      <file name="logger.ts" path="/Users/kushanjoshi/code/bangle-io-2/packages/app-bundler/setup-worker/logger.ts">
        <metrics statements="2" coveredstatements="2" conditionals="0" coveredconditionals="0" methods="0" coveredmethods="0"/>
        <line num="1" count="1" type="stmt"/>
        <line num="3" count="1" type="stmt"/>
      </file>
    </package>
    <package name="app-bundler.ui-theme">
      <metrics statements="87" coveredstatements="77" conditionals="16" coveredconditionals="13" methods="12" coveredmethods="8"/>
      <file name="create-stylesheet.ts" path="/Users/kushanjoshi/code/bangle-io-2/packages/app-bundler/ui-theme/create-stylesheet.ts">
        <metrics statements="53" coveredstatements="43" conditionals="16" coveredconditionals="13" methods="12" coveredmethods="8"/>
        <line num="6" count="1" type="stmt"/>
        <line num="7" count="1" type="stmt"/>
        <line num="16" count="1" type="stmt"/>
        <line num="18" count="1" type="cond" truecount="0" falsecount="1"/>
        <line num="20" count="0" type="stmt"/>
        <line num="23" count="17" type="stmt"/>
        <line num="24" count="1" type="stmt"/>
        <line num="25" count="15" type="stmt"/>
        <line num="26" count="10" type="stmt"/>
        <line num="27" count="15" type="stmt"/>
        <line num="28" count="9" type="stmt"/>
        <line num="32" count="1" type="stmt"/>
        <line num="48" count="30" type="stmt"/>
        <line num="53" count="30" type="stmt"/>
        <line num="56" count="19" type="stmt"/>
        <line num="73" count="19" type="stmt"/>
        <line num="75" count="19" type="cond" truecount="2" falsecount="0"/>
        <line num="76" count="8" type="stmt"/>
        <line num="85" count="8" type="stmt"/>
        <line num="90" count="8" type="stmt"/>
        <line num="95" count="11" type="stmt"/>
        <line num="100" count="11" type="stmt"/>
        <line num="106" count="11" type="stmt"/>
        <line num="108" count="11" type="stmt"/>
        <line num="115" count="11" type="stmt"/>
        <line num="120" count="11" type="stmt"/>
        <line num="125" count="11" type="stmt"/>
        <line num="132" count="19" type="stmt"/>
        <line num="135" count="0" type="stmt"/>
        <line num="138" count="0" type="stmt"/>
        <line num="140" count="0" type="stmt"/>
        <line num="142" count="0" type="stmt"/>
        <line num="147" count="0" type="stmt"/>
        <line num="161" count="3" type="stmt"/>
        <line num="162" count="33" type="stmt"/>
        <line num="164" count="33" type="stmt"/>
        <line num="165" count="99" type="cond" truecount="1" falsecount="0"/>
        <line num="166" count="99" type="stmt"/>
        <line num="170" count="33" type="stmt"/>
        <line num="173" count="0" type="stmt"/>
        <line num="174" count="5349" type="stmt"/>
        <line num="177" count="0" type="stmt"/>
        <line num="180" count="30" type="stmt"/>
        <line num="181" count="30" type="stmt"/>
        <line num="183" count="30" type="stmt"/>
        <line num="184" count="5280" type="cond" truecount="1" falsecount="2"/>
        <line num="185" count="0" type="stmt"/>
        <line num="188" count="5280" type="stmt"/>
        <line num="190" count="5280" type="stmt"/>
        <line num="193" count="5280" type="cond" truecount="3" falsecount="0"/>
        <line num="194" count="5250" type="stmt"/>
        <line num="198" count="30" type="stmt"/>
        <line num="202" count="0" type="stmt"/>
      </file>
      <file name="dark-colors.ts" path="/Users/kushanjoshi/code/bangle-io-2/packages/app-bundler/ui-theme/dark-colors.ts">
        <metrics statements="3" coveredstatements="3" conditionals="0" coveredconditionals="0" methods="0" coveredmethods="0"/>
        <line num="3" count="1" type="stmt"/>
        <line num="5" count="7" type="stmt"/>
        <line num="37" count="1" type="stmt"/>
      </file>
      <file name="default-tokens.ts" path="/Users/kushanjoshi/code/bangle-io-2/packages/app-bundler/ui-theme/default-tokens.ts">
        <metrics statements="13" coveredstatements="13" conditionals="0" coveredconditionals="0" methods="0" coveredmethods="0"/>
        <line num="1" count="1" type="stmt"/>
        <line num="4" count="1" type="stmt"/>
        <line num="5" count="1" type="stmt"/>
        <line num="6" count="1" type="stmt"/>
        <line num="11" count="1" type="stmt"/>
        <line num="13" count="19" type="stmt"/>
        <line num="157" count="11" type="stmt"/>
        <line num="184" count="8" type="stmt"/>
        <line num="186" count="1" type="stmt"/>
        <line num="194" count="11" type="stmt"/>
        <line num="196" count="1" type="stmt"/>
        <line num="204" count="11" type="stmt"/>
        <line num="207" count="1" type="stmt"/>
      </file>
      <file name="light-colors.ts" path="/Users/kushanjoshi/code/bangle-io-2/packages/app-bundler/ui-theme/light-colors.ts">
        <metrics statements="16" coveredstatements="16" conditionals="0" coveredconditionals="0" methods="0" coveredmethods="0"/>
        <line num="3" count="1" type="stmt"/>
        <line num="6" count="1" type="stmt"/>
        <line num="7" count="1" type="stmt"/>
        <line num="8" count="1" type="stmt"/>
        <line num="9" count="1" type="stmt"/>
        <line num="10" count="1" type="stmt"/>
        <line num="11" count="1" type="stmt"/>
        <line num="12" count="1" type="stmt"/>
        <line num="13" count="1" type="stmt"/>
        <line num="14" count="1" type="stmt"/>
        <line num="15" count="1" type="stmt"/>
        <line num="16" count="1" type="stmt"/>
        <line num="17" count="1" type="stmt"/>
        <line num="18" count="1" type="stmt"/>
        <line num="20" count="6" type="stmt"/>
        <line num="52" count="3" type="stmt"/>
      </file>
      <file name="spectrum.ts" path="/Users/kushanjoshi/code/bangle-io-2/packages/app-bundler/ui-theme/spectrum.ts">
        <metrics statements="2" coveredstatements="2" conditionals="0" coveredconditionals="0" methods="0" coveredmethods="0"/>
        <line num="1" count="76" type="stmt"/>
        <line num="183" count="87" type="stmt"/>
      </file>
    </package>
    <package name="app-bundler.uno-preset-bangle.theme">
      <metrics statements="12" coveredstatements="11" conditionals="1" coveredconditionals="0" methods="6" coveredmethods="6"/>
      <file name="colors.ts" path="/Users/kushanjoshi/code/bangle-io-2/packages/app-bundler/uno-preset-bangle/theme/colors.ts">
        <metrics statements="12" coveredstatements="11" conditionals="1" coveredconditionals="0" methods="6" coveredmethods="6"/>
        <line num="3" count="1" type="stmt"/>
        <line num="5" count="1" type="stmt"/>
        <line num="8" count="84" type="stmt"/>
        <line num="13" count="392" type="stmt"/>
        <line num="17" count="1" type="stmt"/>
        <line num="19" count="24" type="stmt"/>
        <line num="21" count="1" type="stmt"/>
        <line num="22" count="205" type="stmt"/>
        <line num="24" count="1" type="stmt"/>
        <line num="26" count="1" type="cond" truecount="0" falsecount="1"/>
        <line num="27" count="0" type="stmt"/>
        <line num="31" count="192" type="stmt"/>
      </file>
    </package>
    <package name="app-window.window-store">
      <metrics statements="19" coveredstatements="17" conditionals="3" coveredconditionals="1" methods="2" coveredmethods="1"/>
      <file name="index.ts" path="/Users/kushanjoshi/code/bangle-io-2/packages/app-window/window-store/index.ts">
        <metrics statements="17" coveredstatements="15" conditionals="3" coveredconditionals="1" methods="2" coveredmethods="1"/>
        <line num="1" count="1" type="stmt"/>
        <line num="7" count="1" type="stmt"/>
        <line num="12" count="1" type="stmt"/>
        <line num="13" count="1" type="stmt"/>
        <line num="14" count="1" type="stmt"/>
        <line num="16" count="1" type="stmt"/>
        <line num="17" count="1" type="stmt"/>
        <line num="19" count="1" type="stmt"/>
        <line num="24" count="1" type="cond" truecount="1" falsecount="1"/>
        <line num="25" count="1" type="stmt"/>
        <line num="28" count="1" type="stmt"/>
        <line num="30" count="0" type="stmt"/>
        <line num="33" count="1" type="stmt"/>
        <line num="43" count="0" type="stmt"/>
        <line num="49" count="1" type="stmt"/>
        <line num="57" count="1" type="stmt"/>
        <line num="59" count="1" type="stmt"/>
      </file>
      <file name="logger.ts" path="/Users/kushanjoshi/code/bangle-io-2/packages/app-window/window-store/logger.ts">
        <metrics statements="2" coveredstatements="2" conditionals="0" coveredconditionals="0" methods="0" coveredmethods="0"/>
        <line num="1" count="1" type="stmt"/>
        <line num="3" count="1" type="stmt"/>
      </file>
    </package>
    <package name="app-window.window-store.slices">
      <metrics statements="54" coveredstatements="49" conditionals="4" coveredconditionals="1" methods="11" coveredmethods="10"/>
      <file name="sync-with-worker.ts" path="/Users/kushanjoshi/code/bangle-io-2/packages/app-window/window-store/slices/sync-with-worker.ts">
        <metrics statements="54" coveredstatements="49" conditionals="4" coveredconditionals="1" methods="11" coveredmethods="10"/>
        <line num="1" count="1" type="stmt"/>
        <line num="2" count="1" type="stmt"/>
        <line num="3" count="1" type="stmt"/>
        <line num="5" count="1" type="stmt"/>
        <line num="6" count="1" type="stmt"/>
        <line num="7" count="1" type="stmt"/>
        <line num="12" count="1" type="stmt"/>
        <line num="13" count="1" type="stmt"/>
        <line num="15" count="1" type="stmt"/>
        <line num="17" count="1" type="stmt"/>
        <line num="18" count="1" type="stmt"/>
        <line num="20" count="1" type="stmt"/>
        <line num="22" count="1" type="stmt"/>
        <line num="23" count="1" type="stmt"/>
        <line num="25" count="1" type="stmt"/>
        <line num="27" count="1" type="stmt"/>
        <line num="28" count="1" type="stmt"/>
        <line num="29" count="1" type="stmt"/>
        <line num="31" count="1" type="stmt"/>
        <line num="33" count="0" type="cond" truecount="0" falsecount="1"/>
        <line num="34" count="0" type="stmt"/>
        <line num="36" count="0" type="cond" truecount="0" falsecount="2"/>
        <line num="37" count="0" type="stmt"/>
        <line num="39" count="0" type="stmt"/>
        <line num="44" count="1" type="stmt"/>
        <line num="46" count="1" type="stmt"/>
        <line num="47" count="1" type="stmt"/>
        <line num="55" count="2" type="stmt"/>
        <line num="56" count="2" type="stmt"/>
        <line num="57" count="2" type="stmt"/>
        <line num="60" count="1" type="stmt"/>
        <line num="61" count="2" type="stmt"/>
        <line num="62" count="2" type="stmt"/>
        <line num="64" count="2" type="stmt"/>
        <line num="66" count="2" type="stmt"/>
        <line num="67" count="2" type="cond" truecount="1" falsecount="0"/>
        <line num="68" count="1" type="stmt"/>
        <line num="71" count="1" type="stmt"/>
        <line num="72" count="1" type="stmt"/>
        <line num="74" count="1" type="stmt"/>
        <line num="81" count="1" type="stmt"/>
        <line num="83" count="1" type="stmt"/>
        <line num="84" count="1" type="stmt"/>
        <line num="85" count="1" type="stmt"/>
        <line num="88" count="1" type="stmt"/>
        <line num="89" count="1" type="stmt"/>
        <line num="90" count="1" type="stmt"/>
        <line num="91" count="1" type="stmt"/>
        <line num="96" count="1" type="stmt"/>
        <line num="97" count="1" type="stmt"/>
        <line num="98" count="1" type="stmt"/>
        <line num="100" count="1" type="stmt"/>
        <line num="103" count="1" type="stmt"/>
        <line num="104" count="1" type="stmt"/>
      </file>
    </package>
    <package name="app-worker.naukar">
      <metrics statements="47" coveredstatements="39" conditionals="3" coveredconditionals="0" methods="16" coveredmethods="13"/>
      <file name="index.ts" path="/Users/kushanjoshi/code/bangle-io-2/packages/app-worker/naukar/index.ts">
        <metrics statements="45" coveredstatements="37" conditionals="3" coveredconditionals="0" methods="16" coveredmethods="13"/>
        <line num="1" count="2" type="stmt"/>
        <line num="3" count="2" type="stmt"/>
        <line num="4" count="2" type="stmt"/>
        <line num="8" count="2" type="stmt"/>
        <line num="9" count="2" type="stmt"/>
        <line num="16" count="2" type="stmt"/>
        <line num="18" count="2" type="stmt"/>
        <line num="25" count="4" type="stmt"/>
        <line num="28" count="4" type="stmt"/>
        <line num="29" count="4" type="stmt"/>
        <line num="30" count="1" type="stmt"/>
        <line num="31" count="1" type="stmt"/>
        <line num="35" count="4" type="stmt"/>
        <line num="38" count="0" type="cond" truecount="0" falsecount="1"/>
        <line num="39" count="0" type="stmt"/>
        <line num="43" count="0" type="stmt"/>
        <line num="44" count="0" type="stmt"/>
        <line num="45" count="0" type="stmt"/>
        <line num="46" count="0" type="stmt"/>
        <line num="52" count="1" type="cond" truecount="0" falsecount="1"/>
        <line num="53" count="0" type="stmt"/>
        <line num="57" count="1" type="stmt"/>
        <line num="58" count="1" type="stmt"/>
        <line num="63" count="5" type="stmt"/>
        <line num="64" count="4" type="stmt"/>
        <line num="65" count="4" type="stmt"/>
        <line num="68" count="4" type="stmt"/>
        <line num="69" count="4" type="stmt"/>
        <line num="70" count="4" type="stmt"/>
        <line num="72" count="4" type="stmt"/>
        <line num="76" count="1" type="stmt"/>
        <line num="81" count="1" type="stmt"/>
        <line num="85" count="3" type="stmt"/>
        <line num="89" count="1" type="stmt"/>
        <line num="93" count="1" type="stmt"/>
        <line num="97" count="1" type="stmt"/>
        <line num="99" count="1" type="cond" truecount="0" falsecount="1"/>
        <line num="100" count="0" type="stmt"/>
        <line num="104" count="1" type="stmt"/>
        <line num="106" count="1" type="stmt"/>
        <line num="108" count="1" type="stmt"/>
        <line num="109" count="1" type="stmt"/>
        <line num="110" count="1" type="stmt"/>
        <line num="112" count="1" type="stmt"/>
        <line num="116" count="1" type="stmt"/>
      </file>
      <file name="logger.ts" path="/Users/kushanjoshi/code/bangle-io-2/packages/app-worker/naukar/logger.ts">
        <metrics statements="2" coveredstatements="2" conditionals="0" coveredconditionals="0" methods="0" coveredmethods="0"/>
        <line num="1" count="2" type="stmt"/>
        <line num="3" count="5" type="stmt"/>
      </file>
    </package>
    <package name="app-worker.naukar-common">
      <metrics statements="5" coveredstatements="5" conditionals="0" coveredconditionals="0" methods="2" coveredmethods="2"/>
      <file name="index.ts" path="/Users/kushanjoshi/code/bangle-io-2/packages/app-worker/naukar-common/index.ts">
        <metrics statements="5" coveredstatements="5" conditionals="0" coveredconditionals="0" methods="2" coveredmethods="2"/>
        <line num="1" count="2" type="stmt"/>
        <line num="9" count="4" type="stmt"/>
        <line num="19" count="4" type="stmt"/>
        <line num="20" count="4" type="stmt"/>
        <line num="23" count="4" type="stmt"/>
      </file>
    </package>
    <package name="app-worker.naukar-store">
      <metrics statements="16" coveredstatements="16" conditionals="2" coveredconditionals="2" methods="1" coveredmethods="1"/>
      <file name="index.ts" path="/Users/kushanjoshi/code/bangle-io-2/packages/app-worker/naukar-store/index.ts">
        <metrics statements="14" coveredstatements="14" conditionals="2" coveredconditionals="2" methods="1" coveredmethods="1"/>
        <line num="1" count="2" type="stmt"/>
        <line num="6" count="2" type="stmt"/>
        <line num="7" count="2" type="stmt"/>
        <line num="10" count="2" type="stmt"/>
        <line num="11" count="2" type="stmt"/>
        <line num="12" count="4" type="stmt"/>
        <line num="14" count="4" type="stmt"/>
        <line num="21" count="4" type="cond" truecount="2" falsecount="0"/>
        <line num="22" count="1" type="stmt"/>
        <line num="25" count="1" type="stmt"/>
        <line num="27" count="3" type="stmt"/>
        <line num="30" count="4" type="stmt"/>
        <line num="41" count="4" type="stmt"/>
        <line num="46" count="4" type="stmt"/>
      </file>
      <file name="logger.ts" path="/Users/kushanjoshi/code/bangle-io-2/packages/app-worker/naukar-store/logger.ts">
        <metrics statements="2" coveredstatements="2" conditionals="0" coveredconditionals="0" methods="0" coveredmethods="0"/>
        <line num="1" count="2" type="stmt"/>
        <line num="3" count="2" type="stmt"/>
      </file>
    </package>
    <package name="app-worker.naukar-store.slices">
      <metrics statements="17" coveredstatements="12" conditionals="0" coveredconditionals="0" methods="7" coveredmethods="2"/>
      <file name="slice-window-state.ts" path="/Users/kushanjoshi/code/bangle-io-2/packages/app-worker/naukar-store/slices/slice-window-state.ts">
        <metrics statements="17" coveredstatements="12" conditionals="0" coveredconditionals="0" methods="7" coveredmethods="2"/>
        <line num="1" count="2" type="stmt"/>
        <line num="3" count="2" type="stmt"/>
        <line num="6" count="2" type="stmt"/>
        <line num="8" count="2" type="stmt"/>
        <line num="13" count="1" type="stmt"/>
        <line num="14" count="1" type="stmt"/>
        <line num="18" count="2" type="stmt"/>
        <line num="19" count="0" type="stmt"/>
        <line num="22" count="2" type="stmt"/>
        <line num="23" count="0" type="stmt"/>
        <line num="26" count="2" type="stmt"/>
        <line num="27" count="0" type="stmt"/>
        <line num="30" count="2" type="stmt"/>
        <line num="31" count="0" type="stmt"/>
        <line num="34" count="2" type="stmt"/>
        <line num="35" count="0" type="stmt"/>
        <line num="38" count="8" type="stmt"/>
      </file>
    </package>
    <package name="js-lib.abortable-worker">
      <metrics statements="59" coveredstatements="54" conditionals="15" coveredconditionals="13" methods="14" coveredmethods="14"/>
      <file name="assert-signal.ts" path="/Users/kushanjoshi/code/bangle-io-2/packages/js-lib/abortable-worker/assert-signal.ts">
        <metrics statements="3" coveredstatements="2" conditionals="1" coveredconditionals="0" methods="1" coveredmethods="1"/>
        <line num="2" count="2" type="stmt"/>
        <line num="3" count="2" type="cond" truecount="0" falsecount="1"/>
        <line num="4" count="0" type="stmt"/>
      </file>
      <file name="main-inject-abortable-proxy.ts" path="/Users/kushanjoshi/code/bangle-io-2/packages/js-lib/abortable-worker/main-inject-abortable-proxy.ts">
        <metrics statements="20" coveredstatements="18" conditionals="8" coveredconditionals="7" methods="5" coveredmethods="5"/>
        <line num="1" count="1" type="stmt"/>
        <line num="3" count="1" type="stmt"/>
        <line num="4" count="1" type="stmt"/>
        <line num="18" count="3" type="stmt"/>
        <line num="28" count="3" type="stmt"/>
        <line num="30" count="3" type="stmt"/>
        <line num="32" count="3" type="cond" truecount="1" falsecount="0"/>
        <line num="37" count="2" type="stmt"/>
        <line num="38" count="2" type="cond" truecount="0" falsecount="1"/>
        <line num="39" count="0" type="stmt"/>
        <line num="44" count="2" type="stmt"/>
        <line num="46" count="2" type="stmt"/>
        <line num="48" count="2" type="stmt"/>
        <line num="51" count="1" type="stmt"/>
        <line num="52" count="1" type="stmt"/>
        <line num="57" count="2" type="stmt"/>
        <line num="59" count="1" type="cond" truecount="1" falsecount="0"/>
        <line num="60" count="1" type="stmt"/>
        <line num="62" count="0" type="stmt"/>
        <line num="68" count="1" type="stmt"/>
      </file>
      <file name="util.ts" path="/Users/kushanjoshi/code/bangle-io-2/packages/js-lib/abortable-worker/util.ts">
        <metrics statements="1" coveredstatements="1" conditionals="0" coveredconditionals="0" methods="0" coveredmethods="0"/>
        <line num="3" count="8" type="stmt"/>
      </file>
      <file name="worker-abortable-function-wrapper.ts" path="/Users/kushanjoshi/code/bangle-io-2/packages/js-lib/abortable-worker/worker-abortable-function-wrapper.ts">
        <metrics statements="23" coveredstatements="22" conditionals="4" coveredconditionals="4" methods="5" coveredmethods="5"/>
        <line num="1" count="2" type="stmt"/>
        <line num="4" count="2" type="stmt"/>
        <line num="18" count="8" type="stmt"/>
        <line num="21" count="8" type="stmt"/>
        <line num="24" count="8" type="stmt"/>
        <line num="25" count="8" type="cond" truecount="1" falsecount="0"/>
        <line num="26" count="1" type="stmt"/>
        <line num="29" count="1" type="stmt"/>
        <line num="32" count="7" type="stmt"/>
        <line num="36" count="7" type="cond" truecount="2" falsecount="0"/>
        <line num="37" count="6" type="stmt"/>
        <line num="38" count="6" type="stmt"/>
        <line num="40" count="1" type="stmt"/>
        <line num="43" count="7" type="stmt"/>
        <line num="45" count="7" type="stmt"/>
        <line num="48" count="3" type="stmt"/>
        <line num="49" count="3" type="stmt"/>
        <line num="54" count="3" type="stmt"/>
        <line num="61" count="4" type="stmt"/>
        <line num="63" count="4" type="cond" truecount="1" falsecount="0"/>
        <line num="64" count="4" type="stmt"/>
        <line num="68" count="4" type="stmt"/>
        <line num="71" count="0" type="stmt"/>
      </file>
      <file name="worker-abortable.ts" path="/Users/kushanjoshi/code/bangle-io-2/packages/js-lib/abortable-worker/worker-abortable.ts">
        <metrics statements="12" coveredstatements="11" conditionals="2" coveredconditionals="2" methods="3" coveredmethods="3"/>
        <line num="3" count="2" type="stmt"/>
        <line num="17" count="8" type="stmt"/>
        <line num="20" count="8" type="stmt"/>
        <line num="22" count="8" type="stmt"/>
        <line num="30" count="0" type="stmt"/>
        <line num="34" count="8" type="stmt"/>
        <line num="37" count="4" type="stmt"/>
        <line num="39" count="4" type="cond" truecount="2" falsecount="0"/>
        <line num="40" count="3" type="stmt"/>
        <line num="41" count="3" type="stmt"/>
        <line num="42" count="3" type="stmt"/>
        <line num="44" count="1" type="stmt"/>
      </file>
    </package>
    <package name="js-lib.baby-fs">
      <metrics statements="400" coveredstatements="128" conditionals="103" coveredconditionals="16" methods="101" coveredmethods="37"/>
      <file name="base-fs.ts" path="/Users/kushanjoshi/code/bangle-io-2/packages/js-lib/baby-fs/base-fs.ts">
        <metrics statements="10" coveredstatements="8" conditionals="4" coveredconditionals="2" methods="8" coveredmethods="4"/>
        <line num="4" count="2" type="stmt"/>
        <line num="7" count="21" type="stmt"/>
        <line num="10" count="21" type="stmt"/>
        <line num="19" count="3" type="stmt"/>
        <line num="21" count="16" type="stmt"/>
        <line num="49" count="51" type="cond" truecount="0" falsecount="1"/>
        <line num="50" count="0" type="stmt"/>
        <line num="55" count="17" type="cond" truecount="0" falsecount="1"/>
        <line num="56" count="0" type="stmt"/>
        <line num="75" count="5" type="stmt"/>
      </file>
      <file name="config.ts" path="/Users/kushanjoshi/code/bangle-io-2/packages/js-lib/baby-fs/config.ts">
        <metrics statements="1" coveredstatements="1" conditionals="0" coveredconditionals="0" methods="0" coveredmethods="0"/>
        <line num="1" count="1" type="stmt"/>
      </file>
      <file name="error-codes.ts" path="/Users/kushanjoshi/code/bangle-io-2/packages/js-lib/baby-fs/error-codes.ts">
        <metrics statements="9" coveredstatements="7" conditionals="0" coveredconditionals="0" methods="0" coveredmethods="0"/>
        <line num="1" count="2" type="stmt"/>
        <line num="2" count="8" type="stmt"/>
        <line num="3" count="2" type="stmt"/>
        <line num="4" count="2" type="stmt"/>
        <line num="5" count="2" type="stmt"/>
        <line num="6" count="0" type="stmt"/>
        <line num="7" count="2" type="stmt"/>
        <line num="8" count="0" type="stmt"/>
        <line num="9" count="2" type="stmt"/>
      </file>
      <file name="index.ts" path="/Users/kushanjoshi/code/bangle-io-2/packages/js-lib/baby-fs/index.ts">
        <metrics statements="5" coveredstatements="5" conditionals="0" coveredconditionals="0" methods="0" coveredmethods="0"/>
        <line num="1" count="1" type="stmt"/>
        <line num="2" count="1" type="stmt"/>
        <line num="3" count="1" type="stmt"/>
        <line num="4" count="1" type="stmt"/>
        <line num="5" count="1" type="stmt"/>
      </file>
      <file name="indexed-db-fs.ts" path="/Users/kushanjoshi/code/bangle-io-2/packages/js-lib/baby-fs/indexed-db-fs.ts">
        <metrics statements="93" coveredstatements="77" conditionals="19" coveredconditionals="9" methods="30" coveredmethods="26"/>
        <line num="2" count="2" type="stmt"/>
        <line num="8" count="2" type="stmt"/>
        <line num="13" count="2" type="stmt"/>
        <line num="14" count="2" type="stmt"/>
        <line num="17" count="66" type="stmt"/>
        <line num="18" count="0" type="stmt"/>
        <line num="28" count="2" type="stmt"/>
        <line num="29" count="2" type="stmt"/>
        <line num="39" count="16" type="stmt"/>
        <line num="40" count="24" type="stmt"/>
        <line num="42" count="11" type="cond" truecount="1" falsecount="0"/>
        <line num="44" count="11" type="stmt"/>
        <line num="53" count="3" type="stmt"/>
        <line num="54" count="3" type="stmt"/>
        <line num="64" count="4" type="stmt"/>
        <line num="65" count="4" type="stmt"/>
        <line num="69" count="4" type="cond" truecount="0" falsecount="1"/>
        <line num="70" count="0" type="stmt"/>
        <line num="72" count="0" type="stmt"/>
        <line num="75" count="4" type="stmt"/>
        <line num="79" count="17" type="stmt"/>
        <line num="80" count="17" type="stmt"/>
        <line num="90" count="0" type="stmt"/>
        <line num="91" count="0" type="stmt"/>
        <line num="92" count="0" type="stmt"/>
        <line num="96" count="2" type="stmt"/>
        <line num="97" count="2" type="stmt"/>
        <line num="106" count="16" type="stmt"/>
        <line num="107" count="16" type="stmt"/>
        <line num="109" count="16" type="stmt"/>
        <line num="110" count="42" type="stmt"/>
        <line num="112" count="12" type="cond" truecount="1" falsecount="0"/>
        <line num="113" count="12" type="stmt"/>
        <line num="122" count="16" type="stmt"/>
        <line num="125" count="0" type="stmt"/>
        <line num="128" count="16" type="cond" truecount="0" falsecount="1"/>
        <line num="129" count="0" type="stmt"/>
        <line num="132" count="16" type="stmt"/>
        <line num="136" count="4" type="cond" truecount="0" falsecount="1"/>
        <line num="137" count="0" type="stmt"/>
        <line num="139" count="4" type="stmt"/>
        <line num="140" count="4" type="stmt"/>
        <line num="144" count="4" type="cond" truecount="0" falsecount="1"/>
        <line num="145" count="0" type="stmt"/>
        <line num="147" count="4" type="cond" truecount="0" falsecount="1"/>
        <line num="148" count="0" type="stmt"/>
        <line num="151" count="4" type="cond" truecount="3" falsecount="0"/>
        <line num="152" count="3" type="stmt"/>
        <line num="155" count="14" type="cond" truecount="1" falsecount="1"/>
        <line num="157" count="4" type="stmt"/>
        <line num="161" count="18" type="stmt"/>
        <line num="163" count="18" type="stmt"/>
        <line num="164" count="18" type="stmt"/>
        <line num="168" count="18" type="cond" truecount="1" falsecount="0"/>
        <line num="169" count="6" type="stmt"/>
        <line num="175" count="12" type="stmt"/>
        <line num="179" count="1" type="stmt"/>
        <line num="181" count="1" type="stmt"/>
        <line num="182" count="1" type="stmt"/>
        <line num="184" count="1" type="stmt"/>
        <line num="188" count="3" type="stmt"/>
        <line num="189" count="3" type="stmt"/>
        <line num="191" count="3" type="stmt"/>
        <line num="193" count="2" type="stmt"/>
        <line num="194" count="2" type="stmt"/>
        <line num="196" count="1" type="cond" truecount="0" falsecount="1"/>
        <line num="197" count="0" type="stmt"/>
        <line num="199" count="1" type="cond" truecount="0" falsecount="1"/>
        <line num="200" count="0" type="stmt"/>
        <line num="204" count="2" type="cond" truecount="1" falsecount="0"/>
        <line num="205" count="1" type="stmt"/>
        <line num="210" count="1" type="stmt"/>
        <line num="211" count="1" type="stmt"/>
        <line num="215" count="6" type="stmt"/>
        <line num="217" count="6" type="stmt"/>
        <line num="218" count="4" type="stmt"/>
        <line num="223" count="4" type="stmt"/>
        <line num="227" count="3" type="stmt"/>
        <line num="229" count="3" type="stmt"/>
        <line num="231" count="3" type="stmt"/>
        <line num="235" count="3" type="stmt"/>
        <line num="239" count="17" type="stmt"/>
        <line num="240" count="17" type="stmt"/>
        <line num="241" count="17" type="stmt"/>
        <line num="242" count="17" type="stmt"/>
        <line num="245" count="17" type="stmt"/>
        <line num="246" count="17" type="stmt"/>
        <line num="250" count="0" type="stmt"/>
        <line num="253" count="4" type="cond" truecount="0" falsecount="1"/>
        <line num="254" count="0" type="stmt"/>
        <line num="257" count="14" type="cond" truecount="0" falsecount="1"/>
        <line num="258" count="0" type="stmt"/>
        <line num="261" count="4" type="stmt"/>
      </file>
      <file name="native-browser-fs-helpers.ts" path="/Users/kushanjoshi/code/bangle-io-2/packages/js-lib/baby-fs/native-browser-fs-helpers.ts">
        <metrics statements="46" coveredstatements="3" conditionals="15" coveredconditionals="1" methods="13" coveredmethods="1"/>
        <line num="5" count="0" type="stmt"/>
        <line num="9" count="0" type="cond" truecount="0" falsecount="1"/>
        <line num="10" count="0" type="stmt"/>
        <line num="13" count="0" type="stmt"/>
        <line num="17" count="0" type="stmt"/>
        <line num="19" count="0" type="cond" truecount="0" falsecount="1"/>
        <line num="20" count="0" type="stmt"/>
        <line num="22" count="0" type="cond" truecount="0" falsecount="1"/>
        <line num="23" count="0" type="stmt"/>
        <line num="26" count="0" type="stmt"/>
        <line num="30" count="0" type="stmt"/>
        <line num="33" count="0" type="cond" truecount="0" falsecount="1"/>
        <line num="34" count="0" type="stmt"/>
        <line num="39" count="0" type="stmt"/>
        <line num="42" count="3" type="stmt"/>
        <line num="44" count="3" type="cond" truecount="1" falsecount="0"/>
        <line num="45" count="3" type="stmt"/>
        <line num="49" count="0" type="stmt"/>
        <line num="60" count="0" type="stmt"/>
        <line num="61" count="0" type="stmt"/>
        <line num="62" count="0" type="stmt"/>
        <line num="63" count="0" type="stmt"/>
        <line num="64" count="0" type="stmt"/>
        <line num="66" count="0" type="stmt"/>
        <line num="70" count="0" type="stmt"/>
        <line num="73" count="0" type="stmt"/>
        <line num="74" count="0" type="stmt"/>
        <line num="76" count="0" type="stmt"/>
        <line num="79" count="0" type="cond" truecount="0" falsecount="1"/>
        <line num="80" count="0" type="stmt"/>
        <line num="82" count="0" type="stmt"/>
        <line num="85" count="0" type="stmt"/>
        <line num="101" count="0" type="stmt"/>
        <line num="104" count="0" type="cond" truecount="0" falsecount="1"/>
        <line num="105" count="0" type="cond" truecount="0" falsecount="1"/>
        <line num="108" count="0" type="stmt"/>
        <line num="111" count="0" type="stmt"/>
        <line num="112" count="0" type="stmt"/>
        <line num="113" count="0" type="cond" truecount="0" falsecount="3"/>
        <line num="114" count="0" type="stmt"/>
        <line num="116" count="0" type="cond" truecount="0" falsecount="3"/>
        <line num="117" count="0" type="stmt"/>
        <line num="122" count="0" type="stmt"/>
        <line num="123" count="0" type="stmt"/>
        <line num="127" count="0" type="stmt"/>
        <line num="130" count="0" type="stmt"/>
      </file>
      <file name="native-browser-fs.ts" path="/Users/kushanjoshi/code/bangle-io-2/packages/js-lib/baby-fs/native-browser-fs.ts">
        <metrics statements="174" coveredstatements="8" conditionals="43" coveredconditionals="0" methods="38" coveredmethods="0"/>
        <line num="1" count="1" type="stmt"/>
        <line num="7" count="1" type="stmt"/>
        <line num="8" count="1" type="stmt"/>
        <line num="15" count="1" type="stmt"/>
        <line num="21" count="1" type="stmt"/>
        <line num="22" count="1" type="stmt"/>
        <line num="24" count="1" type="stmt"/>
        <line num="29" count="1" type="stmt"/>
        <line num="30" count="0" type="cond" truecount="0" falsecount="2"/>
        <line num="33" count="0" type="stmt"/>
        <line num="34" count="0" type="cond" truecount="0" falsecount="2"/>
        <line num="35" count="0" type="stmt"/>
        <line num="37" count="0" type="cond" truecount="0" falsecount="1"/>
        <line num="38" count="0" type="stmt"/>
        <line num="44" count="0" type="stmt"/>
        <line num="54" count="0" type="stmt"/>
        <line num="66" count="0" type="stmt"/>
        <line num="73" count="0" type="cond" truecount="0" falsecount="1"/>
        <line num="75" count="0" type="cond" truecount="0" falsecount="1"/>
        <line num="76" count="0" type="stmt"/>
        <line num="78" count="0" type="stmt"/>
        <line num="80" count="0" type="cond" truecount="0" falsecount="1"/>
        <line num="81" count="0" type="stmt"/>
        <line num="84" count="0" type="stmt"/>
        <line num="85" count="0" type="stmt"/>
        <line num="86" count="0" type="stmt"/>
        <line num="88" count="0" type="stmt"/>
        <line num="89" count="0" type="stmt"/>
        <line num="90" count="0" type="stmt"/>
        <line num="91" count="0" type="stmt"/>
        <line num="92" count="0" type="stmt"/>
        <line num="94" count="0" type="stmt"/>
        <line num="95" count="0" type="stmt"/>
        <line num="96" count="0" type="stmt"/>
        <line num="97" count="0" type="stmt"/>
        <line num="98" count="0" type="stmt"/>
        <line num="99" count="0" type="stmt"/>
        <line num="100" count="0" type="stmt"/>
        <line num="101" count="0" type="stmt"/>
        <line num="102" count="0" type="stmt"/>
        <line num="103" count="0" type="stmt"/>
        <line num="107" count="0" type="cond" truecount="0" falsecount="1"/>
        <line num="108" count="0" type="stmt"/>
        <line num="111" count="0" type="stmt"/>
        <line num="113" count="0" type="stmt"/>
        <line num="118" count="0" type="cond" truecount="0" falsecount="1"/>
        <line num="119" count="0" type="stmt"/>
        <line num="122" count="0" type="stmt"/>
        <line num="124" count="0" type="cond" truecount="0" falsecount="2"/>
        <line num="126" count="0" type="stmt"/>
        <line num="130" count="0" type="stmt"/>
        <line num="132" count="0" type="stmt"/>
        <line num="133" count="0" type="stmt"/>
        <line num="138" count="0" type="stmt"/>
        <line num="142" count="0" type="stmt"/>
        <line num="144" count="0" type="stmt"/>
        <line num="145" count="0" type="stmt"/>
        <line num="147" count="0" type="stmt"/>
        <line num="151" count="0" type="stmt"/>
        <line num="152" count="0" type="stmt"/>
        <line num="154" count="0" type="stmt"/>
        <line num="157" count="0" type="stmt"/>
        <line num="158" count="0" type="stmt"/>
        <line num="160" count="0" type="cond" truecount="0" falsecount="1"/>
        <line num="161" count="0" type="stmt"/>
        <line num="163" count="0" type="cond" truecount="0" falsecount="1"/>
        <line num="164" count="0" type="stmt"/>
        <line num="168" count="0" type="cond" truecount="0" falsecount="1"/>
        <line num="169" count="0" type="stmt"/>
        <line num="175" count="0" type="stmt"/>
        <line num="176" count="0" type="stmt"/>
        <line num="180" count="0" type="stmt"/>
        <line num="181" count="0" type="stmt"/>
        <line num="186" count="0" type="stmt"/>
        <line num="188" count="0" type="stmt"/>
        <line num="192" count="0" type="stmt"/>
        <line num="194" count="0" type="stmt"/>
        <line num="196" count="0" type="stmt"/>
        <line num="201" count="0" type="stmt"/>
        <line num="202" count="0" type="stmt"/>
        <line num="206" count="0" type="stmt"/>
        <line num="207" count="0" type="stmt"/>
        <line num="208" count="0" type="stmt"/>
        <line num="211" count="0" type="stmt"/>
        <line num="212" count="0" type="stmt"/>
        <line num="213" count="0" type="stmt"/>
        <line num="214" count="0" type="stmt"/>
        <line num="219" count="0" type="cond" truecount="0" falsecount="2"/>
        <line num="223" count="0" type="stmt"/>
        <line num="225" count="0" type="stmt"/>
        <line num="229" count="0" type="cond" truecount="0" falsecount="1"/>
        <line num="230" count="0" type="stmt"/>
        <line num="231" count="0" type="stmt"/>
        <line num="237" count="0" type="cond" truecount="0" falsecount="1"/>
        <line num="238" count="0" type="stmt"/>
        <line num="241" count="0" type="stmt"/>
        <line num="245" count="0" type="stmt"/>
        <line num="251" count="0" type="stmt"/>
        <line num="253" count="0" type="cond" truecount="0" falsecount="1"/>
        <line num="254" count="0" type="stmt"/>
        <line num="266" count="0" type="cond" truecount="0" falsecount="1"/>
        <line num="267" count="0" type="cond" truecount="0" falsecount="1"/>
        <line num="269" count="0" type="stmt"/>
        <line num="273" count="0" type="stmt"/>
        <line num="274" count="0" type="stmt"/>
        <line num="275" count="0" type="stmt"/>
        <line num="276" count="0" type="cond" truecount="0" falsecount="1"/>
        <line num="277" count="0" type="stmt"/>
        <line num="279" count="0" type="cond" truecount="0" falsecount="1"/>
        <line num="280" count="0" type="stmt"/>
        <line num="282" count="0" type="stmt"/>
        <line num="284" count="0" type="stmt"/>
        <line num="287" count="0" type="stmt"/>
        <line num="288" count="0" type="stmt"/>
        <line num="290" count="0" type="cond" truecount="0" falsecount="1"/>
        <line num="291" count="0" type="stmt"/>
        <line num="293" count="0" type="stmt"/>
        <line num="295" count="0" type="stmt"/>
        <line num="298" count="0" type="stmt"/>
        <line num="300" count="0" type="cond" truecount="0" falsecount="1"/>
        <line num="301" count="0" type="stmt"/>
        <line num="304" count="0" type="stmt"/>
        <line num="306" count="0" type="stmt"/>
        <line num="309" count="0" type="stmt"/>
        <line num="315" count="0" type="cond" truecount="0" falsecount="1"/>
        <line num="316" count="0" type="stmt"/>
        <line num="323" count="0" type="stmt"/>
        <line num="325" count="0" type="stmt"/>
        <line num="327" count="0" type="cond" truecount="0" falsecount="1"/>
        <line num="328" count="0" type="stmt"/>
        <line num="330" count="0" type="cond" truecount="0" falsecount="1"/>
        <line num="331" count="0" type="stmt"/>
        <line num="338" count="0" type="stmt"/>
        <line num="340" count="0" type="cond" truecount="0" falsecount="1"/>
        <line num="341" count="0" type="stmt"/>
        <line num="347" count="0" type="stmt"/>
        <line num="350" count="0" type="stmt"/>
        <line num="357" count="0" type="cond" truecount="0" falsecount="1"/>
        <line num="358" count="0" type="stmt"/>
        <line num="361" count="0" type="cond" truecount="0" falsecount="1"/>
        <line num="362" count="0" type="stmt"/>
        <line num="367" count="0" type="stmt"/>
        <line num="369" count="0" type="stmt"/>
        <line num="376" count="0" type="stmt"/>
        <line num="384" count="0" type="stmt"/>
        <line num="385" count="0" type="cond" truecount="0" falsecount="1"/>
        <line num="386" count="0" type="stmt"/>
        <line num="391" count="0" type="stmt"/>
        <line num="396" count="0" type="stmt"/>
        <line num="397" count="0" type="stmt"/>
        <line num="398" count="0" type="stmt"/>
        <line num="401" count="0" type="stmt"/>
        <line num="404" count="0" type="stmt"/>
        <line num="405" count="0" type="stmt"/>
        <line num="407" count="0" type="stmt"/>
        <line num="408" count="0" type="stmt"/>
        <line num="410" count="0" type="cond" truecount="0" falsecount="1"/>
        <line num="411" count="0" type="stmt"/>
        <line num="417" count="0" type="stmt"/>
        <line num="419" count="0" type="cond" truecount="0" falsecount="1"/>
        <line num="420" count="0" type="cond" truecount="0" falsecount="1"/>
        <line num="421" count="0" type="stmt"/>
        <line num="427" count="0" type="stmt"/>
        <line num="429" count="0" type="stmt"/>
        <line num="433" count="0" type="stmt"/>
        <line num="436" count="0" type="stmt"/>
        <line num="437" count="0" type="stmt"/>
        <line num="439" count="0" type="stmt"/>
        <line num="440" count="0" type="stmt"/>
        <line num="442" count="0" type="stmt"/>
        <line num="445" count="0" type="stmt"/>
        <line num="446" count="0" type="cond" truecount="0" falsecount="4"/>
        <line num="447" count="0" type="stmt"/>
        <line num="449" count="0" type="stmt"/>
      </file>
      <file name="universal-write-to-file.ts" path="/Users/kushanjoshi/code/bangle-io-2/packages/js-lib/baby-fs/universal-write-to-file.ts">
        <metrics statements="39" coveredstatements="2" conditionals="16" coveredconditionals="1" methods="4" coveredmethods="0"/>
        <line num="4" count="1" type="stmt"/>
        <line num="7" count="1" type="cond" truecount="1" falsecount="1"/>
        <line num="16" count="0" type="stmt"/>
        <line num="21" count="0" type="cond" truecount="0" falsecount="3"/>
        <line num="22" count="0" type="stmt"/>
        <line num="25" count="0" type="cond" truecount="0" falsecount="1"/>
        <line num="27" count="0" type="stmt"/>
        <line num="29" count="0" type="stmt"/>
        <line num="31" count="0" type="stmt"/>
        <line num="33" count="0" type="stmt"/>
        <line num="37" count="0" type="cond" truecount="0" falsecount="1"/>
        <line num="39" count="0" type="stmt"/>
        <line num="44" count="0" type="stmt"/>
        <line num="47" count="0" type="stmt"/>
        <line num="49" count="0" type="stmt"/>
        <line num="54" count="0" type="cond" truecount="0" falsecount="1"/>
        <line num="62" count="0" type="stmt"/>
        <line num="63" count="0" type="stmt"/>
        <line num="65" count="0" type="cond" truecount="0" falsecount="2"/>
        <line num="66" count="0" type="stmt"/>
        <line num="68" count="0" type="stmt"/>
        <line num="71" count="0" type="stmt"/>
        <line num="74" count="0" type="stmt"/>
        <line num="78" count="0" type="stmt"/>
        <line num="80" count="0" type="stmt"/>
        <line num="82" count="0" type="stmt"/>
        <line num="83" count="0" type="stmt"/>
        <line num="85" count="0" type="cond" truecount="0" falsecount="1"/>
        <line num="86" count="0" type="stmt"/>
        <line num="90" count="0" type="stmt"/>
        <line num="94" count="0" type="cond" truecount="0" falsecount="1"/>
        <line num="95" count="0" type="stmt"/>
        <line num="98" count="0" type="stmt"/>
        <line num="99" count="0" type="stmt"/>
        <line num="101" count="0" type="stmt"/>
        <line num="104" count="0" type="stmt"/>
        <line num="105" count="0" type="stmt"/>
        <line num="106" count="0" type="stmt"/>
        <line num="110" count="0" type="stmt"/>
      </file>
      <file name="worker-glue-code.ts" path="/Users/kushanjoshi/code/bangle-io-2/packages/js-lib/baby-fs/worker-glue-code.ts">
        <metrics statements="23" coveredstatements="17" conditionals="6" coveredconditionals="3" methods="8" coveredmethods="6"/>
        <line num="1" count="1" type="stmt"/>
        <line num="5" count="1" type="stmt"/>
        <line num="29" count="1" type="stmt"/>
        <line num="32" count="1" type="stmt"/>
        <line num="34" count="1" type="stmt"/>
        <line num="35" count="1" type="stmt"/>
        <line num="36" count="1" type="stmt"/>
        <line num="37" count="1" type="stmt"/>
        <line num="39" count="1" type="cond" truecount="1" falsecount="1"/>
        <line num="40" count="1" type="stmt"/>
        <line num="42" count="0" type="stmt"/>
        <line num="49" count="1" type="stmt"/>
        <line num="50" count="0" type="stmt"/>
        <line num="51" count="0" type="stmt"/>
        <line num="55" count="1" type="stmt"/>
        <line num="57" count="1" type="stmt"/>
        <line num="58" count="1" type="cond" truecount="1" falsecount="0"/>
        <line num="59" count="1" type="stmt"/>
        <line num="63" count="1" type="stmt"/>
        <line num="66" count="1" type="stmt"/>
        <line num="67" count="0" type="stmt"/>
        <line num="68" count="0" type="stmt"/>
        <line num="69" count="0" type="stmt"/>
      </file>
    </package>
    <package name="js-lib.base-error">
      <metrics statements="23" coveredstatements="19" conditionals="13" coveredconditionals="7" methods="3" coveredmethods="3"/>
      <file name="index.ts" path="/Users/kushanjoshi/code/bangle-io-2/packages/js-lib/base-error/index.ts">
        <metrics statements="23" coveredstatements="19" conditionals="13" coveredconditionals="7" methods="3" coveredmethods="3"/>
        <line num="1" count="13" type="stmt"/>
        <line num="3" count="1" type="stmt"/>
        <line num="9" count="1" type="stmt"/>
        <line num="11" count="1" type="cond" truecount="1" falsecount="0"/>
        <line num="12" count="1" type="stmt"/>
        <line num="15" count="1" type="stmt"/>
        <line num="37" count="16" type="stmt"/>
        <line num="41" count="16" type="cond" truecount="1" falsecount="1"/>
        <line num="42" count="16" type="stmt"/>
        <line num="44" count="0" type="stmt"/>
        <line num="46" count="0" type="cond" truecount="0" falsecount="1"/>
        <line num="47" count="0" type="stmt"/>
        <line num="52" count="16" type="stmt"/>
        <line num="54" count="16" type="cond" truecount="1" falsecount="1"/>
        <line num="55" count="16" type="stmt"/>
        <line num="57" count="0" type="stmt"/>
        <line num="60" count="16" type="stmt"/>
        <line num="62" count="16" type="cond" truecount="1" falsecount="0"/>
        <line num="63" count="12" type="stmt"/>
        <line num="65" count="16" type="stmt"/>
        <line num="69" count="1" type="stmt"/>
        <line num="71" count="1" type="stmt"/>
        <line num="73" count="1" type="stmt"/>
      </file>
    </package>
    <package name="js-lib.browser">
      <metrics statements="53" coveredstatements="30" conditionals="40" coveredconditionals="18" methods="2" coveredmethods="2"/>
      <file name="index.ts" path="/Users/kushanjoshi/code/bangle-io-2/packages/js-lib/browser/index.ts">
        <metrics statements="53" coveredstatements="30" conditionals="40" coveredconditionals="18" methods="2" coveredmethods="2"/>
        <line num="1" count="6" type="stmt"/>
        <line num="2" count="6" type="cond" truecount="0" falsecount="1"/>
        <line num="3" count="0" type="stmt"/>
        <line num="6" count="6" type="stmt"/>
        <line num="15" count="6" type="cond" truecount="1" falsecount="1"/>
        <line num="16" count="0" type="stmt"/>
        <line num="17" count="0" type="stmt"/>
        <line num="18" count="6" type="cond" truecount="1" falsecount="1"/>
        <line num="20" count="0" type="stmt"/>
        <line num="22" count="0" type="cond" truecount="0" falsecount="2"/>
        <line num="23" count="0" type="stmt"/>
        <line num="25" count="0" type="stmt"/>
        <line num="27" count="6" type="cond" truecount="1" falsecount="1"/>
        <line num="29" count="0" type="stmt"/>
        <line num="30" count="0" type="stmt"/>
        <line num="31" count="6" type="cond" truecount="1" falsecount="1"/>
        <line num="33" count="0" type="stmt"/>
        <line num="34" count="0" type="stmt"/>
        <line num="35" count="6" type="cond" truecount="1" falsecount="1"/>
        <line num="37" count="0" type="stmt"/>
        <line num="39" count="0" type="cond" truecount="0" falsecount="2"/>
        <line num="40" count="0" type="stmt"/>
        <line num="42" count="0" type="stmt"/>
        <line num="44" count="6" type="cond" truecount="1" falsecount="1"/>
        <line num="46" count="0" type="stmt"/>
        <line num="47" count="0" type="stmt"/>
        <line num="48" count="6" type="cond" truecount="1" falsecount="1"/>
        <line num="53" count="6" type="stmt"/>
        <line num="54" count="6" type="stmt"/>
        <line num="56" count="6" type="cond" truecount="0" falsecount="1"/>
        <line num="57" count="0" type="stmt"/>
        <line num="60" count="0" type="stmt"/>
        <line num="61" count="0" type="stmt"/>
        <line num="64" count="6" type="cond" truecount="0" falsecount="1"/>
        <line num="65" count="0" type="stmt"/>
        <line num="67" count="6" type="cond" truecount="0" falsecount="1"/>
        <line num="68" count="0" type="stmt"/>
        <line num="71" count="6" type="stmt"/>
        <line num="74" count="6" type="stmt"/>
        <line num="76" count="6" type="stmt"/>
        <line num="77" count="6" type="stmt"/>
        <line num="78" count="6" type="stmt"/>
        <line num="82" count="18" type="cond" truecount="1" falsecount="1"/>
        <line num="91" count="18" type="cond" truecount="1" falsecount="0"/>
        <line num="93" count="18" type="cond" truecount="2" falsecount="0"/>
        <line num="95" count="18" type="stmt"/>
        <line num="98" count="0" type="stmt"/>
        <line num="102" count="6" type="cond" truecount="1" falsecount="1"/>
        <line num="106" count="6" type="stmt"/>
        <line num="108" count="6" type="stmt"/>
        <line num="111" count="6" type="cond" truecount="2" falsecount="1"/>
        <line num="115" count="6" type="cond" truecount="2" falsecount="0"/>
        <line num="117" count="6" type="cond" truecount="2" falsecount="0"/>
      </file>
    </package>
    <package name="js-lib.db-key-val">
      <metrics statements="77" coveredstatements="12" conditionals="12" coveredconditionals="0" methods="14" coveredmethods="5"/>
      <file name="index.ts" path="/Users/kushanjoshi/code/bangle-io-2/packages/js-lib/db-key-val/index.ts">
        <metrics statements="77" coveredstatements="12" conditionals="12" coveredconditionals="0" methods="14" coveredmethods="5"/>
        <line num="3" count="4" type="stmt"/>
        <line num="9" count="38" type="stmt"/>
        <line num="10" count="38" type="stmt"/>
        <line num="23" count="0" type="stmt"/>
        <line num="25" count="6" type="stmt"/>
        <line num="26" count="6" type="stmt"/>
        <line num="27" count="6" type="stmt"/>
        <line num="31" count="0" type="stmt"/>
        <line num="32" count="0" type="stmt"/>
        <line num="33" count="0" type="stmt"/>
        <line num="35" count="0" type="stmt"/>
        <line num="37" count="0" type="stmt"/>
        <line num="38" count="0" type="stmt"/>
        <line num="41" count="0" type="stmt"/>
        <line num="42" count="0" type="stmt"/>
        <line num="49" count="0" type="stmt"/>
        <line num="50" count="0" type="stmt"/>
        <line num="51" count="0" type="stmt"/>
        <line num="53" count="0" type="stmt"/>
        <line num="54" count="0" type="stmt"/>
        <line num="56" count="0" type="stmt"/>
        <line num="57" count="0" type="stmt"/>
        <line num="59" count="0" type="cond" truecount="0" falsecount="2"/>
        <line num="60" count="0" type="stmt"/>
        <line num="62" count="0" type="stmt"/>
        <line num="66" count="0" type="stmt"/>
        <line num="67" count="0" type="stmt"/>
        <line num="69" count="0" type="stmt"/>
        <line num="79" count="0" type="stmt"/>
        <line num="80" count="0" type="stmt"/>
        <line num="81" count="0" type="stmt"/>
        <line num="83" count="0" type="stmt"/>
        <line num="84" count="0" type="stmt"/>
        <line num="86" count="0" type="stmt"/>
        <line num="87" count="0" type="stmt"/>
        <line num="89" count="0" type="cond" truecount="0" falsecount="2"/>
        <line num="90" count="0" type="stmt"/>
        <line num="92" count="0" type="stmt"/>
        <line num="94" count="0" type="stmt"/>
        <line num="98" count="0" type="stmt"/>
        <line num="99" count="0" type="stmt"/>
        <line num="101" count="0" type="stmt"/>
        <line num="107" count="0" type="stmt"/>
        <line num="109" count="0" type="stmt"/>
        <line num="113" count="0" type="stmt"/>
        <line num="115" count="0" type="stmt"/>
        <line num="119" count="0" type="stmt"/>
        <line num="123" count="6" type="stmt"/>
        <line num="125" count="6" type="stmt"/>
        <line num="127" count="6" type="stmt"/>
        <line num="128" count="4" type="stmt"/>
        <line num="133" count="0" type="stmt"/>
        <line num="137" count="0" type="stmt"/>
        <line num="139" count="0" type="stmt"/>
        <line num="141" count="0" type="stmt"/>
        <line num="153" count="0" type="stmt"/>
        <line num="154" count="0" type="stmt"/>
        <line num="155" count="0" type="stmt"/>
        <line num="157" count="0" type="stmt"/>
        <line num="159" count="0" type="cond" truecount="0" falsecount="2"/>
        <line num="160" count="0" type="stmt"/>
        <line num="162" count="0" type="stmt"/>
        <line num="164" count="0" type="stmt"/>
        <line num="166" count="0" type="stmt"/>
        <line num="168" count="0" type="stmt"/>
        <line num="177" count="0" type="stmt"/>
        <line num="178" count="0" type="stmt"/>
        <line num="179" count="0" type="stmt"/>
        <line num="181" count="0" type="stmt"/>
        <line num="183" count="0" type="cond" truecount="0" falsecount="2"/>
        <line num="184" count="0" type="stmt"/>
        <line num="186" count="0" type="stmt"/>
        <line num="188" count="0" type="stmt"/>
        <line num="190" count="0" type="stmt"/>
        <line num="192" count="0" type="stmt"/>
        <line num="209" count="6" type="stmt"/>
        <line num="217" count="6" type="stmt"/>
      </file>
    </package>
    <package name="js-lib.emitter">
      <metrics statements="38" coveredstatements="38" conditionals="7" coveredconditionals="7" methods="13" coveredmethods="11"/>
      <file name="index.ts" path="/Users/kushanjoshi/code/bangle-io-2/packages/js-lib/emitter/index.ts">
        <metrics statements="38" coveredstatements="38" conditionals="7" coveredconditionals="7" methods="13" coveredmethods="11"/>
        <line num="20" count="44" type="stmt"/>
        <line num="28" count="25" type="stmt"/>
        <line num="29" count="25" type="stmt"/>
        <line num="32" count="44" type="stmt"/>
        <line num="33" count="44" type="stmt"/>
        <line num="34" count="44" type="stmt"/>
        <line num="37" count="44" type="cond" truecount="1" falsecount="0"/>
        <line num="44" count="24" type="stmt"/>
        <line num="45" count="24" type="stmt"/>
        <line num="46" count="24" type="stmt"/>
        <line num="50" count="42" type="cond" truecount="1" falsecount="0"/>
        <line num="51" count="7" type="stmt"/>
        <line num="54" count="35" type="stmt"/>
        <line num="55" count="35" type="cond" truecount="1" falsecount="0"/>
        <line num="56" count="17" type="stmt"/>
        <line num="59" count="35" type="stmt"/>
        <line num="64" count="35" type="stmt"/>
        <line num="66" count="35" type="stmt"/>
        <line num="70" count="26" type="cond" truecount="1" falsecount="0"/>
        <line num="71" count="2" type="stmt"/>
        <line num="74" count="24" type="stmt"/>
        <line num="75" count="24" type="stmt"/>
        <line num="76" count="24" type="stmt"/>
        <line num="80" count="29" type="cond" truecount="1" falsecount="0"/>
        <line num="81" count="1" type="stmt"/>
        <line num="84" count="28" type="stmt"/>
        <line num="85" count="28" type="stmt"/>
        <line num="87" count="28" type="cond" truecount="1" falsecount="0"/>
        <line num="88" count="26" type="stmt"/>
        <line num="89" count="26" type="stmt"/>
        <line num="92" count="28" type="stmt"/>
        <line num="93" count="28" type="stmt"/>
        <line num="94" count="1" type="stmt"/>
        <line num="99" count="20" type="cond" truecount="1" falsecount="0"/>
        <line num="100" count="1" type="stmt"/>
        <line num="103" count="19" type="stmt"/>
        <line num="104" count="19" type="stmt"/>
        <line num="105" count="2" type="stmt"/>
      </file>
    </package>
    <package name="js-lib.git-file-sha">
      <metrics statements="33" coveredstatements="14" conditionals="14" coveredconditionals="4" methods="3" coveredmethods="2"/>
      <file name="index.ts" path="/Users/kushanjoshi/code/bangle-io-2/packages/js-lib/git-file-sha/index.ts">
        <metrics statements="33" coveredstatements="14" conditionals="14" coveredconditionals="4" methods="3" coveredmethods="2"/>
        <line num="1" count="1" type="stmt"/>
        <line num="3" count="4" type="stmt"/>
        <line num="5" count="4" type="stmt"/>
        <line num="6" count="4" type="stmt"/>
        <line num="7" count="4" type="stmt"/>
        <line num="10" count="4" type="stmt"/>
        <line num="11" count="4" type="stmt"/>
        <line num="12" count="4" type="stmt"/>
        <line num="13" count="4" type="stmt"/>
        <line num="16" count="4" type="cond" truecount="1" falsecount="1"/>
        <line num="23" count="4" type="stmt"/>
        <line num="25" count="4" type="stmt"/>
        <line num="26" count="80" type="stmt"/>
        <line num="28" count="0" type="cond" truecount="0" falsecount="2"/>
        <line num="30" count="0" type="stmt"/>
        <line num="31" count="0" type="stmt"/>
        <line num="32" count="0" type="stmt"/>
        <line num="34" count="0" type="stmt"/>
        <line num="36" count="0" type="stmt"/>
        <line num="40" count="1" type="stmt"/>
        <line num="42" count="0" type="stmt"/>
        <line num="44" count="0" type="cond" truecount="0" falsecount="2"/>
        <line num="50" count="0" type="stmt"/>
        <line num="51" count="0" type="stmt"/>
        <line num="53" count="0" type="stmt"/>
        <line num="55" count="0" type="stmt"/>
        <line num="56" count="0" type="stmt"/>
        <line num="59" count="0" type="stmt"/>
        <line num="62" count="0" type="cond" truecount="0" falsecount="2"/>
        <line num="63" count="0" type="stmt"/>
        <line num="65" count="0" type="stmt"/>
        <line num="68" count="0" type="stmt"/>
        <line num="70" count="0" type="stmt"/>
      </file>
    </package>
    <package name="js-lib.git-file-sha.__tests__">
      <metrics statements="3" coveredstatements="3" conditionals="0" coveredconditionals="0" methods="1" coveredmethods="1"/>
      <file name="test-helpers.ts" path="/Users/kushanjoshi/code/bangle-io-2/packages/js-lib/git-file-sha/__tests__/test-helpers.ts">
        <metrics statements="3" coveredstatements="3" conditionals="0" coveredconditionals="0" methods="1" coveredmethods="1"/>
        <line num="1" count="1" type="stmt"/>
        <line num="3" count="4" type="stmt"/>
        <line num="4" count="4" type="stmt"/>
      </file>
    </package>
    <package name="js-lib.global-scope-helpers">
      <metrics statements="14" coveredstatements="3" conditionals="14" coveredconditionals="1" methods="5" coveredmethods="1"/>
      <file name="index.ts" path="/Users/kushanjoshi/code/bangle-io-2/packages/js-lib/global-scope-helpers/index.ts">
        <metrics statements="14" coveredstatements="3" conditionals="14" coveredconditionals="1" methods="5" coveredmethods="1"/>
        <line num="1" count="0" type="stmt"/>
        <line num="2" count="0" type="stmt"/>
        <line num="9" count="0" type="stmt"/>
        <line num="10" count="0" type="cond" truecount="0" falsecount="4"/>
        <line num="21" count="0" type="stmt"/>
        <line num="22" count="0" type="stmt"/>
        <line num="28" count="0" type="stmt"/>
        <line num="29" count="0" type="cond" truecount="0" falsecount="1"/>
        <line num="30" count="0" type="stmt"/>
        <line num="32" count="0" type="stmt"/>
        <line num="35" count="1" type="stmt"/>
        <line num="36" count="1" type="cond" truecount="0" falsecount="1"/>
        <line num="41" count="0" type="stmt"/>
        <line num="44" count="1" type="stmt"/>
      </file>
    </package>
    <package name="js-lib.history">
      <metrics statements="86" coveredstatements="83" conditionals="38" coveredconditionals="34" methods="27" coveredmethods="25"/>
      <file name="browser-history.ts" path="/Users/kushanjoshi/code/bangle-io-2/packages/js-lib/history/browser-history.ts">
        <metrics statements="45" coveredstatements="42" conditionals="20" coveredconditionals="18" methods="18" coveredmethods="16"/>
        <line num="2" count="3" type="stmt"/>
        <line num="7" count="3" type="stmt"/>
        <line num="10" count="12" type="stmt"/>
        <line num="11" count="12" type="stmt"/>
        <line num="12" count="132" type="stmt"/>
        <line num="14" count="132" type="cond" truecount="1" falsecount="0"/>
        <line num="15" count="101" type="stmt"/>
        <line num="16" count="101" type="stmt"/>
        <line num="18" count="132" type="stmt"/>
        <line num="22" count="12" type="stmt"/>
        <line num="25" count="12" type="cond" truecount="1" falsecount="1"/>
        <line num="28" count="12" type="cond" truecount="1" falsecount="0"/>
        <line num="29" count="12" type="stmt"/>
        <line num="31" count="12" type="stmt"/>
        <line num="32" count="36" type="stmt"/>
        <line num="34" count="12" type="stmt"/>
        <line num="39" count="16" type="stmt"/>
        <line num="43" count="5" type="stmt"/>
        <line num="47" count="0" type="stmt"/>
        <line num="48" count="0" type="stmt"/>
        <line num="58" count="3" type="stmt"/>
        <line num="59" count="3" type="cond" truecount="1" falsecount="1"/>
        <line num="71" count="132" type="cond" truecount="3" falsecount="0"/>
        <line num="72" count="9" type="stmt"/>
        <line num="77" count="10" type="stmt"/>
        <line num="78" count="10" type="stmt"/>
        <line num="79" count="1" type="stmt"/>
        <line num="86" count="1" type="stmt"/>
        <line num="95" count="4" type="cond" truecount="2" falsecount="0"/>
        <line num="99" count="3" type="stmt"/>
        <line num="100" count="144" type="stmt"/>
        <line num="103" count="3" type="cond" truecount="1" falsecount="0"/>
        <line num="104" count="144" type="cond" truecount="2" falsecount="0"/>
        <line num="106" count="3" type="stmt"/>
        <line num="107" count="288" type="cond" truecount="1" falsecount="0"/>
        <line num="108" count="288" type="stmt"/>
        <line num="110" count="0" type="stmt"/>
        <line num="113" count="3" type="stmt"/>
        <line num="114" count="144" type="stmt"/>
        <line num="115" count="144" type="stmt"/>
        <line num="118" count="144" type="cond" truecount="1" falsecount="0"/>
        <line num="119" count="18" type="stmt"/>
        <line num="122" count="144" type="stmt"/>
        <line num="125" count="3" type="stmt"/>
        <line num="126" count="132" type="cond" truecount="2" falsecount="0"/>
      </file>
      <file name="create-to.ts" path="/Users/kushanjoshi/code/bangle-io-2/packages/js-lib/history/create-to.ts">
        <metrics statements="6" coveredstatements="6" conditionals="7" coveredconditionals="7" methods="1" coveredmethods="1"/>
        <line num="4" count="11" type="stmt"/>
        <line num="5" count="11" type="cond" truecount="1" falsecount="0"/>
        <line num="6" count="1" type="stmt"/>
        <line num="9" count="10" type="cond" truecount="2" falsecount="0"/>
        <line num="11" count="10" type="cond" truecount="2" falsecount="0"/>
        <line num="13" count="10" type="cond" truecount="2" falsecount="0"/>
      </file>
      <file name="index.ts" path="/Users/kushanjoshi/code/bangle-io-2/packages/js-lib/history/index.ts">
        <metrics statements="6" coveredstatements="6" conditionals="0" coveredconditionals="0" methods="0" coveredmethods="0"/>
        <line num="1" count="2" type="stmt"/>
        <line num="3" count="2" type="stmt"/>
        <line num="4" count="2" type="stmt"/>
        <line num="5" count="2" type="stmt"/>
        <line num="6" count="2" type="stmt"/>
        <line num="7" count="2" type="stmt"/>
      </file>
      <file name="memory-history.ts" path="/Users/kushanjoshi/code/bangle-io-2/packages/js-lib/history/memory-history.ts">
        <metrics statements="14" coveredstatements="14" conditionals="8" coveredconditionals="6" methods="7" coveredmethods="7"/>
        <line num="4" count="12" type="stmt"/>
        <line num="9" count="12" type="cond" truecount="0" falsecount="1"/>
        <line num="10" count="12" type="stmt"/>
        <line num="12" count="12" type="stmt"/>
        <line num="19" count="8" type="stmt"/>
        <line num="23" count="10" type="stmt"/>
        <line num="30" count="5" type="stmt"/>
        <line num="31" count="5" type="stmt"/>
        <line num="38" count="5" type="cond" truecount="1" falsecount="0"/>
        <line num="39" count="5" type="stmt"/>
        <line num="40" count="5" type="stmt"/>
        <line num="41" count="5" type="stmt"/>
        <line num="47" count="3" type="stmt"/>
        <line num="48" count="5" type="cond" truecount="1" falsecount="1"/>
      </file>
      <file name="patch-history.ts" path="/Users/kushanjoshi/code/bangle-io-2/packages/js-lib/history/patch-history.ts">
        <metrics statements="15" coveredstatements="15" conditionals="3" coveredconditionals="3" methods="1" coveredmethods="1"/>
        <line num="3" count="3" type="stmt"/>
        <line num="4" count="3" type="stmt"/>
        <line num="5" count="3" type="stmt"/>
        <line num="7" count="12" type="stmt"/>
        <line num="14" count="3" type="stmt"/>
        <line num="16" count="3" type="cond" truecount="3" falsecount="0"/>
        <line num="17" count="3" type="stmt"/>
        <line num="19" count="3" type="stmt"/>
        <line num="20" count="6" type="stmt"/>
        <line num="22" count="6" type="stmt"/>
        <line num="23" count="26" type="stmt"/>
        <line num="24" count="26" type="stmt"/>
        <line num="25" count="26" type="stmt"/>
        <line num="27" count="26" type="stmt"/>
        <line num="29" count="26" type="stmt"/>
      </file>
    </package>
    <package name="js-lib.is-abort-error">
      <metrics statements="9" coveredstatements="6" conditionals="7" coveredconditionals="3" methods="1" coveredmethods="1"/>
      <file name="index.ts" path="/Users/kushanjoshi/code/bangle-io-2/packages/js-lib/is-abort-error/index.ts">
        <metrics statements="9" coveredstatements="6" conditionals="7" coveredconditionals="3" methods="1" coveredmethods="1"/>
        <line num="1" count="14" type="stmt"/>
        <line num="2" count="14" type="stmt"/>
        <line num="3" count="14" type="stmt"/>
        <line num="5" count="4" type="stmt"/>
        <line num="6" count="4" type="cond" truecount="3" falsecount="0"/>
        <line num="7" count="4" type="stmt"/>
        <line num="11" count="0" type="cond" truecount="0" falsecount="1"/>
        <line num="20" count="0" type="stmt"/>
        <line num="23" count="0" type="stmt"/>
      </file>
    </package>
    <package name="js-lib.logger">
      <metrics statements="17" coveredstatements="15" conditionals="7" coveredconditionals="6" methods="11" coveredmethods="9"/>
      <file name="index.ts" path="/Users/kushanjoshi/code/bangle-io-2/packages/js-lib/logger/index.ts">
        <metrics statements="17" coveredstatements="15" conditionals="7" coveredconditionals="6" methods="11" coveredmethods="9"/>
        <line num="3" count="7" type="stmt"/>
        <line num="5" count="11" type="stmt"/>
        <line num="6" count="11" type="stmt"/>
        <line num="9" count="11" type="stmt"/>
        <line num="10" count="11" type="stmt"/>
        <line num="13" count="17" type="stmt"/>
        <line num="15" count="17" type="stmt"/>
        <line num="18" count="16" type="cond" truecount="2" falsecount="0"/>
        <line num="22" count="17" type="stmt"/>
        <line num="26" count="16" type="cond" truecount="3" falsecount="0"/>
        <line num="27" count="7" type="stmt"/>
        <line num="32" count="6" type="stmt"/>
        <line num="36" count="6" type="stmt"/>
        <line num="40" count="4" type="stmt"/>
        <line num="44" count="0" type="stmt"/>
        <line num="48" count="0" type="stmt"/>
        <line num="52" count="13" type="stmt"/>
      </file>
    </package>
    <package name="js-lib.mini-js-utils">
      <metrics statements="70" coveredstatements="53" conditionals="23" coveredconditionals="19" methods="21" coveredmethods="16"/>
      <file name="create-empty-array.ts" path="/Users/kushanjoshi/code/bangle-io-2/packages/js-lib/mini-js-utils/create-empty-array.ts">
        <metrics statements="3" coveredstatements="3" conditionals="0" coveredconditionals="0" methods="2" coveredmethods="2"/>
        <line num="1" count="101" type="stmt"/>
        <line num="2" count="101" type="stmt"/>
        <line num="3" count="404" type="stmt"/>
      </file>
      <file name="duo-weak-map.ts" path="/Users/kushanjoshi/code/bangle-io-2/packages/js-lib/mini-js-utils/duo-weak-map.ts">
        <metrics statements="12" coveredstatements="12" conditionals="2" coveredconditionals="2" methods="3" coveredmethods="3"/>
        <line num="4" count="2" type="stmt"/>
[...]
        <line num="163" count="1" type="cond" truecount="1" falsecount="0"/>
        <line num="164" count="1" type="stmt"/>
        <line num="167" count="0" type="stmt"/>
        <line num="172" count="11" type="stmt"/>
        <line num="173" count="11" type="stmt"/>
        <line num="174" count="17" type="cond" truecount="1" falsecount="0"/>
        <line num="175" count="17" type="stmt"/>
        <line num="179" count="11" type="stmt"/>
        <line num="184" count="3" type="stmt"/>
        <line num="185" count="12" type="stmt"/>
        <line num="194" count="3" type="cond" truecount="1" falsecount="0"/>
        <line num="195" count="3" type="stmt"/>
        <line num="198" count="0" type="stmt"/>
        <line num="205" count="11" type="stmt"/>
        <line num="206" count="17" type="stmt"/>
        <line num="212" count="1" type="stmt"/>
        <line num="217" count="16" type="cond" truecount="2" falsecount="0"/>
        <line num="223" count="5" type="stmt"/>
        <line num="225" count="5" type="cond" truecount="3" falsecount="0"/>
        <line num="226" count="2" type="stmt"/>
        <line num="231" count="3" type="stmt"/>
        <line num="235" count="0" type="stmt"/>
        <line num="238" count="0" type="cond" truecount="0" falsecount="1"/>
        <line num="239" count="0" type="stmt"/>
        <line num="242" count="0" type="stmt"/>
        <line num="246" count="20" type="stmt"/>
        <line num="249" count="19" type="cond" truecount="1" falsecount="0"/>
        <line num="250" count="2" type="stmt"/>
        <line num="253" count="17" type="stmt"/>
        <line num="257" count="19" type="cond" truecount="1" falsecount="0"/>
        <line num="258" count="1" type="stmt"/>
        <line num="261" count="18" type="stmt"/>
        <line num="262" count="18" type="stmt"/>
        <line num="264" count="18" type="stmt"/>
        <line num="272" count="9" type="stmt"/>
        <line num="274" count="9" type="stmt"/>
        <line num="275" count="11" type="cond" truecount="1" falsecount="0"/>
        <line num="276" count="8" type="stmt"/>
        <line num="280" count="9" type="stmt"/>
        <line num="284" count="1" type="stmt"/>
        <line num="288" count="1" type="stmt"/>
        <line num="292" count="3" type="stmt"/>
        <line num="296" count="3" type="stmt"/>
      </file>
    </package>
    <package name="shared.config">
      <metrics statements="53" coveredstatements="39" conditionals="30" coveredconditionals="9" methods="3" coveredmethods="3"/>
      <file name="compile-config.ts" path="/Users/kushanjoshi/code/bangle-io-2/packages/shared/config/compile-config.ts">
        <metrics statements="29" coveredstatements="19" conditionals="11" coveredconditionals="3" methods="2" coveredmethods="2"/>
        <line num="2" count="8" type="stmt"/>
        <line num="4" count="8" type="stmt"/>
        <line num="7" count="8" type="stmt"/>
        <line num="9" count="8" type="stmt"/>
        <line num="11" count="8" type="cond" truecount="0" falsecount="1"/>
        <line num="12" count="0" type="stmt"/>
        <line num="15" count="8" type="stmt"/>
        <line num="17" count="8" type="stmt"/>
        <line num="19" count="8" type="stmt"/>
        <line num="22" count="8" type="cond" truecount="1" falsecount="1"/>
        <line num="24" count="0" type="cond" truecount="0" falsecount="1"/>
        <line num="25" count="0" type="stmt"/>
        <line num="26" count="0" type="stmt"/>
        <line num="27" count="0" type="cond" truecount="0" falsecount="2"/>
        <line num="28" count="0" type="stmt"/>
        <line num="33" count="8" type="stmt"/>
        <line num="36" count="8" type="cond" truecount="1" falsecount="1"/>
        <line num="37" count="8" type="stmt"/>
        <line num="39" count="0" type="stmt"/>
        <line num="42" count="8" type="cond" truecount="0" falsecount="1"/>
        <line num="43" count="0" type="stmt"/>
        <line num="46" count="8" type="cond" truecount="0" falsecount="1"/>
        <line num="47" count="0" type="stmt"/>
        <line num="50" count="8" type="stmt"/>
        <line num="54" count="8" type="stmt"/>
        <line num="57" count="8" type="stmt"/>
        <line num="59" count="8" type="cond" truecount="1" falsecount="0"/>
        <line num="62" count="8" type="stmt"/>
        <line num="65" count="0" type="stmt"/>
      </file>
      <file name="index.ts" path="/Users/kushanjoshi/code/bangle-io-2/packages/shared/config/index.ts">
        <metrics statements="24" coveredstatements="20" conditionals="19" coveredconditionals="6" methods="1" coveredmethods="1"/>
        <line num="1" count="8" type="stmt"/>
        <line num="3" count="8" type="stmt"/>
        <line num="8" count="8" type="stmt"/>
        <line num="9" count="8" type="stmt"/>
        <line num="10" count="8" type="stmt"/>
        <line num="11" count="8" type="stmt"/>
        <line num="15" count="8" type="cond" truecount="1" falsecount="1"/>
        <line num="17" count="8" type="stmt"/>
        <line num="18" count="8" type="stmt"/>
        <line num="19" count="8" type="stmt"/>
        <line num="20" count="8" type="stmt"/>
        <line num="21" count="8" type="stmt"/>
        <line num="22" count="8" type="stmt"/>
        <line num="23" count="0" type="stmt"/>
        <line num="24" count="8" type="cond" truecount="1" falsecount="1"/>
        <line num="29" count="13" type="stmt"/>
        <line num="30" count="8" type="cond" truecount="1" falsecount="1"/>
        <line num="32" count="8" type="stmt"/>
        <line num="42" count="8" type="cond" truecount="0" falsecount="1"/>
        <line num="43" count="0" type="stmt"/>
        <line num="45" count="0" type="stmt"/>
        <line num="54" count="8" type="cond" truecount="1" falsecount="2"/>
        <line num="55" count="0" type="stmt"/>
        <line num="59" count="8" type="stmt"/>
      </file>
    </package>
    <package name="shared.constants">
      <metrics statements="35" coveredstatements="34" conditionals="8" coveredconditionals="8" methods="4" coveredmethods="4"/>
      <file name="debug-flags.ts" path="/Users/kushanjoshi/code/bangle-io-2/packages/shared/constants/debug-flags.ts">
        <metrics statements="1" coveredstatements="1" conditionals="0" coveredconditionals="0" methods="0" coveredmethods="0"/>
        <line num="5" count="13" type="stmt"/>
      </file>
      <file name="editor.ts" path="/Users/kushanjoshi/code/bangle-io-2/packages/shared/constants/editor.ts">
        <metrics statements="3" coveredstatements="3" conditionals="4" coveredconditionals="4" methods="2" coveredmethods="2"/>
        <line num="1" count="206" type="stmt"/>
        <line num="3" count="13" type="cond" truecount="2" falsecount="0"/>
        <line num="10" count="13" type="cond" truecount="2" falsecount="0"/>
      </file>
      <file name="eternal-vars.ts" path="/Users/kushanjoshi/code/bangle-io-2/packages/shared/constants/eternal-vars.ts">
        <metrics statements="1" coveredstatements="1" conditionals="2" coveredconditionals="2" methods="1" coveredmethods="1"/>
        <line num="1" count="13" type="cond" truecount="2" falsecount="0"/>
      </file>
      <file name="help-fs.ts" path="/Users/kushanjoshi/code/bangle-io-2/packages/shared/constants/help-fs.ts">
        <metrics statements="4" coveredstatements="4" conditionals="0" coveredconditionals="0" methods="0" coveredmethods="0"/>
        <line num="1" count="13" type="stmt"/>
        <line num="2" count="13" type="stmt"/>
        <line num="3" count="13" type="stmt"/>
        <line num="4" count="13" type="stmt"/>
      </file>
      <file name="index.ts" path="/Users/kushanjoshi/code/bangle-io-2/packages/shared/constants/index.ts">
        <metrics statements="13" coveredstatements="13" conditionals="0" coveredconditionals="0" methods="0" coveredmethods="0"/>
        <line num="3" count="13" type="stmt"/>
        <line num="4" count="13" type="stmt"/>
        <line num="5" count="13" type="stmt"/>
        <line num="6" count="13" type="stmt"/>
        <line num="7" count="13" type="stmt"/>
        <line num="8" count="13" type="stmt"/>
        <line num="9" count="13" type="stmt"/>
        <line num="10" count="13" type="stmt"/>
        <line num="11" count="13" type="stmt"/>
        <line num="12" count="13" type="stmt"/>
        <line num="13" count="13" type="stmt"/>
        <line num="14" count="13" type="stmt"/>
        <line num="15" count="13" type="stmt"/>
      </file>
      <file name="search.ts" path="/Users/kushanjoshi/code/bangle-io-2/packages/shared/constants/search.ts">
        <metrics statements="2" coveredstatements="1" conditionals="0" coveredconditionals="0" methods="0" coveredmethods="0"/>
        <line num="1" count="0" type="stmt"/>
        <line num="2" count="13" type="stmt"/>
      </file>
      <file name="ui.ts" path="/Users/kushanjoshi/code/bangle-io-2/packages/shared/constants/ui.ts">
        <metrics statements="6" coveredstatements="6" conditionals="0" coveredconditionals="0" methods="0" coveredmethods="0"/>
        <line num="2" count="13" type="stmt"/>
        <line num="5" count="13" type="stmt"/>
        <line num="15" count="13" type="stmt"/>
        <line num="39" count="13" type="stmt"/>
        <line num="40" count="13" type="stmt"/>
        <line num="41" count="15" type="stmt"/>
      </file>
      <file name="worker-sync.ts" path="/Users/kushanjoshi/code/bangle-io-2/packages/shared/constants/worker-sync.ts">
        <metrics statements="1" coveredstatements="1" conditionals="0" coveredconditionals="0" methods="0" coveredmethods="0"/>
        <line num="3" count="13" type="stmt"/>
      </file>
      <file name="worker.ts" path="/Users/kushanjoshi/code/bangle-io-2/packages/shared/constants/worker.ts">
        <metrics statements="1" coveredstatements="1" conditionals="0" coveredconditionals="0" methods="0" coveredmethods="0"/>
        <line num="1" count="13" type="stmt"/>
      </file>
      <file name="workspace.ts" path="/Users/kushanjoshi/code/bangle-io-2/packages/shared/constants/workspace.ts">
        <metrics statements="2" coveredstatements="2" conditionals="2" coveredconditionals="2" methods="1" coveredmethods="1"/>
        <line num="1" count="13" type="cond" truecount="2" falsecount="0"/>
        <line num="12" count="13" type="stmt"/>
      </file>
      <file name="write-disk.ts" path="/Users/kushanjoshi/code/bangle-io-2/packages/shared/constants/write-disk.ts">
        <metrics statements="1" coveredstatements="1" conditionals="0" coveredconditionals="0" methods="0" coveredmethods="0"/>
        <line num="1" count="13" type="stmt"/>
      </file>
    </package>
    <package name="shared.constants.core">
      <metrics statements="51" coveredstatements="26" conditionals="2" coveredconditionals="2" methods="1" coveredmethods="1"/>
      <file name="core-dialogs.ts" path="/Users/kushanjoshi/code/bangle-io-2/packages/shared/constants/core/core-dialogs.ts">
        <metrics statements="18" coveredstatements="9" conditionals="0" coveredconditionals="0" methods="0" coveredmethods="0"/>
        <line num="1" count="0" type="stmt"/>
        <line num="2" count="13" type="stmt"/>
        <line num="4" count="0" type="stmt"/>
        <line num="5" count="13" type="stmt"/>
        <line num="7" count="0" type="stmt"/>
        <line num="8" count="13" type="stmt"/>
        <line num="10" count="0" type="stmt"/>
        <line num="11" count="13" type="stmt"/>
        <line num="13" count="0" type="stmt"/>
        <line num="14" count="13" type="stmt"/>
        <line num="16" count="0" type="stmt"/>
        <line num="17" count="13" type="stmt"/>
        <line num="19" count="0" type="stmt"/>
        <line num="20" count="13" type="stmt"/>
        <line num="22" count="0" type="stmt"/>
        <line num="23" count="13" type="stmt"/>
        <line num="25" count="0" type="stmt"/>
        <line num="26" count="13" type="stmt"/>
      </file>
      <file name="core-operations.ts" path="/Users/kushanjoshi/code/bangle-io-2/packages/shared/constants/core/core-operations.ts">
        <metrics statements="26" coveredstatements="13" conditionals="0" coveredconditionals="0" methods="0" coveredmethods="0"/>
        <line num="1" count="0" type="stmt"/>
        <line num="2" count="13" type="stmt"/>
        <line num="4" count="0" type="stmt"/>
        <line num="5" count="13" type="stmt"/>
        <line num="7" count="0" type="stmt"/>
        <line num="8" count="13" type="stmt"/>
        <line num="10" count="0" type="stmt"/>
        <line num="11" count="13" type="stmt"/>
        <line num="13" count="0" type="stmt"/>
        <line num="14" count="13" type="stmt"/>
        <line num="16" count="0" type="stmt"/>
        <line num="17" count="13" type="stmt"/>
        <line num="19" count="0" type="stmt"/>
        <line num="20" count="13" type="stmt"/>
        <line num="22" count="0" type="stmt"/>
        <line num="23" count="13" type="stmt"/>
        <line num="25" count="0" type="stmt"/>
        <line num="26" count="13" type="stmt"/>
        <line num="28" count="0" type="stmt"/>
        <line num="29" count="13" type="stmt"/>
        <line num="30" count="0" type="stmt"/>
        <line num="31" count="13" type="stmt"/>
        <line num="32" count="0" type="stmt"/>
        <line num="33" count="13" type="stmt"/>
        <line num="35" count="0" type="stmt"/>
        <line num="36" count="13" type="stmt"/>
      </file>
      <file name="core-palettes.ts" path="/Users/kushanjoshi/code/bangle-io-2/packages/shared/constants/core/core-palettes.ts">
        <metrics statements="7" coveredstatements="4" conditionals="2" coveredconditionals="2" methods="1" coveredmethods="1"/>
        <line num="1" count="0" type="stmt"/>
        <line num="2" count="13" type="stmt"/>
        <line num="4" count="0" type="stmt"/>
        <line num="5" count="13" type="stmt"/>
        <line num="7" count="0" type="stmt"/>
        <line num="8" count="13" type="stmt"/>
        <line num="10" count="13" type="cond" truecount="2" falsecount="0"/>
      </file>
    </package>
    <package name="shared.css-vars">
      <metrics statements="37" coveredstatements="34" conditionals="16" coveredconditionals="11" methods="8" coveredmethods="8"/>
      <file name="index.ts" path="/Users/kushanjoshi/code/bangle-io-2/packages/shared/css-vars/index.ts">
        <metrics statements="2" coveredstatements="2" conditionals="0" coveredconditionals="0" methods="0" coveredmethods="0"/>
        <line num="1" count="99" type="stmt"/>
        <line num="2" count="5280" type="stmt"/>
      </file>
      <file name="tokens.ts" path="/Users/kushanjoshi/code/bangle-io-2/packages/shared/css-vars/tokens.ts">
        <metrics statements="4" coveredstatements="4" conditionals="0" coveredconditionals="0" methods="1" coveredmethods="1"/>
        <line num="3" count="6" type="stmt"/>
        <line num="6" count="3" type="stmt"/>
        <line num="164" count="18" type="stmt"/>
        <line num="183" count="6" type="stmt"/>
      </file>
      <file name="vars.ts" path="/Users/kushanjoshi/code/bangle-io-2/packages/shared/css-vars/vars.ts">
        <metrics statements="13" coveredstatements="12" conditionals="3" coveredconditionals="2" methods="5" coveredmethods="5"/>
        <line num="1" count="3" type="stmt"/>
        <line num="4" count="35" type="stmt"/>
        <line num="5" count="528" type="stmt"/>
        <line num="7" count="528" type="stmt"/>
        <line num="11" count="3" type="stmt"/>
        <line num="12" count="528" type="stmt"/>
        <line num="15" count="99" type="stmt"/>
        <line num="16" count="1155" type="stmt"/>
        <line num="18" count="1894" type="stmt"/>
        <line num="21" count="1155" type="cond" truecount="1" falsecount="0"/>
        <line num="22" count="1155" type="stmt"/>
        <line num="25" count="0" type="stmt"/>
        <line num="29" count="1894" type="stmt"/>
      </file>
      <file name="walk-object.ts" path="/Users/kushanjoshi/code/bangle-io-2/packages/shared/css-vars/walk-object.ts">
        <metrics statements="18" coveredstatements="16" conditionals="13" coveredconditionals="9" methods="2" coveredmethods="2"/>
        <line num="14" count="69" type="stmt"/>
        <line num="19" count="988" type="stmt"/>
        <line num="21" count="988" type="stmt"/>
        <line num="22" count="7354" type="stmt"/>
        <line num="23" count="7354" type="stmt"/>
        <line num="25" count="7354" type="cond" truecount="2" falsecount="0"/>
        <line num="30" count="6435" type="stmt"/>
        <line num="31" count="919" type="cond" truecount="3" falsecount="1"/>
        <line num="32" count="919" type="stmt"/>
        <line num="34" count="0" type="stmt"/>
        <line num="44" count="988" type="stmt"/>
        <line num="47" count="5280" type="stmt"/>
        <line num="48" count="5280" type="stmt"/>
        <line num="50" count="5280" type="stmt"/>
        <line num="51" count="14220" type="cond" truecount="0" falsecount="1"/>
        <line num="52" count="0" type="stmt"/>
        <line num="54" count="14220" type="stmt"/>
        <line num="57" count="5280" type="stmt"/>
      </file>
    </package>
    <package name="test-utils.test-utils-common">
      <metrics statements="3" coveredstatements="2" conditionals="1" coveredconditionals="0" methods="2" coveredmethods="0"/>
      <file name="index.ts" path="/Users/kushanjoshi/code/bangle-io-2/packages/test-utils/test-utils-common/index.ts">
        <metrics statements="3" coveredstatements="2" conditionals="1" coveredconditionals="0" methods="2" coveredmethods="0"/>
        <line num="1" count="8" type="stmt"/>
        <line num="3" count="3" type="cond" truecount="0" falsecount="1"/>
        <line num="4" count="0" type="stmt"/>
      </file>
    </package>
    <package name="test-utils.test-utils-slice">
      <metrics statements="17" coveredstatements="17" conditionals="7" coveredconditionals="4" methods="5" coveredmethods="5"/>
      <file name="index.ts" path="/Users/kushanjoshi/code/bangle-io-2/packages/test-utils/test-utils-slice/index.ts">
        <metrics statements="1" coveredstatements="1" conditionals="0" coveredconditionals="0" methods="0" coveredmethods="0"/>
        <line num="1" count="5" type="stmt"/>
      </file>
      <file name="slice-tester.ts" path="/Users/kushanjoshi/code/bangle-io-2/packages/test-utils/test-utils-slice/slice-tester.ts">
        <metrics statements="16" coveredstatements="16" conditionals="7" coveredconditionals="4" methods="5" coveredmethods="5"/>
        <line num="1" count="5" type="stmt"/>
        <line num="6" count="5" type="stmt"/>
        <line num="7" count="5" type="stmt"/>
        <line num="9" count="72" type="cond" truecount="0" falsecount="1"/>
        <line num="11" count="24" type="cond" truecount="0" falsecount="1"/>
        <line num="25" count="24" type="stmt"/>
        <line num="26" count="24" type="stmt"/>
        <line num="35" count="24" type="stmt"/>
        <line num="42" count="24" type="stmt"/>
        <line num="45" count="36" type="stmt"/>
        <line num="46" count="36" type="stmt"/>
        <line num="47" count="36" type="stmt"/>
        <line num="48" count="100" type="stmt"/>
        <line num="49" count="100" type="stmt"/>
        <line num="51" count="36" type="stmt"/>
        <line num="53" count="36" type="stmt"/>
      </file>
    </package>
    <package name="tooling.jest-utils">
      <metrics statements="1" coveredstatements="1" conditionals="0" coveredconditionals="0" methods="0" coveredmethods="0"/>
      <file name="styleMock.js" path="/Users/kushanjoshi/code/bangle-io-2/packages/tooling/jest-utils/styleMock.js">
        <metrics statements="1" coveredstatements="1" conditionals="0" coveredconditionals="0" methods="0" coveredmethods="0"/>
        <line num="1" count="3" type="stmt"/>
      </file>
    </package>
  </project>
</coverage>
