{"/Users/kushanjoshi/code/bangle-io-2/packages/app-bundler/app-root/helpers.ts": {"path":"/Users/kushanjoshi/code/bangle-io-2/packages/app-bundler/app-root/helpers.ts","statementMap":{"0":{"start":{"line":6,"column":16},"end":{"line":6,"column":null}},"1":{"start":{"line":1,"column":36},"end":{"line":1,"column":null}},"2":{"start":{"line":4,"column":23},"end":{"line":4,"column":null}},"3":{"start":{"line":9,"column":22},"end":{"line":9,"column":null}},"4":{"start":{"line":11,"column":25},"end":{"line":11,"column":null}},"5":{"start":{"line":13,"column":2},"end":{"line":23,"column":null}},"6":{"start":{"line":15,"column":4},"end":{"line":20,"column":null}},"7":{"start":{"line":16,"column":6},"end":{"line":19,"column":null}},"8":{"start":{"line":22,"column":4},"end":{"line":22,"column":null}},"9":{"start":{"line":25,"column":2},"end":{"line":27,"column":null}}},"fnMap":{"0":{"name":"getDebugFlag","decl":{"start":{"line":6,"column":16},"end":{"line":6,"column":null}},"loc":{"start":{"line":6,"column":16},"end":{"line":28,"column":null}}}},"branchMap":{"0":{"loc":{"start":{"line":15,"column":4},"end":{"line":20,"column":null}},"type":"if","locations":[{"start":{"line":15,"column":4},"end":{"line":20,"column":null}}]}},"s":{"0":1,"1":1,"2":1,"3":1,"4":1,"5":1,"6":1,"7":0,"8":0,"9":1},"f":{"0":1},"b":{"0":[0]}}
,"/Users/kushanjoshi/code/bangle-io-2/packages/app-bundler/app-root/logger.ts": {"path":"/Users/kushanjoshi/code/bangle-io-2/packages/app-bundler/app-root/logger.ts","statementMap":{"0":{"start":{"line":3,"column":13},"end":{"line":3,"column":22}},"1":{"start":{"line":1,"column":23},"end":{"line":1,"column":null}},"2":{"start":{"line":3,"column":22},"end":{"line":3,"column":null}}},"fnMap":{},"branchMap":{},"s":{"0":0,"1":1,"2":1},"f":{},"b":{}}
,"/Users/kushanjoshi/code/bangle-io-2/packages/app-bundler/setup-eternal-vars/common-setup.ts": {"path":"/Users/kushanjoshi/code/bangle-io-2/packages/app-bundler/setup-eternal-vars/common-setup.ts","statementMap":{"0":{"start":{"line":18,"column":16},"end":{"line":18,"column":28}},"1":{"start":{"line":1,"column":28},"end":{"line":1,"column":null}},"2":{"start":{"line":2,"column":34},"end":{"line":2,"column":null}},"3":{"start":{"line":3,"column":36},"end":{"line":3,"column":null}},"4":{"start":{"line":4,"column":24},"end":{"line":4,"column":null}},"5":{"start":{"line":10,"column":38},"end":{"line":10,"column":null}},"6":{"start":{"line":12,"column":23},"end":{"line":12,"column":null}},"7":{"start":{"line":15,"column":21},"end":{"line":15,"column":null}},"8":{"start":{"line":16,"column":24},"end":{"line":16,"column":null}},"9":{"start":{"line":19,"column":2},"end":{"line":19,"column":null}},"10":{"start":{"line":21,"column":18},"end":{"line":21,"column":null}},"11":{"start":{"line":23,"column":24},"end":{"line":26,"column":null}},"12":{"start":{"line":23,"column":59},"end":{"line":26,"column":null}},"13":{"start":{"line":28,"column":20},"end":{"line":28,"column":null}},"14":{"start":{"line":30,"column":21},"end":{"line":30,"column":null}},"15":{"start":{"line":31,"column":18},"end":{"line":31,"column":null}},"16":{"start":{"line":33,"column":2},"end":{"line":76,"column":null}},"17":{"start":{"line":34,"column":24},"end":{"line":34,"column":null}},"18":{"start":{"line":37,"column":4},"end":{"line":40,"column":null}},"19":{"start":{"line":38,"column":6},"end":{"line":38,"column":null}},"20":{"start":{"line":39,"column":6},"end":{"line":39,"column":null}},"21":{"start":{"line":43,"column":4},"end":{"line":45,"column":null}},"22":{"start":{"line":44,"column":6},"end":{"line":44,"column":null}},"23":{"start":{"line":47,"column":4},"end":{"line":47,"column":null}},"24":{"start":{"line":50,"column":4},"end":{"line":75,"column":null}},"25":{"start":{"line":52,"column":8},"end":{"line":52,"column":null}},"26":{"start":{"line":53,"column":8},"end":{"line":53,"column":null}},"27":{"start":{"line":57,"column":8},"end":{"line":57,"column":null}},"28":{"start":{"line":58,"column":8},"end":{"line":58,"column":null}},"29":{"start":{"line":62,"column":8},"end":{"line":62,"column":null}},"30":{"start":{"line":63,"column":8},"end":{"line":63,"column":null}},"31":{"start":{"line":67,"column":8},"end":{"line":67,"column":null}},"32":{"start":{"line":68,"column":8},"end":{"line":68,"column":null}},"33":{"start":{"line":72,"column":23},"end":{"line":72,"column":null}},"34":{"start":{"line":73,"column":8},"end":{"line":73,"column":null}},"35":{"start":{"line":78,"column":22},"end":{"line":115,"column":null}},"36":{"start":{"line":81,"column":6},"end":{"line":113,"column":null}},"37":{"start":{"line":83,"column":10},"end":{"line":87,"column":null}},"38":{"start":{"line":84,"column":12},"end":{"line":87,"column":null}},"39":{"start":{"line":89,"column":10},"end":{"line":89,"column":null}},"40":{"start":{"line":92,"column":10},"end":{"line":96,"column":null}},"41":{"start":{"line":93,"column":12},"end":{"line":96,"column":null}},"42":{"start":{"line":98,"column":10},"end":{"line":98,"column":null}},"43":{"start":{"line":101,"column":10},"end":{"line":105,"column":null}},"44":{"start":{"line":102,"column":12},"end":{"line":105,"column":null}},"45":{"start":{"line":107,"column":10},"end":{"line":107,"column":null}},"46":{"start":{"line":110,"column":25},"end":{"line":110,"column":null}},"47":{"start":{"line":111,"column":10},"end":{"line":111,"column":null}},"48":{"start":{"line":117,"column":32},"end":{"line":126,"column":null}},"49":{"start":{"line":120,"column":6},"end":{"line":123,"column":null}},"50":{"start":{"line":121,"column":8},"end":{"line":123,"column":null}},"51":{"start":{"line":128,"column":2},"end":{"line":133,"column":null}}},"fnMap":{"0":{"name":"setupCommon","decl":{"start":{"line":18,"column":16},"end":{"line":18,"column":28}},"loc":{"start":{"line":18,"column":56},"end":{"line":134,"column":null}}},"1":{"name":"(anonymous_2)","decl":{"start":{"line":23,"column":24},"end":{"line":23,"column":59}},"loc":{"start":{"line":23,"column":59},"end":{"line":26,"column":null}}},"2":{"name":"(anonymous_3)","decl":{"start":{"line":33,"column":18},"end":{"line":33,"column":19}},"loc":{"start":{"line":33,"column":19},"end":{"line":76,"column":null}}},"3":{"name":"(anonymous_4)","decl":{"start":{"line":80,"column":14},"end":{"line":80,"column":15}},"loc":{"start":{"line":80,"column":15},"end":{"line":114,"column":null}}},"4":{"name":"(anonymous_5)","decl":{"start":{"line":83,"column":39},"end":{"line":83,"column":40}},"loc":{"start":{"line":84,"column":12},"end":{"line":87,"column":null}}},"5":{"name":"(anonymous_6)","decl":{"start":{"line":92,"column":39},"end":{"line":92,"column":40}},"loc":{"start":{"line":93,"column":12},"end":{"line":96,"column":null}}},"6":{"name":"(anonymous_7)","decl":{"start":{"line":101,"column":39},"end":{"line":101,"column":40}},"loc":{"start":{"line":102,"column":12},"end":{"line":105,"column":null}}},"7":{"name":"(anonymous_8)","decl":{"start":{"line":119,"column":14},"end":{"line":119,"column":null}},"loc":{"start":{"line":119,"column":14},"end":{"line":125,"column":null}}},"8":{"name":"(anonymous_9)","decl":{"start":{"line":120,"column":35},"end":{"line":120,"column":36}},"loc":{"start":{"line":121,"column":8},"end":{"line":123,"column":null}}}},"branchMap":{"0":{"loc":{"start":{"line":37,"column":4},"end":{"line":40,"column":null}},"type":"if","locations":[{"start":{"line":37,"column":4},"end":{"line":40,"column":null}}]},"1":{"loc":{"start":{"line":43,"column":4},"end":{"line":45,"column":null}},"type":"if","locations":[{"start":{"line":43,"column":4},"end":{"line":45,"column":null}}]},"2":{"loc":{"start":{"line":50,"column":4},"end":{"line":75,"column":null}},"type":"switch","locations":[{"start":{"line":51,"column":6},"end":{"line":54,"column":null}},{"start":{"line":56,"column":6},"end":{"line":59,"column":null}},{"start":{"line":61,"column":6},"end":{"line":64,"column":null}},{"start":{"line":66,"column":6},"end":{"line":69,"column":null}},{"start":{"line":71,"column":6},"end":{"line":74,"column":null}}]},"3":{"loc":{"start":{"line":81,"column":6},"end":{"line":113,"column":null}},"type":"switch","locations":[{"start":{"line":82,"column":8},"end":{"line":90,"column":null}},{"start":{"line":91,"column":8},"end":{"line":99,"column":null}},{"start":{"line":100,"column":8},"end":{"line":108,"column":null}},{"start":{"line":109,"column":8},"end":{"line":112,"column":null}}]}},"s":{"0":2,"1":1,"2":1,"3":1,"4":1,"5":1,"6":1,"7":1,"8":1,"9":2,"10":2,"11":2,"12":0,"13":2,"14":2,"15":2,"16":2,"17":0,"18":0,"19":0,"20":0,"21":0,"22":0,"23":0,"24":0,"25":0,"26":0,"27":0,"28":0,"29":0,"30":0,"31":0,"32":0,"33":0,"34":0,"35":2,"36":0,"37":0,"38":0,"39":0,"40":0,"41":0,"42":0,"43":0,"44":0,"45":0,"46":0,"47":0,"48":2,"49":0,"50":0,"51":2},"f":{"0":2,"1":0,"2":0,"3":0,"4":0,"5":0,"6":0,"7":0,"8":0},"b":{"0":[0],"1":[0],"2":[0,0,0,0,0],"3":[0,0,0,0]}}
,"/Users/kushanjoshi/code/bangle-io-2/packages/app-bundler/setup-eternal-vars/logger.ts": {"path":"/Users/kushanjoshi/code/bangle-io-2/packages/app-bundler/setup-eternal-vars/logger.ts","statementMap":{"0":{"start":{"line":3,"column":13},"end":{"line":3,"column":22}},"1":{"start":{"line":1,"column":23},"end":{"line":1,"column":null}},"2":{"start":{"line":3,"column":22},"end":{"line":3,"column":null}}},"fnMap":{},"branchMap":{},"s":{"0":2,"1":1,"2":1},"f":{},"b":{}}
,"/Users/kushanjoshi/code/bangle-io-2/packages/app-bundler/setup-eternal-vars/window/index.ts": {"path":"/Users/kushanjoshi/code/bangle-io-2/packages/app-bundler/setup-eternal-vars/window/index.ts","statementMap":{"0":{"start":{"line":10,"column":16},"end":{"line":10,"column":null}},"1":{"start":{"line":3,"column":28},"end":{"line":3,"column":null}},"2":{"start":{"line":13,"column":2},"end":{"line":16,"column":null}}},"fnMap":{"0":{"name":"setupEternalVarsWindow","decl":{"start":{"line":10,"column":16},"end":{"line":10,"column":null}},"loc":{"start":{"line":11,"column":32},"end":{"line":17,"column":null}}}},"branchMap":{},"s":{"0":1,"1":1,"2":1},"f":{"0":1},"b":{}}
,"/Users/kushanjoshi/code/bangle-io-2/packages/app-bundler/setup-eternal-vars/worker/index.ts": {"path":"/Users/kushanjoshi/code/bangle-io-2/packages/app-bundler/setup-eternal-vars/worker/index.ts","statementMap":{"0":{"start":{"line":14,"column":16},"end":{"line":14,"column":null}},"1":{"start":{"line":6,"column":28},"end":{"line":6,"column":null}},"2":{"start":{"line":17,"column":2},"end":{"line":20,"column":null}}},"fnMap":{"0":{"name":"setupEternalVarsWorker","decl":{"start":{"line":14,"column":16},"end":{"line":14,"column":null}},"loc":{"start":{"line":15,"column":32},"end":{"line":21,"column":null}}}},"branchMap":{},"s":{"0":1,"1":1,"2":1},"f":{"0":1},"b":{}}
,"/Users/kushanjoshi/code/bangle-io-2/packages/app-bundler/setup-worker/index.ts": {"path":"/Users/kushanjoshi/code/bangle-io-2/packages/app-bundler/setup-worker/index.ts","statementMap":{"0":{"start":{"line":26,"column":16},"end":{"line":26,"column":28}},"1":{"start":{"line":1,"column":25},"end":{"line":1,"column":null}},"2":{"start":{"line":3,"column":36},"end":{"line":3,"column":null}},"3":{"start":{"line":4,"column":37},"end":{"line":4,"column":null}},"4":{"start":{"line":5,"column":36},"end":{"line":5,"column":null}},"5":{"start":{"line":6,"column":43},"end":{"line":6,"column":null}},"6":{"start":{"line":7,"column":23},"end":{"line":7,"column":null}},"7":{"start":{"line":8,"column":39},"end":{"line":8,"column":null}},"8":{"start":{"line":15,"column":23},"end":{"line":15,"column":null}},"9":{"start":{"line":19,"column":0},"end":{"line":19,"column":null}},"10":{"start":{"line":31,"column":2},"end":{"line":67,"column":null}},"11":{"start":{"line":33,"column":6},"end":{"line":35,"column":null}},"12":{"start":{"line":37,"column":4},"end":{"line":37,"column":null}},"13":{"start":{"line":38,"column":24},"end":{"line":45,"column":null}},"14":{"start":{"line":46,"column":27},"end":{"line":48,"column":null}},"15":{"start":{"line":51,"column":25},"end":{"line":59,"column":null}},"16":{"start":{"line":54,"column":8},"end":{"line":57,"column":null}},"17":{"start":{"line":55,"column":23},"end":{"line":55,"column":null}},"18":{"start":{"line":56,"column":10},"end":{"line":56,"column":null}},"19":{"start":{"line":61,"column":4},"end":{"line":66,"column":null}},"20":{"start":{"line":64,"column":8},"end":{"line":64,"column":null}},"21":{"start":{"line":68,"column":17},"end":{"line":72,"column":null}},"22":{"start":{"line":76,"column":4},"end":{"line":76,"column":null}},"23":{"start":{"line":83,"column":2},"end":{"line":89,"column":null}},"24":{"start":{"line":91,"column":2},"end":{"line":93,"column":null}},"25":{"start":{"line":92,"column":4},"end":{"line":92,"column":null}},"26":{"start":{"line":95,"column":26},"end":{"line":105,"column":null}},"27":{"start":{"line":96,"column":4},"end":{"line":96,"column":null}},"28":{"start":{"line":97,"column":4},"end":{"line":97,"column":null}},"29":{"start":{"line":99,"column":4},"end":{"line":99,"column":null}},"30":{"start":{"line":102,"column":4},"end":{"line":104,"column":null}},"31":{"start":{"line":103,"column":6},"end":{"line":103,"column":null}},"32":{"start":{"line":107,"column":2},"end":{"line":111,"column":null}}},"fnMap":{"0":{"name":"setupWorker","decl":{"start":{"line":26,"column":16},"end":{"line":26,"column":28}},"loc":{"start":{"line":26,"column":70},"end":{"line":112,"column":null}}},"1":{"name":"(anonymous_5)","decl":{"start":{"line":52,"column":6},"end":{"line":52,"column":10}},"loc":{"start":{"line":52,"column":32},"end":{"line":58,"column":null}}},"2":{"name":"(anonymous_6)","decl":{"start":{"line":54,"column":15},"end":{"line":54,"column":22}},"loc":{"start":{"line":54,"column":25},"end":{"line":57,"column":null}}},"3":{"name":"(anonymous_7)","decl":{"start":{"line":63,"column":23},"end":{"line":63,"column":null}},"loc":{"start":{"line":63,"column":23},"end":{"line":65,"column":null}}},"4":{"name":"(anonymous_8)","decl":{"start":{"line":91,"column":40},"end":{"line":91,"column":41}},"loc":{"start":{"line":91,"column":41},"end":{"line":93,"column":null}}},"5":{"name":"(anonymous_9)","decl":{"start":{"line":95,"column":26},"end":{"line":95,"column":null}},"loc":{"start":{"line":95,"column":26},"end":{"line":105,"column":null}}},"6":{"name":"(anonymous_10)","decl":{"start":{"line":102,"column":34},"end":{"line":102,"column":null}},"loc":{"start":{"line":102,"column":34},"end":{"line":104,"column":null}}}},"branchMap":{"0":{"loc":{"start":{"line":31,"column":2},"end":{"line":67,"column":null}},"type":"if","locations":[{"start":{"line":31,"column":2},"end":{"line":67,"column":null}}]},"1":{"loc":{"start":{"line":33,"column":6},"end":{"line":35,"column":null}},"type":"cond-expr","locations":[{"start":{"line":34,"column":10},"end":{"line":34,"column":null}},{"start":{"line":35,"column":10},"end":{"line":35,"column":null}}]}},"s":{"0":1,"1":1,"2":1,"3":1,"4":1,"5":1,"6":1,"7":1,"8":1,"9":1,"10":1,"11":1,"12":1,"13":1,"14":1,"15":1,"16":6,"17":6,"18":6,"19":1,"20":1,"21":0,"22":0,"23":0,"24":0,"25":0,"26":0,"27":0,"28":0,"29":0,"30":0,"31":0,"32":0},"f":{"0":1,"1":6,"2":6,"3":1,"4":0,"5":0,"6":0},"b":{"0":[1],"1":[1,0]}}
,"/Users/kushanjoshi/code/bangle-io-2/packages/app-bundler/setup-worker/logger.ts": {"path":"/Users/kushanjoshi/code/bangle-io-2/packages/app-bundler/setup-worker/logger.ts","statementMap":{"0":{"start":{"line":3,"column":13},"end":{"line":3,"column":22}},"1":{"start":{"line":1,"column":23},"end":{"line":1,"column":null}},"2":{"start":{"line":3,"column":22},"end":{"line":3,"column":null}}},"fnMap":{},"branchMap":{},"s":{"0":1,"1":1,"2":1},"f":{},"b":{}}
,"/Users/kushanjoshi/code/bangle-io-2/packages/app-bundler/ui-theme/create-stylesheet.ts": {"path":"/Users/kushanjoshi/code/bangle-io-2/packages/app-bundler/ui-theme/create-stylesheet.ts","statementMap":{"0":{"start":{"line":27,"column":13},"end":{"line":27,"column":28}},"1":{"start":{"line":25,"column":13},"end":{"line":25,"column":29}},"2":{"start":{"line":23,"column":13},"end":{"line":23,"column":21}},"3":{"start":{"line":24,"column":13},"end":{"line":24,"column":24}},"4":{"start":{"line":28,"column":13},"end":{"line":28,"column":31}},"5":{"start":{"line":26,"column":13},"end":{"line":26,"column":32}},"6":{"start":{"line":177,"column":16},"end":{"line":177,"column":35}},"7":{"start":{"line":161,"column":16},"end":{"line":161,"column":41}},"8":{"start":{"line":135,"column":16},"end":{"line":135,"column":32}},"9":{"start":{"line":56,"column":16},"end":{"line":56,"column":35}},"10":{"start":{"line":173,"column":16},"end":{"line":173,"column":33}},"11":{"start":{"line":6,"column":7},"end":{"line":6,"column":null}},"12":{"start":{"line":7,"column":49},"end":{"line":7,"column":null}},"13":{"start":{"line":16,"column":7},"end":{"line":16,"column":null}},"14":{"start":{"line":18,"column":0},"end":{"line":21,"column":null}},"15":{"start":{"line":20,"column":2},"end":{"line":20,"column":null}},"16":{"start":{"line":23,"column":24},"end":{"line":23,"column":null}},"17":{"start":{"line":24,"column":27},"end":{"line":24,"column":null}},"18":{"start":{"line":25,"column":32},"end":{"line":25,"column":50}},"19":{"start":{"line":26,"column":35},"end":{"line":26,"column":68}},"20":{"start":{"line":27,"column":31},"end":{"line":27,"column":48}},"21":{"start":{"line":28,"column":34},"end":{"line":28,"column":66}},"22":{"start":{"line":32,"column":13},"end":{"line":37,"column":null}},"23":{"start":{"line":48,"column":23},"end":{"line":51,"column":null}},"24":{"start":{"line":53,"column":2},"end":{"line":53,"column":null}},"25":{"start":{"line":73,"column":26},"end":{"line":73,"column":null}},"26":{"start":{"line":75,"column":2},"end":{"line":130,"column":null}},"27":{"start":{"line":76,"column":4},"end":{"line":83,"column":null}},"28":{"start":{"line":85,"column":21},"end":{"line":87,"column":null}},"29":{"start":{"line":90,"column":4},"end":{"line":93,"column":null}},"30":{"start":{"line":95,"column":27},"end":{"line":98,"column":null}},"31":{"start":{"line":100,"column":26},"end":{"line":103,"column":null}},"32":{"start":{"line":106,"column":19},"end":{"line":106,"column":null}},"33":{"start":{"line":108,"column":4},"end":{"line":113,"column":null}},"34":{"start":{"line":115,"column":26},"end":{"line":117,"column":null}},"35":{"start":{"line":120,"column":25},"end":{"line":122,"column":null}},"36":{"start":{"line":125,"column":4},"end":{"line":129,"column":null}},"37":{"start":{"line":132,"column":2},"end":{"line":132,"column":null}},"38":{"start":{"line":138,"column":17},"end":{"line":138,"column":null}},"39":{"start":{"line":140,"column":2},"end":{"line":157,"column":null}},"40":{"start":{"line":142,"column":6},"end":{"line":147,"column":null}},"41":{"start":{"line":147,"column":28},"end":{"line":147,"column":null}},"42":{"start":{"line":162,"column":35},"end":{"line":162,"column":37}},"43":{"start":{"line":164,"column":2},"end":{"line":168,"column":null}},"44":{"start":{"line":165,"column":4},"end":{"line":167,"column":null}},"45":{"start":{"line":166,"column":6},"end":{"line":166,"column":null}},"46":{"start":{"line":170,"column":2},"end":{"line":170,"column":null}},"47":{"start":{"line":174,"column":2},"end":{"line":174,"column":null}},"48":{"start":{"line":174,"column":41},"end":{"line":174,"column":65}},"49":{"start":{"line":180,"column":15},"end":{"line":180,"column":null}},"50":{"start":{"line":181,"column":35},"end":{"line":181,"column":37}},"51":{"start":{"line":183,"column":2},"end":{"line":196,"column":null}},"52":{"start":{"line":184,"column":4},"end":{"line":186,"column":null}},"53":{"start":{"line":185,"column":6},"end":{"line":185,"column":null}},"54":{"start":{"line":188,"column":19},"end":{"line":188,"column":null}},"55":{"start":{"line":190,"column":14},"end":{"line":190,"column":null}},"56":{"start":{"line":193,"column":4},"end":{"line":195,"column":null}},"57":{"start":{"line":194,"column":6},"end":{"line":194,"column":null}},"58":{"start":{"line":198,"column":2},"end":{"line":198,"column":null}},"59":{"start":{"line":202,"column":2},"end":{"line":206,"column":null}}},"fnMap":{"0":{"name":"mergeWithDefaults","decl":{"start":{"line":43,"column":9},"end":{"line":43,"column":null}},"loc":{"start":{"line":46,"column":18},"end":{"line":54,"column":null}}},"1":{"name":"createStyleSheetObj","decl":{"start":{"line":56,"column":16},"end":{"line":56,"column":35}},"loc":{"start":{"line":71,"column":7},"end":{"line":133,"column":null}}},"2":{"name":"createStyleSheet","decl":{"start":{"line":135,"column":16},"end":{"line":135,"column":32}},"loc":{"start":{"line":136,"column":48},"end":{"line":159,"column":null}}},"3":{"name":"(anonymous_15)","decl":{"start":{"line":141,"column":4},"end":{"line":141,"column":5}},"loc":{"start":{"line":141,"column":11},"end":{"line":150,"column":null}}},"4":{"name":"(anonymous_16)","decl":{"start":{"line":147,"column":21},"end":{"line":147,"column":22}},"loc":{"start":{"line":147,"column":28},"end":{"line":147,"column":null}}},"5":{"name":"createSmallScreenOverride","decl":{"start":{"line":161,"column":16},"end":{"line":161,"column":41}},"loc":{"start":{"line":161,"column":61},"end":{"line":171,"column":null}}},"6":{"name":"(anonymous_18)","decl":{"start":{"line":164,"column":30},"end":{"line":164,"column":31}},"loc":{"start":{"line":164,"column":38},"end":{"line":168,"column":null}}},"7":{"name":"cssVarsToStrArray","decl":{"start":{"line":173,"column":16},"end":{"line":173,"column":33}},"loc":{"start":{"line":173,"column":58},"end":{"line":175,"column":null}}},"8":{"name":"(anonymous_20)","decl":{"start":{"line":174,"column":18},"end":{"line":174,"column":19}},"loc":{"start":{"line":174,"column":41},"end":{"line":174,"column":65}}},"9":{"name":"convertTokensToVars","decl":{"start":{"line":177,"column":16},"end":{"line":177,"column":35}},"loc":{"start":{"line":178,"column":30},"end":{"line":199,"column":null}}},"10":{"name":"(anonymous_22)","decl":{"start":{"line":183,"column":19},"end":{"line":183,"column":20}},"loc":{"start":{"line":183,"column":27},"end":{"line":196,"column":null}}},"11":{"name":"wrapVarsCss","decl":{"start":{"line":201,"column":9},"end":{"line":201,"column":21}},"loc":{"start":{"line":201,"column":55},"end":{"line":207,"column":null}}}},"branchMap":{"0":{"loc":{"start":{"line":18,"column":0},"end":{"line":21,"column":null}},"type":"if","locations":[{"start":{"line":18,"column":0},"end":{"line":21,"column":null}}]},"1":{"loc":{"start":{"line":75,"column":2},"end":{"line":130,"column":null}},"type":"if","locations":[{"start":{"line":75,"column":2},"end":{"line":130,"column":null}},{"start":{"line":94,"column":9},"end":{"line":130,"column":null}}]},"2":{"loc":{"start":{"line":87,"column":6},"end":{"line":87,"column":null}},"type":"binary-expr","locations":[{"start":{"line":87,"column":6},"end":{"line":87,"column":31}},{"start":{"line":87,"column":35},"end":{"line":87,"column":null}}]},"3":{"loc":{"start":{"line":117,"column":6},"end":{"line":117,"column":null}},"type":"binary-expr","locations":[{"start":{"line":117,"column":6},"end":{"line":117,"column":36}},{"start":{"line":117,"column":40},"end":{"line":117,"column":null}}]},"4":{"loc":{"start":{"line":122,"column":6},"end":{"line":122,"column":null}},"type":"binary-expr","locations":[{"start":{"line":122,"column":6},"end":{"line":122,"column":35}},{"start":{"line":122,"column":39},"end":{"line":122,"column":null}}]},"5":{"loc":{"start":{"line":165,"column":4},"end":{"line":167,"column":null}},"type":"if","locations":[{"start":{"line":165,"column":4},"end":{"line":167,"column":null}}]},"6":{"loc":{"start":{"line":184,"column":4},"end":{"line":186,"column":null}},"type":"if","locations":[{"start":{"line":184,"column":4},"end":{"line":186,"column":null}}]},"7":{"loc":{"start":{"line":184,"column":8},"end":{"line":184,"column":59}},"type":"binary-expr","locations":[{"start":{"line":184,"column":8},"end":{"line":184,"column":37}},{"start":{"line":184,"column":37},"end":{"line":184,"column":59}}]},"8":{"loc":{"start":{"line":193,"column":4},"end":{"line":195,"column":null}},"type":"if","locations":[{"start":{"line":193,"column":4},"end":{"line":195,"column":null}}]},"9":{"loc":{"start":{"line":193,"column":8},"end":{"line":193,"column":63}},"type":"binary-expr","locations":[{"start":{"line":193,"column":8},"end":{"line":193,"column":38}},{"start":{"line":193,"column":38},"end":{"line":193,"column":63}}]}},"s":{"0":15,"1":15,"2":17,"3":1,"4":9,"5":10,"6":0,"7":3,"8":0,"9":19,"10":0,"11":1,"12":1,"13":1,"14":1,"15":0,"16":1,"17":1,"18":1,"19":1,"20":1,"21":1,"22":1,"23":30,"24":30,"25":19,"26":19,"27":8,"28":8,"29":8,"30":11,"31":11,"32":11,"33":11,"34":11,"35":11,"36":11,"37":19,"38":0,"39":0,"40":0,"41":0,"42":33,"43":33,"44":99,"45":99,"46":33,"47":63,"48":5349,"49":30,"50":30,"51":30,"52":5280,"53":0,"54":5280,"55":5280,"56":5280,"57":5250,"58":30,"59":0},"f":{"0":30,"1":19,"2":0,"3":0,"4":0,"5":33,"6":99,"7":63,"8":5349,"9":30,"10":5280,"11":0},"b":{"0":[0],"1":[8,11],"2":[8,8],"3":[11,8],"4":[11,7],"5":[99],"6":[0],"7":[5280,0],"8":[5250],"9":[5280,5250]}}
,"/Users/kushanjoshi/code/bangle-io-2/packages/app-bundler/ui-theme/dark-colors.ts": {"path":"/Users/kushanjoshi/code/bangle-io-2/packages/app-bundler/ui-theme/dark-colors.ts","statementMap":{"0":{"start":{"line":37,"column":13},"end":{"line":37,"column":23}},"1":{"start":{"line":5,"column":13},"end":{"line":5,"column":29}},"2":{"start":{"line":3,"column":47},"end":{"line":3,"column":null}},"3":{"start":{"line":5,"column":66},"end":{"line":35,"column":null}},"4":{"start":{"line":37,"column":49},"end":{"line":123,"column":null}}},"fnMap":{},"branchMap":{},"s":{"0":1,"1":7,"2":1,"3":1,"4":1},"f":{},"b":{}}
,"/Users/kushanjoshi/code/bangle-io-2/packages/app-bundler/ui-theme/default-tokens.ts": {"path":"/Users/kushanjoshi/code/bangle-io-2/packages/app-bundler/ui-theme/default-tokens.ts","statementMap":{"0":{"start":{"line":184,"column":13},"end":{"line":184,"column":40}},"1":{"start":{"line":204,"column":13},"end":{"line":204,"column":43}},"2":{"start":{"line":194,"column":13},"end":{"line":194,"column":44}},"3":{"start":{"line":157,"column":13},"end":{"line":157,"column":30}},"4":{"start":{"line":13,"column":13},"end":{"line":13,"column":31}},"5":{"start":{"line":1,"column":33},"end":{"line":1,"column":null}},"6":{"start":{"line":4,"column":45},"end":{"line":4,"column":null}},"7":{"start":{"line":5,"column":47},"end":{"line":5,"column":null}},"8":{"start":{"line":6,"column":47},"end":{"line":6,"column":null}},"9":{"start":{"line":11,"column":2},"end":{"line":11,"column":null}},"10":{"start":{"line":13,"column":48},"end":{"line":155,"column":null}},"11":{"start":{"line":157,"column":47},"end":{"line":182,"column":null}},"12":{"start":{"line":186,"column":4},"end":{"line":192,"column":null}},"13":{"start":{"line":196,"column":4},"end":{"line":202,"column":null}},"14":{"start":{"line":207,"column":4},"end":{"line":213,"column":null}}},"fnMap":{},"branchMap":{},"s":{"0":8,"1":11,"2":11,"3":11,"4":19,"5":1,"6":1,"7":1,"8":1,"9":1,"10":1,"11":1,"12":1,"13":1,"14":1},"f":{},"b":{}}
,"/Users/kushanjoshi/code/bangle-io-2/packages/app-bundler/ui-theme/light-colors.ts": {"path":"/Users/kushanjoshi/code/bangle-io-2/packages/app-bundler/ui-theme/light-colors.ts","statementMap":{"0":{"start":{"line":52,"column":13},"end":{"line":52,"column":24}},"1":{"start":{"line":20,"column":13},"end":{"line":20,"column":30}},"2":{"start":{"line":3,"column":30},"end":{"line":3,"column":null}},"3":{"start":{"line":6,"column":24},"end":{"line":6,"column":null}},"4":{"start":{"line":7,"column":24},"end":{"line":7,"column":null}},"5":{"start":{"line":8,"column":24},"end":{"line":8,"column":null}},"6":{"start":{"line":9,"column":24},"end":{"line":9,"column":null}},"7":{"start":{"line":10,"column":24},"end":{"line":10,"column":null}},"8":{"start":{"line":11,"column":24},"end":{"line":11,"column":null}},"9":{"start":{"line":12,"column":24},"end":{"line":12,"column":null}},"10":{"start":{"line":13,"column":24},"end":{"line":13,"column":null}},"11":{"start":{"line":14,"column":24},"end":{"line":14,"column":null}},"12":{"start":{"line":15,"column":25},"end":{"line":15,"column":null}},"13":{"start":{"line":16,"column":25},"end":{"line":16,"column":null}},"14":{"start":{"line":17,"column":25},"end":{"line":17,"column":null}},"15":{"start":{"line":18,"column":25},"end":{"line":18,"column":null}},"16":{"start":{"line":20,"column":67},"end":{"line":50,"column":null}},"17":{"start":{"line":52,"column":50},"end":{"line":139,"column":null}}},"fnMap":{},"branchMap":{},"s":{"0":3,"1":6,"2":1,"3":1,"4":1,"5":1,"6":1,"7":1,"8":1,"9":1,"10":1,"11":1,"12":1,"13":1,"14":1,"15":1,"16":1,"17":1},"f":{},"b":{}}
,"/Users/kushanjoshi/code/bangle-io-2/packages/app-bundler/ui-theme/spectrum.ts": {"path":"/Users/kushanjoshi/code/bangle-io-2/packages/app-bundler/ui-theme/spectrum.ts","statementMap":{"0":{"start":{"line":183,"column":13},"end":{"line":183,"column":28}},"1":{"start":{"line":1,"column":13},"end":{"line":1,"column":26}},"2":{"start":{"line":1,"column":29},"end":{"line":181,"column":null}},"3":{"start":{"line":183,"column":31},"end":{"line":377,"column":null}}},"fnMap":{},"branchMap":{},"s":{"0":87,"1":76,"2":1,"3":1},"f":{},"b":{}}
,"/Users/kushanjoshi/code/bangle-io-2/packages/app-bundler/uno-preset-bangle/theme/colors.ts": {"path":"/Users/kushanjoshi/code/bangle-io-2/packages/app-bundler/uno-preset-bangle/theme/colors.ts","statementMap":{"0":{"start":{"line":24,"column":13},"end":{"line":24,"column":39}},"1":{"start":{"line":3,"column":21},"end":{"line":3,"column":null}},"2":{"start":{"line":5,"column":39},"end":{"line":14,"column":null}},"3":{"start":{"line":8,"column":6},"end":{"line":11,"column":null}},"4":{"start":{"line":8,"column":60},"end":{"line":11,"column":null}},"5":{"start":{"line":13,"column":24},"end":{"line":13,"column":null}},"6":{"start":{"line":17,"column":45},"end":{"line":19,"column":null}},"7":{"start":{"line":19,"column":36},"end":{"line":19,"column":null}},"8":{"start":{"line":21,"column":16},"end":{"line":22,"column":null}},"9":{"start":{"line":22,"column":2},"end":{"line":22,"column":null}},"10":{"start":{"line":24,"column":39},"end":{"line":24,"column":null}},"11":{"start":{"line":26,"column":0},"end":{"line":28,"column":null}},"12":{"start":{"line":27,"column":2},"end":{"line":27,"column":null}},"13":{"start":{"line":31,"column":2},"end":{"line":31,"column":null}}},"fnMap":{"0":{"name":"(anonymous_1)","decl":{"start":{"line":7,"column":13},"end":{"line":7,"column":14}},"loc":{"start":{"line":8,"column":6},"end":{"line":11,"column":null}}},"1":{"name":"(anonymous_2)","decl":{"start":{"line":8,"column":28},"end":{"line":8,"column":29}},"loc":{"start":{"line":8,"column":60},"end":{"line":11,"column":null}}},"2":{"name":"(anonymous_3)","decl":{"start":{"line":13,"column":10},"end":{"line":13,"column":11}},"loc":{"start":{"line":13,"column":24},"end":{"line":13,"column":null}}},"3":{"name":"(anonymous_4)","decl":{"start":{"line":19,"column":6},"end":{"line":19,"column":7}},"loc":{"start":{"line":19,"column":36},"end":{"line":19,"column":null}}},"4":{"name":"(anonymous_5)","decl":{"start":{"line":21,"column":58},"end":{"line":21,"column":59}},"loc":{"start":{"line":22,"column":2},"end":{"line":22,"column":null}}},"5":{"name":"firstCharUpperCase","decl":{"start":{"line":30,"column":9},"end":{"line":30,"column":28}},"loc":{"start":{"line":30,"column":39},"end":{"line":32,"column":null}}}},"branchMap":{"0":{"loc":{"start":{"line":26,"column":0},"end":{"line":28,"column":null}},"type":"if","locations":[{"start":{"line":26,"column":0},"end":{"line":28,"column":null}}]}},"s":{"0":1,"1":1,"2":1,"3":6,"4":84,"5":392,"6":1,"7":24,"8":1,"9":205,"10":1,"11":1,"12":0,"13":192},"f":{"0":6,"1":84,"2":392,"3":24,"4":205,"5":192},"b":{"0":[0]}}
,"/Users/kushanjoshi/code/bangle-io-2/packages/app-window/window-store/index.ts": {"path":"/Users/kushanjoshi/code/bangle-io-2/packages/app-window/window-store/index.ts","statementMap":{"0":{"start":{"line":19,"column":16},"end":{"line":19,"column":null}},"1":{"start":{"line":1,"column":28},"end":{"line":1,"column":null}},"2":{"start":{"line":7,"column":7},"end":{"line":7,"column":null}},"3":{"start":{"line":12,"column":7},"end":{"line":12,"column":null}},"4":{"start":{"line":13,"column":35},"end":{"line":13,"column":null}},"5":{"start":{"line":14,"column":33},"end":{"line":14,"column":null}},"6":{"start":{"line":16,"column":23},"end":{"line":16,"column":null}},"7":{"start":{"line":17,"column":41},"end":{"line":17,"column":null}},"8":{"start":{"line":24,"column":2},"end":{"line":31,"column":null}},"9":{"start":{"line":25,"column":4},"end":{"line":26,"column":null}},"10":{"start":{"line":28,"column":4},"end":{"line":28,"column":null}},"11":{"start":{"line":30,"column":4},"end":{"line":30,"column":null}},"12":{"start":{"line":33,"column":16},"end":{"line":48,"column":null}},"13":{"start":{"line":43,"column":6},"end":{"line":43,"column":null}},"14":{"start":{"line":49,"column":41},"end":{"line":53,"column":null}},"15":{"start":{"line":57,"column":2},"end":{"line":57,"column":null}},"16":{"start":{"line":59,"column":2},"end":{"line":59,"column":null}}},"fnMap":{"0":{"name":"createWindowStore","decl":{"start":{"line":19,"column":16},"end":{"line":19,"column":null}},"loc":{"start":{"line":21,"column":70},"end":{"line":60,"column":null}}},"1":{"name":"(anonymous_2)","decl":{"start":{"line":42,"column":11},"end":{"line":42,"column":12}},"loc":{"start":{"line":42,"column":12},"end":{"line":44,"column":null}}}},"branchMap":{"0":{"loc":{"start":{"line":21,"column":2},"end":{"line":21,"column":70}},"type":"default-arg","locations":[{"start":{"line":21,"column":68},"end":{"line":21,"column":70}}]},"1":{"loc":{"start":{"line":24,"column":2},"end":{"line":31,"column":null}},"type":"if","locations":[{"start":{"line":24,"column":2},"end":{"line":31,"column":null}},{"start":{"line":29,"column":9},"end":{"line":31,"column":null}}]}},"s":{"0":1,"1":1,"2":1,"3":1,"4":1,"5":1,"6":1,"7":1,"8":1,"9":1,"10":1,"11":0,"12":1,"13":0,"14":1,"15":1,"16":1},"f":{"0":1,"1":0},"b":{"0":[0],"1":[1,0]}}
,"/Users/kushanjoshi/code/bangle-io-2/packages/app-window/window-store/logger.ts": {"path":"/Users/kushanjoshi/code/bangle-io-2/packages/app-window/window-store/logger.ts","statementMap":{"0":{"start":{"line":3,"column":13},"end":{"line":3,"column":22}},"1":{"start":{"line":1,"column":23},"end":{"line":1,"column":null}},"2":{"start":{"line":3,"column":22},"end":{"line":3,"column":null}}},"fnMap":{},"branchMap":{},"s":{"0":1,"1":1,"2":1},"f":{},"b":{}}
,"/Users/kushanjoshi/code/bangle-io-2/packages/app-window/window-store/slices/sync-with-worker.ts": {"path":"/Users/kushanjoshi/code/bangle-io-2/packages/app-window/window-store/slices/sync-with-worker.ts","statementMap":{"0":{"start":{"line":20,"column":13},"end":{"line":20,"column":40}},"1":{"start":{"line":1,"column":53},"end":{"line":1,"column":null}},"2":{"start":{"line":2,"column":25},"end":{"line":2,"column":null}},"3":{"start":{"line":3,"column":57},"end":{"line":3,"column":null}},"4":{"start":{"line":5,"column":48},"end":{"line":5,"column":null}},"5":{"start":{"line":6,"column":37},"end":{"line":6,"column":null}},"6":{"start":{"line":7,"column":26},"end":{"line":7,"column":null}},"7":{"start":{"line":12,"column":26},"end":{"line":12,"column":null}},"8":{"start":{"line":13,"column":24},"end":{"line":13,"column":null}},"9":{"start":{"line":15,"column":0},"end":{"line":15,"column":null}},"10":{"start":{"line":17,"column":12},"end":{"line":17,"column":null}},"11":{"start":{"line":18,"column":27},"end":{"line":18,"column":null}},"12":{"start":{"line":20,"column":40},"end":{"line":20,"column":null}},"13":{"start":{"line":22,"column":22},"end":{"line":24,"column":null}},"14":{"start":{"line":23,"column":2},"end":{"line":23,"column":null}},"15":{"start":{"line":25,"column":23},"end":{"line":25,"column":null}},"16":{"start":{"line":25,"column":41},"end":{"line":25,"column":null}},"17":{"start":{"line":27,"column":0},"end":{"line":49,"column":null}},"18":{"start":{"line":28,"column":26},"end":{"line":28,"column":null}},"19":{"start":{"line":29,"column":18},"end":{"line":29,"column":null}},"20":{"start":{"line":31,"column":33},"end":{"line":42,"column":null}},"21":{"start":{"line":33,"column":6},"end":{"line":35,"column":null}},"22":{"start":{"line":34,"column":8},"end":{"line":34,"column":null}},"23":{"start":{"line":36,"column":6},"end":{"line":40,"column":null}},"24":{"start":{"line":37,"column":8},"end":{"line":37,"column":null}},"25":{"start":{"line":39,"column":8},"end":{"line":39,"column":null}},"26":{"start":{"line":44,"column":2},"end":{"line":44,"column":null}},"27":{"start":{"line":46,"column":2},"end":{"line":48,"column":null}},"28":{"start":{"line":47,"column":4},"end":{"line":47,"column":null}},"29":{"start":{"line":55,"column":21},"end":{"line":55,"column":null}},"30":{"start":{"line":56,"column":2},"end":{"line":56,"column":null}},"31":{"start":{"line":57,"column":2},"end":{"line":57,"column":null}},"32":{"start":{"line":60,"column":0},"end":{"line":78,"column":null}},"33":{"start":{"line":61,"column":26},"end":{"line":61,"column":null}},"34":{"start":{"line":62,"column":21},"end":{"line":62,"column":null}},"35":{"start":{"line":64,"column":22},"end":{"line":64,"column":null}},"36":{"start":{"line":66,"column":23},"end":{"line":66,"column":null}},"37":{"start":{"line":67,"column":2},"end":{"line":69,"column":null}},"38":{"start":{"line":68,"column":4},"end":{"line":68,"column":null}},"39":{"start":{"line":71,"column":18},"end":{"line":71,"column":36}},"40":{"start":{"line":72,"column":2},"end":{"line":72,"column":null}},"41":{"start":{"line":74,"column":2},"end":{"line":77,"column":null}},"42":{"start":{"line":81,"column":0},"end":{"line":94,"column":null}},"43":{"start":{"line":83,"column":4},"end":{"line":83,"column":null}},"44":{"start":{"line":84,"column":22},"end":{"line":84,"column":null}},"45":{"start":{"line":85,"column":2},"end":{"line":92,"column":null}},"46":{"start":{"line":88,"column":6},"end":{"line":88,"column":null}},"47":{"start":{"line":89,"column":6},"end":{"line":89,"column":null}},"48":{"start":{"line":90,"column":6},"end":{"line":90,"column":null}},"49":{"start":{"line":91,"column":6},"end":{"line":91,"column":null}},"50":{"start":{"line":96,"column":0},"end":{"line":107,"column":null}},"51":{"start":{"line":97,"column":38},"end":{"line":97,"column":null}},"52":{"start":{"line":98,"column":22},"end":{"line":98,"column":null}},"53":{"start":{"line":100,"column":2},"end":{"line":105,"column":null}},"54":{"start":{"line":103,"column":6},"end":{"line":103,"column":null}},"55":{"start":{"line":104,"column":6},"end":{"line":104,"column":null}}},"fnMap":{"0":{"name":"(anonymous_4)","decl":{"start":{"line":22,"column":35},"end":{"line":22,"column":null}},"loc":{"start":{"line":22,"column":35},"end":{"line":24,"column":null}}},"1":{"name":"(anonymous_5)","decl":{"start":{"line":25,"column":35},"end":{"line":25,"column":41}},"loc":{"start":{"line":25,"column":41},"end":{"line":25,"column":null}}},"2":{"name":"(anonymous_6)","decl":{"start":{"line":27,"column":11},"end":{"line":27,"column":12}},"loc":{"start":{"line":27,"column":12},"end":{"line":49,"column":null}}},"3":{"name":"(anonymous_7)","decl":{"start":{"line":32,"column":25},"end":{"line":32,"column":32}},"loc":{"start":{"line":32,"column":41},"end":{"line":41,"column":null}}},"4":{"name":"(anonymous_8)","decl":{"start":{"line":46,"column":17},"end":{"line":46,"column":null}},"loc":{"start":{"line":46,"column":17},"end":{"line":48,"column":null}}},"5":{"name":"updatePatches","decl":{"start":{"line":51,"column":9},"end":{"line":51,"column":null}},"loc":{"start":{"line":53,"column":77},"end":{"line":58,"column":null}}},"6":{"name":"(anonymous_10)","decl":{"start":{"line":60,"column":11},"end":{"line":60,"column":12}},"loc":{"start":{"line":60,"column":12},"end":{"line":78,"column":null}}},"7":{"name":"(anonymous_11)","decl":{"start":{"line":81,"column":11},"end":{"line":81,"column":12}},"loc":{"start":{"line":81,"column":12},"end":{"line":94,"column":null}}},"8":{"name":"(anonymous_12)","decl":{"start":{"line":87,"column":36},"end":{"line":87,"column":37}},"loc":{"start":{"line":87,"column":37},"end":{"line":92,"column":null}}},"9":{"name":"(anonymous_13)","decl":{"start":{"line":96,"column":11},"end":{"line":96,"column":12}},"loc":{"start":{"line":96,"column":12},"end":{"line":107,"column":null}}},"10":{"name":"(anonymous_14)","decl":{"start":{"line":102,"column":36},"end":{"line":102,"column":37}},"loc":{"start":{"line":102,"column":37},"end":{"line":105,"column":null}}}},"branchMap":{"0":{"loc":{"start":{"line":33,"column":6},"end":{"line":35,"column":null}},"type":"if","locations":[{"start":{"line":33,"column":6},"end":{"line":35,"column":null}}]},"1":{"loc":{"start":{"line":36,"column":6},"end":{"line":40,"column":null}},"type":"if","locations":[{"start":{"line":36,"column":6},"end":{"line":40,"column":null}},{"start":{"line":38,"column":13},"end":{"line":40,"column":null}}]},"2":{"loc":{"start":{"line":67,"column":2},"end":{"line":69,"column":null}},"type":"if","locations":[{"start":{"line":67,"column":2},"end":{"line":69,"column":null}}]}},"s":{"0":1,"1":1,"2":1,"3":1,"4":1,"5":1,"6":1,"7":1,"8":1,"9":1,"10":1,"11":1,"12":1,"13":1,"14":1,"15":1,"16":1,"17":1,"18":1,"19":1,"20":1,"21":0,"22":0,"23":0,"24":0,"25":0,"26":1,"27":1,"28":1,"29":2,"30":2,"31":2,"32":1,"33":2,"34":2,"35":2,"36":2,"37":2,"38":1,"39":1,"40":1,"41":1,"42":1,"43":1,"44":1,"45":1,"46":1,"47":1,"48":1,"49":1,"50":1,"51":1,"52":1,"53":1,"54":1,"55":1},"f":{"0":1,"1":1,"2":1,"3":0,"4":1,"5":2,"6":2,"7":1,"8":1,"9":1,"10":1},"b":{"0":[0],"1":[0,0],"2":[1]}}
,"/Users/kushanjoshi/code/bangle-io-2/packages/app-worker/naukar/index.ts": {"path":"/Users/kushanjoshi/code/bangle-io-2/packages/app-worker/naukar/index.ts","statementMap":{"0":{"start":{"line":63,"column":13},"end":{"line":63,"column":null}},"1":{"start":{"line":1,"column":53},"end":{"line":1,"column":null}},"2":{"start":{"line":3,"column":24},"end":{"line":3,"column":null}},"3":{"start":{"line":4,"column":36},"end":{"line":4,"column":null}},"4":{"start":{"line":8,"column":7},"end":{"line":8,"column":null}},"5":{"start":{"line":9,"column":26},"end":{"line":9,"column":null}},"6":{"start":{"line":18,"column":23},"end":{"line":18,"column":null}},"7":{"start":{"line":16,"column":0},"end":{"line":16,"column":null}},"8":{"start":{"line":25,"column":18},"end":{"line":25,"column":null}},"9":{"start":{"line":28,"column":18},"end":{"line":33,"column":null}},"10":{"start":{"line":29,"column":4},"end":{"line":32,"column":null}},"11":{"start":{"line":30,"column":6},"end":{"line":30,"column":null}},"12":{"start":{"line":31,"column":6},"end":{"line":31,"column":null}},"13":{"start":{"line":35,"column":2},"end":{"line":60,"column":null}},"14":{"start":{"line":38,"column":8},"end":{"line":40,"column":null}},"15":{"start":{"line":39,"column":10},"end":{"line":39,"column":null}},"16":{"start":{"line":43,"column":8},"end":{"line":48,"column":null}},"17":{"start":{"line":44,"column":10},"end":{"line":47,"column":null}},"18":{"start":{"line":45,"column":25},"end":{"line":45,"column":null}},"19":{"start":{"line":46,"column":12},"end":{"line":46,"column":null}},"20":{"start":{"line":52,"column":6},"end":{"line":56,"column":null}},"21":{"start":{"line":53,"column":8},"end":{"line":54,"column":null}},"22":{"start":{"line":57,"column":6},"end":{"line":57,"column":null}},"23":{"start":{"line":58,"column":6},"end":{"line":58,"column":null}},"24":{"start":{"line":68,"column":22},"end":{"line":68,"column":48}},"25":{"start":{"line":64,"column":10},"end":{"line":64,"column":27}},"26":{"start":{"line":65,"column":10},"end":{"line":65,"column":50}},"27":{"start":{"line":69,"column":4},"end":{"line":69,"column":null}},"28":{"start":{"line":70,"column":4},"end":{"line":70,"column":null}},"29":{"start":{"line":72,"column":4},"end":{"line":72,"column":null}},"30":{"start":{"line":76,"column":4},"end":{"line":76,"column":null}},"31":{"start":{"line":81,"column":4},"end":{"line":81,"column":null}},"32":{"start":{"line":85,"column":4},"end":{"line":85,"column":null}},"33":{"start":{"line":89,"column":4},"end":{"line":89,"column":null}},"34":{"start":{"line":93,"column":4},"end":{"line":93,"column":null}},"35":{"start":{"line":97,"column":4},"end":{"line":97,"column":null}},"36":{"start":{"line":99,"column":4},"end":{"line":103,"column":null}},"37":{"start":{"line":100,"column":6},"end":{"line":101,"column":null}},"38":{"start":{"line":104,"column":4},"end":{"line":104,"column":null}},"39":{"start":{"line":106,"column":16},"end":{"line":113,"column":null}},"40":{"start":{"line":108,"column":32},"end":{"line":108,"column":null}},"41":{"start":{"line":109,"column":26},"end":{"line":111,"column":null}},"42":{"start":{"line":110,"column":10},"end":{"line":110,"column":null}},"43":{"start":{"line":112,"column":8},"end":{"line":112,"column":null}},"44":{"start":{"line":116,"column":4},"end":{"line":116,"column":null}}},"fnMap":{"0":{"name":"setupWindowAction","decl":{"start":{"line":24,"column":9},"end":{"line":24,"column":null}},"loc":{"start":{"line":24,"column":9},"end":{"line":61,"column":null}}},"1":{"name":"(anonymous_2)","decl":{"start":{"line":28,"column":36},"end":{"line":28,"column":37}},"loc":{"start":{"line":28,"column":37},"end":{"line":33,"column":null}}},"2":{"name":"(anonymous_3)","decl":{"start":{"line":29,"column":24},"end":{"line":29,"column":null}},"loc":{"start":{"line":29,"column":24},"end":{"line":32,"column":null}}},"3":{"name":"(anonymous_4)","decl":{"start":{"line":37,"column":6},"end":{"line":37,"column":10}},"loc":{"start":{"line":37,"column":32},"end":{"line":49,"column":null}}},"4":{"name":"(anonymous_5)","decl":{"start":{"line":43,"column":15},"end":{"line":43,"column":16}},"loc":{"start":{"line":43,"column":19},"end":{"line":48,"column":null}}},"5":{"name":"(anonymous_6)","decl":{"start":{"line":44,"column":30},"end":{"line":44,"column":null}},"loc":{"start":{"line":44,"column":30},"end":{"line":47,"column":null}}},"6":{"name":"(anonymous_7)","decl":{"start":{"line":51,"column":15},"end":{"line":51,"column":16}},"loc":{"start":{"line":51,"column":16},"end":{"line":59,"column":null}}},"7":{"name":"(anonymous_8)","decl":{"start":{"line":68,"column":2},"end":{"line":68,"column":14}},"loc":{"start":{"line":68,"column":50},"end":{"line":73,"column":null}}},"8":{"name":"(anonymous_9)","decl":{"start":{"line":75,"column":2},"end":{"line":75,"column":12}},"loc":{"start":{"line":75,"column":12},"end":{"line":77,"column":null}}},"9":{"name":"(anonymous_10)","decl":{"start":{"line":80,"column":2},"end":{"line":80,"column":7}},"loc":{"start":{"line":80,"column":7},"end":{"line":82,"column":null}}},"10":{"name":"(anonymous_11)","decl":{"start":{"line":84,"column":2},"end":{"line":84,"column":20}},"loc":{"start":{"line":84,"column":20},"end":{"line":86,"column":null}}},"11":{"name":"(anonymous_12)","decl":{"start":{"line":88,"column":2},"end":{"line":88,"column":19}},"loc":{"start":{"line":88,"column":19},"end":{"line":90,"column":null}}},"12":{"name":"(anonymous_13)","decl":{"start":{"line":92,"column":2},"end":{"line":92,"column":20}},"loc":{"start":{"line":92,"column":50},"end":{"line":94,"column":null}}},"13":{"name":"(anonymous_14)","decl":{"start":{"line":96,"column":2},"end":{"line":96,"column":14}},"loc":{"start":{"line":96,"column":64},"end":{"line":117,"column":null}}},"14":{"name":"(anonymous_15)","decl":{"start":{"line":107,"column":6},"end":{"line":107,"column":7}},"loc":{"start":{"line":107,"column":7},"end":{"line":113,"column":null}}},"15":{"name":"(anonymous_16)","decl":{"start":{"line":109,"column":48},"end":{"line":109,"column":49}},"loc":{"start":{"line":109,"column":49},"end":{"line":111,"column":null}}}},"branchMap":{"0":{"loc":{"start":{"line":38,"column":8},"end":{"line":40,"column":null}},"type":"if","locations":[{"start":{"line":38,"column":8},"end":{"line":40,"column":null}}]},"1":{"loc":{"start":{"line":52,"column":6},"end":{"line":56,"column":null}},"type":"if","locations":[{"start":{"line":52,"column":6},"end":{"line":56,"column":null}}]},"2":{"loc":{"start":{"line":99,"column":4},"end":{"line":103,"column":null}},"type":"if","locations":[{"start":{"line":99,"column":4},"end":{"line":103,"column":null}}]}},"s":{"0":5,"1":2,"2":2,"3":2,"4":2,"5":2,"6":2,"7":2,"8":4,"9":4,"10":4,"11":1,"12":1,"13":4,"14":0,"15":0,"16":0,"17":0,"18":0,"19":0,"20":1,"21":0,"22":1,"23":1,"24":4,"25":4,"26":4,"27":4,"28":4,"29":4,"30":1,"31":1,"32":3,"33":1,"34":1,"35":1,"36":1,"37":0,"38":1,"39":1,"40":1,"41":1,"42":1,"43":1,"44":1},"f":{"0":4,"1":4,"2":1,"3":0,"4":0,"5":0,"6":1,"7":4,"8":1,"9":1,"10":3,"11":1,"12":1,"13":1,"14":1,"15":1},"b":{"0":[0],"1":[0],"2":[0]}}
,"/Users/kushanjoshi/code/bangle-io-2/packages/app-worker/naukar/logger.ts": {"path":"/Users/kushanjoshi/code/bangle-io-2/packages/app-worker/naukar/logger.ts","statementMap":{"0":{"start":{"line":3,"column":13},"end":{"line":3,"column":22}},"1":{"start":{"line":1,"column":23},"end":{"line":1,"column":null}},"2":{"start":{"line":3,"column":22},"end":{"line":3,"column":null}}},"fnMap":{},"branchMap":{},"s":{"0":5,"1":2,"2":2},"f":{},"b":{}}
,"/Users/kushanjoshi/code/bangle-io-2/packages/app-worker/naukar-common/index.ts": {"path":"/Users/kushanjoshi/code/bangle-io-2/packages/app-worker/naukar-common/index.ts","statementMap":{"0":{"start":{"line":9,"column":13},"end":{"line":9,"column":31}},"1":{"start":{"line":19,"column":13},"end":{"line":19,"column":30}},"2":{"start":{"line":23,"column":13},"end":{"line":23,"column":32}},"3":{"start":{"line":1,"column":20},"end":{"line":1,"column":null}},"4":{"start":{"line":9,"column":53},"end":{"line":13,"column":null}},"5":{"start":{"line":19,"column":33},"end":{"line":20,"column":null}},"6":{"start":{"line":20,"column":8},"end":{"line":20,"column":null}},"7":{"start":{"line":23,"column":35},"end":{"line":23,"column":null}},"8":{"start":{"line":23,"column":60},"end":{"line":23,"column":null}}},"fnMap":{"0":{"name":"(anonymous_4)","decl":{"start":{"line":20,"column":2},"end":{"line":20,"column":8}},"loc":{"start":{"line":20,"column":8},"end":{"line":20,"column":null}}},"1":{"name":"(anonymous_5)","decl":{"start":{"line":23,"column":54},"end":{"line":23,"column":60}},"loc":{"start":{"line":23,"column":60},"end":{"line":23,"column":null}}}},"branchMap":{},"s":{"0":4,"1":4,"2":4,"3":2,"4":2,"5":2,"6":4,"7":2,"8":4},"f":{"0":4,"1":4},"b":{}}
,"/Users/kushanjoshi/code/bangle-io-2/packages/app-worker/naukar-store/index.ts": {"path":"/Users/kushanjoshi/code/bangle-io-2/packages/app-worker/naukar-store/index.ts","statementMap":{"0":{"start":{"line":14,"column":16},"end":{"line":14,"column":33}},"1":{"start":{"line":12,"column":9},"end":{"line":12,"column":29}},"2":{"start":{"line":1,"column":45},"end":{"line":1,"column":null}},"3":{"start":{"line":6,"column":7},"end":{"line":6,"column":null}},"4":{"start":{"line":7,"column":60},"end":{"line":7,"column":null}},"5":{"start":{"line":10,"column":23},"end":{"line":10,"column":null}},"6":{"start":{"line":11,"column":33},"end":{"line":11,"column":null}},"7":{"start":{"line":21,"column":2},"end":{"line":28,"column":null}},"8":{"start":{"line":22,"column":4},"end":{"line":23,"column":null}},"9":{"start":{"line":25,"column":4},"end":{"line":25,"column":null}},"10":{"start":{"line":27,"column":4},"end":{"line":27,"column":null}},"11":{"start":{"line":30,"column":16},"end":{"line":39,"column":null}},"12":{"start":{"line":41,"column":2},"end":{"line":44,"column":null}},"13":{"start":{"line":46,"column":2},"end":{"line":46,"column":null}}},"fnMap":{"0":{"name":"createNaukarStore","decl":{"start":{"line":14,"column":16},"end":{"line":14,"column":33}},"loc":{"start":{"line":18,"column":1},"end":{"line":47,"column":null}}}},"branchMap":{"0":{"loc":{"start":{"line":21,"column":2},"end":{"line":28,"column":null}},"type":"if","locations":[{"start":{"line":21,"column":2},"end":{"line":28,"column":null}},{"start":{"line":26,"column":9},"end":{"line":28,"column":null}}]}},"s":{"0":4,"1":4,"2":2,"3":2,"4":2,"5":2,"6":2,"7":4,"8":1,"9":1,"10":3,"11":4,"12":4,"13":4},"f":{"0":4},"b":{"0":[1,3]}}
,"/Users/kushanjoshi/code/bangle-io-2/packages/app-worker/naukar-store/logger.ts": {"path":"/Users/kushanjoshi/code/bangle-io-2/packages/app-worker/naukar-store/logger.ts","statementMap":{"0":{"start":{"line":3,"column":13},"end":{"line":3,"column":22}},"1":{"start":{"line":1,"column":23},"end":{"line":1,"column":null}},"2":{"start":{"line":3,"column":22},"end":{"line":3,"column":null}}},"fnMap":{},"branchMap":{},"s":{"0":1,"1":2,"2":2},"f":{},"b":{}}
,"/Users/kushanjoshi/code/bangle-io-2/packages/app-worker/naukar-store/slices/slice-window-state.ts": {"path":"/Users/kushanjoshi/code/bangle-io-2/packages/app-worker/naukar-store/slices/slice-window-state.ts","statementMap":{"0":{"start":{"line":38,"column":13},"end":{"line":38,"column":32}},"1":{"start":{"line":1,"column":26},"end":{"line":1,"column":null}},"2":{"start":{"line":3,"column":48},"end":{"line":3,"column":null}},"3":{"start":{"line":6,"column":12},"end":{"line":6,"column":null}},"4":{"start":{"line":8,"column":32},"end":{"line":8,"column":null}},"5":{"start":{"line":13,"column":2},"end":{"line":15,"column":null}},"6":{"start":{"line":14,"column":4},"end":{"line":14,"column":null}},"7":{"start":{"line":18,"column":26},"end":{"line":20,"column":null}},"8":{"start":{"line":19,"column":2},"end":{"line":19,"column":null}},"9":{"start":{"line":22,"column":27},"end":{"line":24,"column":null}},"10":{"start":{"line":23,"column":2},"end":{"line":23,"column":null}},"11":{"start":{"line":26,"column":26},"end":{"line":28,"column":null}},"12":{"start":{"line":27,"column":2},"end":{"line":27,"column":null}},"13":{"start":{"line":30,"column":27},"end":{"line":32,"column":null}},"14":{"start":{"line":31,"column":2},"end":{"line":31,"column":null}},"15":{"start":{"line":34,"column":28},"end":{"line":36,"column":null}},"16":{"start":{"line":35,"column":2},"end":{"line":35,"column":null}},"17":{"start":{"line":38,"column":32},"end":{"line":47,"column":null}}},"fnMap":{"0":{"name":"updateWindowReplica","decl":{"start":{"line":10,"column":9},"end":{"line":10,"column":null}},"loc":{"start":{"line":11,"column":76},"end":{"line":16,"column":null}}},"1":{"name":"(anonymous_2)","decl":{"start":{"line":13,"column":40},"end":{"line":13,"column":41}},"loc":{"start":{"line":13,"column":41},"end":{"line":15,"column":null}}},"2":{"name":"(anonymous_3)","decl":{"start":{"line":18,"column":37},"end":{"line":18,"column":38}},"loc":{"start":{"line":18,"column":38},"end":{"line":20,"column":null}}},"3":{"name":"(anonymous_4)","decl":{"start":{"line":22,"column":38},"end":{"line":22,"column":39}},"loc":{"start":{"line":22,"column":39},"end":{"line":24,"column":null}}},"4":{"name":"(anonymous_5)","decl":{"start":{"line":26,"column":37},"end":{"line":26,"column":38}},"loc":{"start":{"line":26,"column":38},"end":{"line":28,"column":null}}},"5":{"name":"(anonymous_6)","decl":{"start":{"line":30,"column":38},"end":{"line":30,"column":39}},"loc":{"start":{"line":30,"column":39},"end":{"line":32,"column":null}}},"6":{"name":"(anonymous_7)","decl":{"start":{"line":34,"column":39},"end":{"line":34,"column":40}},"loc":{"start":{"line":34,"column":40},"end":{"line":36,"column":null}}}},"branchMap":{},"s":{"0":8,"1":2,"2":2,"3":2,"4":2,"5":1,"6":1,"7":2,"8":0,"9":2,"10":0,"11":2,"12":0,"13":2,"14":0,"15":2,"16":0,"17":2},"f":{"0":1,"1":1,"2":0,"3":0,"4":0,"5":0,"6":0},"b":{}}
,"/Users/kushanjoshi/code/bangle-io-2/packages/js-lib/abortable-worker/assert-signal.ts": {"path":"/Users/kushanjoshi/code/bangle-io-2/packages/js-lib/abortable-worker/assert-signal.ts","statementMap":{"0":{"start":{"line":2,"column":16},"end":{"line":2,"column":29}},"1":{"start":{"line":3,"column":2},"end":{"line":5,"column":null}},"2":{"start":{"line":4,"column":4},"end":{"line":4,"column":null}}},"fnMap":{"0":{"name":"assertSignal","decl":{"start":{"line":2,"column":16},"end":{"line":2,"column":29}},"loc":{"start":{"line":2,"column":48},"end":{"line":6,"column":null}}}},"branchMap":{"0":{"loc":{"start":{"line":3,"column":2},"end":{"line":5,"column":null}},"type":"if","locations":[{"start":{"line":3,"column":2},"end":{"line":5,"column":null}}]}},"s":{"0":2,"1":2,"2":0},"f":{"0":2},"b":{"0":[0]}}
,"/Users/kushanjoshi/code/bangle-io-2/packages/js-lib/abortable-worker/main-inject-abortable-proxy.ts": {"path":"/Users/kushanjoshi/code/bangle-io-2/packages/js-lib/abortable-worker/main-inject-abortable-proxy.ts","statementMap":{"0":{"start":{"line":18,"column":16},"end":{"line":18,"column":null}},"1":{"start":{"line":1,"column":26},"end":{"line":1,"column":null}},"2":{"start":{"line":3,"column":29},"end":{"line":3,"column":null}},"3":{"start":{"line":4,"column":49},"end":{"line":4,"column":null}},"4":{"start":{"line":28,"column":2},"end":{"line":70,"column":null}},"5":{"start":{"line":30,"column":21},"end":{"line":30,"column":null}},"6":{"start":{"line":32,"column":6},"end":{"line":66,"column":null}},"7":{"start":{"line":37,"column":8},"end":{"line":65,"column":null}},"8":{"start":{"line":38,"column":10},"end":{"line":42,"column":null}},"9":{"start":{"line":39,"column":12},"end":{"line":40,"column":null}},"10":{"start":{"line":44,"column":10},"end":{"line":44,"column":null}},"11":{"start":{"line":46,"column":22},"end":{"line":46,"column":null}},"12":{"start":{"line":48,"column":10},"end":{"line":54,"column":null}},"13":{"start":{"line":51,"column":14},"end":{"line":51,"column":null}},"14":{"start":{"line":52,"column":14},"end":{"line":52,"column":null}},"15":{"start":{"line":57,"column":10},"end":{"line":63,"column":null}},"16":{"start":{"line":59,"column":14},"end":{"line":61,"column":null}},"17":{"start":{"line":60,"column":16},"end":{"line":60,"column":null}},"18":{"start":{"line":62,"column":14},"end":{"line":62,"column":null}},"19":{"start":{"line":68,"column":6},"end":{"line":68,"column":null}}},"fnMap":{"0":{"name":"mainInjectAbortableProxy","decl":{"start":{"line":18,"column":16},"end":{"line":18,"column":null}},"loc":{"start":{"line":26,"column":8},"end":{"line":71,"column":null}}},"1":{"name":"(anonymous_2)","decl":{"start":{"line":29,"column":4},"end":{"line":29,"column":8}},"loc":{"start":{"line":29,"column":21},"end":{"line":69,"column":null}}},"2":{"name":"(anonymous_3)","decl":{"start":{"line":37,"column":15},"end":{"line":37,"column":16}},"loc":{"start":{"line":37,"column":41},"end":{"line":65,"column":null}}},"3":{"name":"(anonymous_4)","decl":{"start":{"line":50,"column":12},"end":{"line":50,"column":null}},"loc":{"start":{"line":50,"column":12},"end":{"line":53,"column":null}}},"4":{"name":"(anonymous_5)","decl":{"start":{"line":58,"column":12},"end":{"line":58,"column":13}},"loc":{"start":{"line":58,"column":13},"end":{"line":63,"column":null}}}},"branchMap":{"0":{"loc":{"start":{"line":22,"column":2},"end":{"line":26,"column":8}},"type":"default-arg","locations":[{"start":{"line":26,"column":6},"end":{"line":26,"column":8}}]},"1":{"loc":{"start":{"line":23,"column":4},"end":{"line":23,"column":43}},"type":"default-arg","locations":[{"start":{"line":23,"column":32},"end":{"line":23,"column":43}}]},"2":{"loc":{"start":{"line":32,"column":6},"end":{"line":66,"column":null}},"type":"if","locations":[{"start":{"line":32,"column":6},"end":{"line":66,"column":null}}]},"3":{"loc":{"start":{"line":33,"column":8},"end":{"line":35,"column":null}},"type":"binary-expr","locations":[{"start":{"line":33,"column":8},"end":{"line":33,"column":null}},{"start":{"line":34,"column":8},"end":{"line":34,"column":null}},{"start":{"line":35,"column":8},"end":{"line":35,"column":null}}]},"4":{"loc":{"start":{"line":38,"column":10},"end":{"line":42,"column":null}},"type":"if","locations":[{"start":{"line":38,"column":10},"end":{"line":42,"column":null}}]},"5":{"loc":{"start":{"line":59,"column":14},"end":{"line":61,"column":null}},"type":"if","locations":[{"start":{"line":59,"column":14},"end":{"line":61,"column":null}}]}},"s":{"0":3,"1":1,"2":1,"3":1,"4":3,"5":3,"6":3,"7":2,"8":2,"9":0,"10":2,"11":2,"12":2,"13":1,"14":1,"15":2,"16":1,"17":1,"18":0,"19":1},"f":{"0":3,"1":3,"2":2,"3":1,"4":1},"b":{"0":[3],"1":[3],"2":[2],"3":[3,3,2],"4":[0],"5":[1]}}
,"/Users/kushanjoshi/code/bangle-io-2/packages/js-lib/abortable-worker/util.ts": {"path":"/Users/kushanjoshi/code/bangle-io-2/packages/js-lib/abortable-worker/util.ts","statementMap":{"0":{"start":{"line":3,"column":13},"end":{"line":3,"column":48}},"1":{"start":{"line":3,"column":48},"end":{"line":3,"column":97}}},"fnMap":{},"branchMap":{},"s":{"0":8,"1":2},"f":{},"b":{}}
,"/Users/kushanjoshi/code/bangle-io-2/packages/js-lib/abortable-worker/worker-abortable-function-wrapper.ts": {"path":"/Users/kushanjoshi/code/bangle-io-2/packages/js-lib/abortable-worker/worker-abortable-function-wrapper.ts","statementMap":{"0":{"start":{"line":18,"column":16},"end":{"line":18,"column":null}},"1":{"start":{"line":1,"column":29},"end":{"line":1,"column":null}},"2":{"start":{"line":4,"column":49},"end":{"line":4,"column":null}},"3":{"start":{"line":21,"column":2},"end":{"line":74,"column":null}},"4":{"start":{"line":24,"column":4},"end":{"line":74,"column":null}},"5":{"start":{"line":25,"column":6},"end":{"line":30,"column":null}},"6":{"start":{"line":26,"column":8},"end":{"line":27,"column":null}},"7":{"start":{"line":29,"column":8},"end":{"line":29,"column":null}},"8":{"start":{"line":32,"column":28},"end":{"line":32,"column":null}},"9":{"start":{"line":36,"column":6},"end":{"line":41,"column":null}},"10":{"start":{"line":37,"column":8},"end":{"line":37,"column":null}},"11":{"start":{"line":38,"column":8},"end":{"line":38,"column":null}},"12":{"start":{"line":40,"column":8},"end":{"line":40,"column":null}},"13":{"start":{"line":43,"column":6},"end":{"line":43,"column":null}},"14":{"start":{"line":45,"column":6},"end":{"line":72,"column":null}},"15":{"start":{"line":48,"column":10},"end":{"line":48,"column":null}},"16":{"start":{"line":49,"column":10},"end":{"line":51,"column":null}},"17":{"start":{"line":54,"column":10},"end":{"line":54,"column":null}},"18":{"start":{"line":61,"column":10},"end":{"line":61,"column":null}},"19":{"start":{"line":63,"column":10},"end":{"line":69,"column":null}},"20":{"start":{"line":64,"column":12},"end":{"line":64,"column":null}},"21":{"start":{"line":68,"column":12},"end":{"line":68,"column":null}},"22":{"start":{"line":71,"column":10},"end":{"line":71,"column":null}}},"fnMap":{"0":{"name":"workerAbortableMethodWrapper","decl":{"start":{"line":18,"column":16},"end":{"line":18,"column":null}},"loc":{"start":{"line":19,"column":36},"end":{"line":75,"column":null}}},"1":{"name":"(anonymous_2)","decl":{"start":{"line":21,"column":9},"end":{"line":21,"column":null}},"loc":{"start":{"line":24,"column":4},"end":{"line":74,"column":null}}},"2":{"name":"(anonymous_3)","decl":{"start":{"line":24,"column":4},"end":{"line":24,"column":11}},"loc":{"start":{"line":24,"column":34},"end":{"line":74,"column":null}}},"3":{"name":"(anonymous_4)","decl":{"start":{"line":46,"column":8},"end":{"line":46,"column":9}},"loc":{"start":{"line":46,"column":9},"end":{"line":55,"column":null}}},"4":{"name":"(anonymous_5)","decl":{"start":{"line":56,"column":8},"end":{"line":56,"column":9}},"loc":{"start":{"line":56,"column":9},"end":{"line":72,"column":null}}}},"branchMap":{"0":{"loc":{"start":{"line":25,"column":6},"end":{"line":30,"column":null}},"type":"if","locations":[{"start":{"line":25,"column":6},"end":{"line":30,"column":null}}]},"1":{"loc":{"start":{"line":36,"column":6},"end":{"line":41,"column":null}},"type":"if","locations":[{"start":{"line":36,"column":6},"end":{"line":41,"column":null}},{"start":{"line":39,"column":13},"end":{"line":41,"column":null}}]},"2":{"loc":{"start":{"line":63,"column":10},"end":{"line":69,"column":null}},"type":"if","locations":[{"start":{"line":63,"column":10},"end":{"line":69,"column":null}}]}},"s":{"0":8,"1":2,"2":2,"3":8,"4":8,"5":8,"6":1,"7":1,"8":7,"9":7,"10":6,"11":6,"12":1,"13":7,"14":7,"15":3,"16":3,"17":3,"18":4,"19":4,"20":4,"21":4,"22":0},"f":{"0":8,"1":8,"2":8,"3":3,"4":4},"b":{"0":[1],"1":[6,1],"2":[4]}}
,"/Users/kushanjoshi/code/bangle-io-2/packages/js-lib/abortable-worker/worker-abortable.ts": {"path":"/Users/kushanjoshi/code/bangle-io-2/packages/js-lib/abortable-worker/worker-abortable.ts","statementMap":{"0":{"start":{"line":30,"column":16},"end":{"line":30,"column":34}},"1":{"start":{"line":17,"column":16},"end":{"line":17,"column":31}},"2":{"start":{"line":3,"column":45},"end":{"line":3,"column":null}},"3":{"start":{"line":20,"column":43},"end":{"line":20,"column":null}},"4":{"start":{"line":22,"column":2},"end":{"line":26,"column":null}},"5":{"start":{"line":34,"column":2},"end":{"line":47,"column":null}},"6":{"start":{"line":37,"column":20},"end":{"line":37,"column":null}},"7":{"start":{"line":39,"column":6},"end":{"line":45,"column":null}},"8":{"start":{"line":40,"column":8},"end":{"line":40,"column":null}},"9":{"start":{"line":41,"column":8},"end":{"line":41,"column":null}},"10":{"start":{"line":42,"column":8},"end":{"line":42,"column":null}},"11":{"start":{"line":44,"column":8},"end":{"line":44,"column":null}}},"fnMap":{"0":{"name":"workerAbortable","decl":{"start":{"line":17,"column":16},"end":{"line":17,"column":31}},"loc":{"start":{"line":18,"column":17},"end":{"line":28,"column":null}}},"1":{"name":"workerAbortHandler","decl":{"start":{"line":30,"column":16},"end":{"line":30,"column":34}},"loc":{"start":{"line":32,"column":36},"end":{"line":48,"column":null}}},"2":{"name":"(anonymous_5)","decl":{"start":{"line":36,"column":33},"end":{"line":36,"column":40}},"loc":{"start":{"line":36,"column":40},"end":{"line":46,"column":null}}}},"branchMap":{"0":{"loc":{"start":{"line":39,"column":6},"end":{"line":45,"column":null}},"type":"if","locations":[{"start":{"line":39,"column":6},"end":{"line":45,"column":null}},{"start":{"line":43,"column":13},"end":{"line":45,"column":null}}]}},"s":{"0":0,"1":8,"2":2,"3":8,"4":8,"5":8,"6":4,"7":4,"8":3,"9":3,"10":3,"11":1},"f":{"0":8,"1":8,"2":4},"b":{"0":[3,1]}}
,"/Users/kushanjoshi/code/bangle-io-2/packages/js-lib/baby-fs/base-fs.ts": {"path":"/Users/kushanjoshi/code/bangle-io-2/packages/js-lib/baby-fs/base-fs.ts","statementMap":{"0":{"start":{"line":7,"column":13},"end":{"line":7,"column":29}},"1":{"start":{"line":19,"column":22},"end":{"line":19,"column":36}},"2":{"start":{"line":75,"column":13},"end":{"line":75,"column":32}},"3":{"start":{"line":4,"column":26},"end":{"line":4,"column":null}},"4":{"start":{"line":10,"column":4},"end":{"line":10,"column":null}},"5":{"start":{"line":21,"column":14},"end":{"line":21,"column":null}},"6":{"start":{"line":49,"column":4},"end":{"line":51,"column":null}},"7":{"start":{"line":50,"column":6},"end":{"line":50,"column":null}},"8":{"start":{"line":55,"column":4},"end":{"line":57,"column":null}},"9":{"start":{"line":56,"column":6},"end":{"line":56,"column":null}}},"fnMap":{"0":{"name":"(anonymous_4)","decl":{"start":{"line":9,"column":2},"end":{"line":9,"column":14}},"loc":{"start":{"line":9,"column":55},"end":{"line":11,"column":null}}},"1":{"name":"(anonymous_5)","decl":{"start":{"line":20,"column":2},"end":{"line":20,"column":null}},"loc":{"start":{"line":25,"column":4},"end":{"line":25,"column":null}}},"2":{"name":"(anonymous_6)","decl":{"start":{"line":28,"column":2},"end":{"line":28,"column":8}},"loc":{"start":{"line":28,"column":15},"end":{"line":28,"column":null}}},"3":{"name":"(anonymous_7)","decl":{"start":{"line":30,"column":2},"end":{"line":30,"column":8}},"loc":{"start":{"line":30,"column":33},"end":{"line":30,"column":null}}},"4":{"name":"(anonymous_8)","decl":{"start":{"line":32,"column":2},"end":{"line":32,"column":8}},"loc":{"start":{"line":32,"column":40},"end":{"line":32,"column":null}}},"5":{"name":"(anonymous_9)","decl":{"start":{"line":40,"column":2},"end":{"line":40,"column":8}},"loc":{"start":{"line":40,"column":31},"end":{"line":40,"column":null}}},"6":{"name":"(anonymous_10)","decl":{"start":{"line":48,"column":2},"end":{"line":48,"column":18}},"loc":{"start":{"line":48,"column":36},"end":{"line":52,"column":null}}},"7":{"name":"(anonymous_11)","decl":{"start":{"line":54,"column":2},"end":{"line":54,"column":18}},"loc":{"start":{"line":54,"column":30},"end":{"line":58,"column":null}}}},"branchMap":{"0":{"loc":{"start":{"line":9,"column":14},"end":{"line":9,"column":53}},"type":"default-arg","locations":[{"start":{"line":9,"column":51},"end":{"line":9,"column":53}}]},"1":{"loc":{"start":{"line":9,"column":16},"end":{"line":9,"column":46}},"type":"default-arg","locations":[{"start":{"line":9,"column":26},"end":{"line":9,"column":46}}]},"2":{"loc":{"start":{"line":49,"column":4},"end":{"line":51,"column":null}},"type":"if","locations":[{"start":{"line":49,"column":4},"end":{"line":51,"column":null}}]},"3":{"loc":{"start":{"line":55,"column":4},"end":{"line":57,"column":null}},"type":"if","locations":[{"start":{"line":55,"column":4},"end":{"line":57,"column":null}}]}},"s":{"0":21,"1":3,"2":5,"3":2,"4":21,"5":16,"6":51,"7":0,"8":17,"9":0},"f":{"0":21,"1":16,"2":0,"3":0,"4":0,"5":0,"6":51,"7":17},"b":{"0":[21],"1":[21],"2":[0],"3":[0]}}
,"/Users/kushanjoshi/code/bangle-io-2/packages/js-lib/baby-fs/config.ts": {"path":"/Users/kushanjoshi/code/bangle-io-2/packages/js-lib/baby-fs/config.ts","statementMap":{"0":{"start":{"line":1,"column":13},"end":{"line":1,"column":39}},"1":{"start":{"line":1,"column":39},"end":{"line":1,"column":null}}},"fnMap":{},"branchMap":{},"s":{"0":0,"1":1},"f":{},"b":{}}
,"/Users/kushanjoshi/code/bangle-io-2/packages/js-lib/baby-fs/error-codes.ts": {"path":"/Users/kushanjoshi/code/bangle-io-2/packages/js-lib/baby-fs/error-codes.ts","statementMap":{"0":{"start":{"line":5,"column":13},"end":{"line":5,"column":38}},"1":{"start":{"line":1,"column":13},"end":{"line":1,"column":38}},"2":{"start":{"line":2,"column":13},"end":{"line":2,"column":33}},"3":{"start":{"line":6,"column":13},"end":{"line":6,"column":44}},"4":{"start":{"line":8,"column":13},"end":{"line":8,"column":46}},"5":{"start":{"line":4,"column":13},"end":{"line":4,"column":30}},"6":{"start":{"line":3,"column":13},"end":{"line":3,"column":27}},"7":{"start":{"line":1,"column":41},"end":{"line":1,"column":null}},"8":{"start":{"line":2,"column":36},"end":{"line":2,"column":null}},"9":{"start":{"line":3,"column":30},"end":{"line":3,"column":null}},"10":{"start":{"line":4,"column":33},"end":{"line":4,"column":null}},"11":{"start":{"line":5,"column":41},"end":{"line":5,"column":null}},"12":{"start":{"line":7,"column":2},"end":{"line":7,"column":null}},"13":{"start":{"line":9,"column":2},"end":{"line":9,"column":null}}},"fnMap":{},"branchMap":{},"s":{"0":0,"1":1,"2":8,"3":0,"4":0,"5":0,"6":0,"7":2,"8":2,"9":2,"10":2,"11":2,"12":2,"13":2},"f":{},"b":{}}
,"/Users/kushanjoshi/code/bangle-io-2/packages/js-lib/baby-fs/index.ts": {"path":"/Users/kushanjoshi/code/bangle-io-2/packages/js-lib/baby-fs/index.ts","statementMap":{"0":{"start":{"line":1,"column":14},"end":{"line":1,"column":null}},"1":{"start":{"line":2,"column":14},"end":{"line":2,"column":null}},"2":{"start":{"line":3,"column":14},"end":{"line":3,"column":null}},"3":{"start":{"line":4,"column":14},"end":{"line":4,"column":null}},"4":{"start":{"line":5,"column":14},"end":{"line":5,"column":null}}},"fnMap":{},"branchMap":{},"s":{"0":1,"1":1,"2":1,"3":1,"4":1},"f":{},"b":{}}
,"/Users/kushanjoshi/code/bangle-io-2/packages/js-lib/baby-fs/indexed-db-fs.ts": {"path":"/Users/kushanjoshi/code/bangle-io-2/packages/js-lib/baby-fs/indexed-db-fs.ts","statementMap":{"0":{"start":{"line":106,"column":13},"end":{"line":106,"column":32}},"1":{"start":{"line":250,"column":13},"end":{"line":250,"column":37}},"2":{"start":{"line":2,"column":21},"end":{"line":2,"column":null}},"3":{"start":{"line":8,"column":7},"end":{"line":8,"column":null}},"4":{"start":{"line":13,"column":7},"end":{"line":13,"column":null}},"5":{"start":{"line":14,"column":55},"end":{"line":14,"column":null}},"6":{"start":{"line":17,"column":2},"end":{"line":24,"column":null}},"7":{"start":{"line":18,"column":4},"end":{"line":22,"column":null}},"8":{"start":{"line":28,"column":23},"end":{"line":28,"column":null}},"9":{"start":{"line":29,"column":26},"end":{"line":29,"column":null}},"10":{"start":{"line":39,"column":16},"end":{"line":49,"column":4}},"11":{"start":{"line":40,"column":4},"end":{"line":48,"column":null}},"12":{"start":{"line":42,"column":8},"end":{"line":46,"column":null}},"13":{"start":{"line":44,"column":12},"end":{"line":44,"column":null}},"14":{"start":{"line":53,"column":4},"end":{"line":55,"column":null}},"15":{"start":{"line":54,"column":30},"end":{"line":54,"column":null}},"16":{"start":{"line":64,"column":19},"end":{"line":66,"column":null}},"17":{"start":{"line":65,"column":30},"end":{"line":65,"column":null}},"18":{"start":{"line":69,"column":4},"end":{"line":73,"column":null}},"19":{"start":{"line":70,"column":6},"end":{"line":70,"column":null}},"20":{"start":{"line":72,"column":6},"end":{"line":72,"column":null}},"21":{"start":{"line":75,"column":4},"end":{"line":75,"column":null}},"22":{"start":{"line":79,"column":4},"end":{"line":81,"column":null}},"23":{"start":{"line":80,"column":30},"end":{"line":80,"column":null}},"24":{"start":{"line":90,"column":21},"end":{"line":90,"column":null}},"25":{"start":{"line":91,"column":21},"end":{"line":91,"column":null}},"26":{"start":{"line":92,"column":4},"end":{"line":92,"column":null}},"27":{"start":{"line":96,"column":34},"end":{"line":96,"column":null}},"28":{"start":{"line":97,"column":37},"end":{"line":97,"column":null}},"29":{"start":{"line":107,"column":27},"end":{"line":107,"column":60}},"30":{"start":{"line":107,"column":55},"end":{"line":107,"column":60}},"31":{"start":{"line":109,"column":16},"end":{"line":117,"column":4}},"32":{"start":{"line":110,"column":4},"end":{"line":116,"column":null}},"33":{"start":{"line":112,"column":8},"end":{"line":114,"column":null}},"34":{"start":{"line":113,"column":10},"end":{"line":113,"column":null}},"35":{"start":{"line":122,"column":4},"end":{"line":126,"column":null}},"36":{"start":{"line":125,"column":24},"end":{"line":125,"column":null}},"37":{"start":{"line":128,"column":4},"end":{"line":130,"column":null}},"38":{"start":{"line":129,"column":6},"end":{"line":129,"column":null}},"39":{"start":{"line":132,"column":4},"end":{"line":132,"column":null}},"40":{"start":{"line":136,"column":4},"end":{"line":138,"column":null}},"41":{"start":{"line":137,"column":6},"end":{"line":137,"column":null}},"42":{"start":{"line":139,"column":15},"end":{"line":141,"column":null}},"43":{"start":{"line":140,"column":30},"end":{"line":140,"column":null}},"44":{"start":{"line":144,"column":4},"end":{"line":146,"column":null}},"45":{"start":{"line":145,"column":6},"end":{"line":145,"column":null}},"46":{"start":{"line":147,"column":4},"end":{"line":149,"column":null}},"47":{"start":{"line":148,"column":6},"end":{"line":148,"column":null}},"48":{"start":{"line":151,"column":4},"end":{"line":153,"column":null}},"49":{"start":{"line":152,"column":6},"end":{"line":152,"column":null}},"50":{"start":{"line":155,"column":19},"end":{"line":155,"column":null}},"51":{"start":{"line":155,"column":48},"end":{"line":155,"column":73}},"52":{"start":{"line":157,"column":4},"end":{"line":157,"column":null}},"53":{"start":{"line":161,"column":4},"end":{"line":161,"column":null}},"54":{"start":{"line":163,"column":17},"end":{"line":165,"column":null}},"55":{"start":{"line":164,"column":30},"end":{"line":164,"column":null}},"56":{"start":{"line":168,"column":4},"end":{"line":173,"column":null}},"57":{"start":{"line":169,"column":6},"end":{"line":172,"column":null}},"58":{"start":{"line":175,"column":4},"end":{"line":175,"column":null}},"59":{"start":{"line":179,"column":4},"end":{"line":179,"column":null}},"60":{"start":{"line":181,"column":17},"end":{"line":181,"column":null}},"61":{"start":{"line":182,"column":24},"end":{"line":182,"column":null}},"62":{"start":{"line":184,"column":4},"end":{"line":184,"column":null}},"63":{"start":{"line":188,"column":4},"end":{"line":188,"column":null}},"64":{"start":{"line":189,"column":4},"end":{"line":189,"column":null}},"65":{"start":{"line":191,"column":17},"end":{"line":191,"column":null}},"66":{"start":{"line":193,"column":4},"end":{"line":202,"column":null}},"67":{"start":{"line":194,"column":6},"end":{"line":194,"column":null}},"68":{"start":{"line":196,"column":6},"end":{"line":198,"column":null}},"69":{"start":{"line":197,"column":8},"end":{"line":197,"column":null}},"70":{"start":{"line":199,"column":6},"end":{"line":201,"column":null}},"71":{"start":{"line":200,"column":8},"end":{"line":200,"column":null}},"72":{"start":{"line":204,"column":4},"end":{"line":209,"column":null}},"73":{"start":{"line":205,"column":6},"end":{"line":208,"column":null}},"74":{"start":{"line":210,"column":4},"end":{"line":210,"column":null}},"75":{"start":{"line":211,"column":4},"end":{"line":211,"column":null}},"76":{"start":{"line":215,"column":4},"end":{"line":215,"column":null}},"77":{"start":{"line":217,"column":4},"end":{"line":217,"column":null}},"78":{"start":{"line":218,"column":19},"end":{"line":220,"column":null}},"79":{"start":{"line":223,"column":4},"end":{"line":223,"column":null}},"80":{"start":{"line":227,"column":4},"end":{"line":227,"column":null}},"81":{"start":{"line":229,"column":4},"end":{"line":233,"column":null}},"82":{"start":{"line":231,"column":8},"end":{"line":231,"column":null}},"83":{"start":{"line":235,"column":4},"end":{"line":235,"column":null}},"84":{"start":{"line":239,"column":4},"end":{"line":239,"column":null}},"85":{"start":{"line":240,"column":4},"end":{"line":240,"column":null}},"86":{"start":{"line":241,"column":17},"end":{"line":242,"column":null}},"87":{"start":{"line":242,"column":6},"end":{"line":242,"column":null}},"88":{"start":{"line":245,"column":4},"end":{"line":245,"column":null}},"89":{"start":{"line":246,"column":4},"end":{"line":246,"column":null}},"90":{"start":{"line":253,"column":2},"end":{"line":255,"column":null}},"91":{"start":{"line":254,"column":4},"end":{"line":254,"column":null}},"92":{"start":{"line":257,"column":2},"end":{"line":259,"column":null}},"93":{"start":{"line":257,"column":27},"end":{"line":257,"column":54}},"94":{"start":{"line":258,"column":4},"end":{"line":258,"column":null}},"95":{"start":{"line":261,"column":2},"end":{"line":261,"column":null}}},"fnMap":{"0":{"name":"catchUpstream","decl":{"start":{"line":16,"column":9},"end":{"line":16,"column":26}},"loc":{"start":{"line":16,"column":70},"end":{"line":25,"column":null}}},"1":{"name":"(anonymous_7)","decl":{"start":{"line":17,"column":26},"end":{"line":17,"column":27}},"loc":{"start":{"line":17,"column":27},"end":{"line":24,"column":null}}},"2":{"name":"(anonymous_8)","decl":{"start":{"line":39,"column":16},"end":{"line":39,"column":null}},"loc":{"start":{"line":39,"column":16},"end":{"line":49,"column":4}}},"3":{"name":"(anonymous_9)","decl":{"start":{"line":41,"column":6},"end":{"line":41,"column":14}},"loc":{"start":{"line":41,"column":28},"end":{"line":47,"column":null}}},"4":{"name":"(anonymous_10)","decl":{"start":{"line":52,"column":2},"end":{"line":52,"column":8}},"loc":{"start":{"line":52,"column":30},"end":{"line":57,"column":null}}},"5":{"name":"(anonymous_11)","decl":{"start":{"line":54,"column":22},"end":{"line":54,"column":23}},"loc":{"start":{"line":54,"column":30},"end":{"line":54,"column":null}}},"6":{"name":"(anonymous_12)","decl":{"start":{"line":60,"column":2},"end":{"line":60,"column":8}},"loc":{"start":{"line":63,"column":31},"end":{"line":76,"column":null}}},"7":{"name":"(anonymous_13)","decl":{"start":{"line":65,"column":22},"end":{"line":65,"column":23}},"loc":{"start":{"line":65,"column":30},"end":{"line":65,"column":null}}},"8":{"name":"(anonymous_14)","decl":{"start":{"line":78,"column":2},"end":{"line":78,"column":8}},"loc":{"start":{"line":78,"column":58},"end":{"line":83,"column":null}}},"9":{"name":"(anonymous
[...]
,"/Users/kushanjoshi/code/bangle-io-2/packages/shared/constants/workspace.ts": {"path":"/Users/kushanjoshi/code/bangle-io-2/packages/shared/constants/workspace.ts","statementMap":{"0":{"start":{"line":12,"column":13},"end":{"line":12,"column":42}},"1":{"start":{"line":1,"column":12},"end":{"line":1,"column":null}},"2":{"start":{"line":12,"column":45},"end":{"line":12,"column":null}}},"fnMap":{"0":{"name":"(anonymous_3)","decl":{"start":{"line":1,"column":12},"end":{"line":1,"column":null}},"loc":{"start":{"line":1,"column":12},"end":{"line":1,"column":null}}}},"branchMap":{"0":{"loc":{"start":{"line":1,"column":12},"end":{"line":1,"column":null}},"type":"binary-expr","locations":[{"start":{"line":1,"column":12},"end":{"line":1,"column":null}},{"start":{"line":1,"column":12},"end":{"line":1,"column":null}}]}},"s":{"0":0,"1":13,"2":13},"f":{"0":13},"b":{"0":[13,13]}}
,"/Users/kushanjoshi/code/bangle-io-2/packages/shared/constants/write-disk.ts": {"path":"/Users/kushanjoshi/code/bangle-io-2/packages/shared/constants/write-disk.ts","statementMap":{"0":{"start":{"line":1,"column":13},"end":{"line":1,"column":39}},"1":{"start":{"line":1,"column":39},"end":{"line":1,"column":null}}},"fnMap":{},"branchMap":{},"s":{"0":0,"1":13},"f":{},"b":{}}
,"/Users/kushanjoshi/code/bangle-io-2/packages/shared/constants/core/core-dialogs.ts": {"path":"/Users/kushanjoshi/code/bangle-io-2/packages/shared/constants/core/core-dialogs.ts","statementMap":{"0":{"start":{"line":7,"column":13},"end":{"line":7,"column":33}},"1":{"start":{"line":25,"column":13},"end":{"line":25,"column":37}},"2":{"start":{"line":19,"column":13},"end":{"line":19,"column":46}},"3":{"start":{"line":13,"column":13},"end":{"line":13,"column":48}},"4":{"start":{"line":1,"column":13},"end":{"line":1,"column":33}},"5":{"start":{"line":16,"column":13},"end":{"line":16,"column":49}},"6":{"start":{"line":10,"column":13},"end":{"line":10,"column":38}},"7":{"start":{"line":22,"column":13},"end":{"line":22,"column":43}},"8":{"start":{"line":4,"column":13},"end":{"line":4,"column":36}},"9":{"start":{"line":2,"column":2},"end":{"line":2,"column":null}},"10":{"start":{"line":5,"column":2},"end":{"line":5,"column":null}},"11":{"start":{"line":8,"column":2},"end":{"line":8,"column":null}},"12":{"start":{"line":11,"column":2},"end":{"line":11,"column":null}},"13":{"start":{"line":14,"column":2},"end":{"line":14,"column":null}},"14":{"start":{"line":17,"column":2},"end":{"line":17,"column":null}},"15":{"start":{"line":20,"column":2},"end":{"line":20,"column":null}},"16":{"start":{"line":23,"column":2},"end":{"line":23,"column":null}},"17":{"start":{"line":26,"column":2},"end":{"line":26,"column":null}}},"fnMap":{},"branchMap":{},"s":{"0":0,"1":0,"2":0,"3":0,"4":0,"5":0,"6":0,"7":0,"8":0,"9":13,"10":13,"11":13,"12":13,"13":13,"14":13,"15":13,"16":13,"17":13},"f":{},"b":{}}
,"/Users/kushanjoshi/code/bangle-io-2/packages/shared/constants/core/core-operations.ts": {"path":"/Users/kushanjoshi/code/bangle-io-2/packages/shared/constants/core/core-operations.ts","statementMap":{"0":{"start":{"line":35,"column":13},"end":{"line":35,"column":41}},"1":{"start":{"line":32,"column":13},"end":{"line":32,"column":46}},"2":{"start":{"line":4,"column":13},"end":{"line":4,"column":53}},"3":{"start":{"line":1,"column":13},"end":{"line":1,"column":55}},"4":{"start":{"line":7,"column":13},"end":{"line":7,"column":56}},"5":{"start":{"line":22,"column":13},"end":{"line":22,"column":37}},"6":{"start":{"line":25,"column":13},"end":{"line":25,"column":42}},"7":{"start":{"line":16,"column":13},"end":{"line":16,"column":46}},"8":{"start":{"line":30,"column":13},"end":{"line":30,"column":48}},"9":{"start":{"line":19,"column":13},"end":{"line":19,"column":52}},"10":{"start":{"line":13,"column":13},"end":{"line":13,"column":58}},"11":{"start":{"line":10,"column":13},"end":{"line":10,"column":50}},"12":{"start":{"line":28,"column":13},"end":{"line":28,"column":48}},"13":{"start":{"line":2,"column":2},"end":{"line":2,"column":null}},"14":{"start":{"line":5,"column":2},"end":{"line":5,"column":null}},"15":{"start":{"line":8,"column":2},"end":{"line":8,"column":null}},"16":{"start":{"line":11,"column":2},"end":{"line":11,"column":null}},"17":{"start":{"line":14,"column":2},"end":{"line":14,"column":null}},"18":{"start":{"line":17,"column":2},"end":{"line":17,"column":null}},"19":{"start":{"line":20,"column":2},"end":{"line":20,"column":null}},"20":{"start":{"line":23,"column":2},"end":{"line":23,"column":null}},"21":{"start":{"line":26,"column":2},"end":{"line":26,"column":null}},"22":{"start":{"line":29,"column":2},"end":{"line":29,"column":null}},"23":{"start":{"line":31,"column":2},"end":{"line":31,"column":null}},"24":{"start":{"line":33,"column":2},"end":{"line":33,"column":null}},"25":{"start":{"line":36,"column":2},"end":{"line":36,"column":null}}},"fnMap":{},"branchMap":{},"s":{"0":0,"1":0,"2":0,"3":0,"4":0,"5":0,"6":0,"7":0,"8":0,"9":0,"10":0,"11":0,"12":0,"13":13,"14":13,"15":13,"16":13,"17":13,"18":13,"19":13,"20":13,"21":13,"22":13,"23":13,"24":13,"25":13},"f":{},"b":{}}
,"/Users/kushanjoshi/code/bangle-io-2/packages/shared/constants/core/core-palettes.ts": {"path":"/Users/kushanjoshi/code/bangle-io-2/packages/shared/constants/core/core-palettes.ts","statementMap":{"0":{"start":{"line":7,"column":13},"end":{"line":7,"column":47}},"1":{"start":{"line":1,"column":13},"end":{"line":1,"column":51}},"2":{"start":{"line":4,"column":13},"end":{"line":4,"column":51}},"3":{"start":{"line":2,"column":2},"end":{"line":2,"column":null}},"4":{"start":{"line":5,"column":2},"end":{"line":5,"column":null}},"5":{"start":{"line":8,"column":2},"end":{"line":8,"column":null}},"6":{"start":{"line":10,"column":12},"end":{"line":10,"column":null}}},"fnMap":{"0":{"name":"(anonymous_5)","decl":{"start":{"line":10,"column":12},"end":{"line":10,"column":null}},"loc":{"start":{"line":10,"column":12},"end":{"line":10,"column":null}}}},"branchMap":{"0":{"loc":{"start":{"line":10,"column":12},"end":{"line":10,"column":null}},"type":"binary-expr","locations":[{"start":{"line":10,"column":12},"end":{"line":10,"column":null}},{"start":{"line":10,"column":12},"end":{"line":10,"column":null}}]}},"s":{"0":0,"1":0,"2":0,"3":13,"4":13,"5":13,"6":13},"f":{"0":13},"b":{"0":[13,13]}}
,"/Users/kushanjoshi/code/bangle-io-2/packages/shared/css-vars/index.ts": {"path":"/Users/kushanjoshi/code/bangle-io-2/packages/shared/css-vars/index.ts","statementMap":{"0":{"start":{"line":1,"column":9},"end":{"line":1,"column":23}},"1":{"start":{"line":2,"column":9},"end":{"line":2,"column":22}},"2":{"start":{"line":1,"column":23},"end":{"line":1,"column":35}},"3":{"start":{"line":2,"column":22},"end":{"line":2,"column":40}},"4":{"start":{"line":1,"column":35},"end":{"line":1,"column":null}},"5":{"start":{"line":2,"column":40},"end":{"line":2,"column":null}}},"fnMap":{},"branchMap":{},"s":{"0":99,"1":5280,"2":35,"3":63,"4":3,"5":3},"f":{},"b":{}}
,"/Users/kushanjoshi/code/bangle-io-2/packages/shared/css-vars/tokens.ts": {"path":"/Users/kushanjoshi/code/bangle-io-2/packages/shared/css-vars/tokens.ts","statementMap":{"0":{"start":{"line":3,"column":9},"end":{"line":3,"column":22}},"1":{"start":{"line":183,"column":13},"end":{"line":183,"column":19}},"2":{"start":{"line":3,"column":22},"end":{"line":3,"column":40}},"3":{"start":{"line":3,"column":40},"end":{"line":3,"column":null}},"4":{"start":{"line":6,"column":34},"end":{"line":161,"column":null}},"5":{"start":{"line":164,"column":2},"end":{"line":179,"column":null}},"6":{"start":{"line":183,"column":22},"end":{"line":183,"column":null}}},"fnMap":{"0":{"name":"createToneColors","decl":{"start":{"line":163,"column":9},"end":{"line":163,"column":null}},"loc":{"start":{"line":163,"column":9},"end":{"line":180,"column":null}}}},"branchMap":{},"s":{"0":0,"1":6,"2":6,"3":3,"4":3,"5":18,"6":3},"f":{"0":18},"b":{}}
,"/Users/kushanjoshi/code/bangle-io-2/packages/shared/css-vars/vars.ts": {"path":"/Users/kushanjoshi/code/bangle-io-2/packages/shared/css-vars/vars.ts","statementMap":{"0":{"start":{"line":15,"column":16},"end":{"line":15,"column":28}},"1":{"start":{"line":11,"column":13},"end":{"line":11,"column":32}},"2":{"start":{"line":4,"column":13},"end":{"line":4,"column":17}},"3":{"start":{"line":1,"column":35},"end":{"line":1,"column":null}},"4":{"start":{"line":4,"column":20},"end":{"line":8,"column":null}},"5":{"start":{"line":5,"column":14},"end":{"line":5,"column":null}},"6":{"start":{"line":7,"column":2},"end":{"line":7,"column":null}},"7":{"start":{"line":11,"column":35},"end":{"line":13,"column":null}},"8":{"start":{"line":12,"column":2},"end":{"line":12,"column":null}},"9":{"start":{"line":16,"column":13},"end":{"line":19,"column":null}},"10":{"start":{"line":18,"column":32},"end":{"line":18,"column":null}},"11":{"start":{"line":21,"column":2},"end":{"line":23,"column":null}},"12":{"start":{"line":22,"column":4},"end":{"line":22,"column":null}},"13":{"start":{"line":25,"column":2},"end":{"line":25,"column":null}},"14":{"start":{"line":29,"column":2},"end":{"line":29,"column":null}}},"fnMap":{"0":{"name":"(anonymous_4)","decl":{"start":{"line":4,"column":39},"end":{"line":4,"column":40}},"loc":{"start":{"line":4,"column":47},"end":{"line":8,"column":null}}},"1":{"name":"(anonymous_5)","decl":{"start":{"line":11,"column":54},"end":{"line":11,"column":55}},"loc":{"start":{"line":11,"column":62},"end":{"line":13,"column":null}}},"2":{"name":"createRawVar","decl":{"start":{"line":15,"column":16},"end":{"line":15,"column":28}},"loc":{"start":{"line":15,"column":43},"end":{"line":26,"column":null}}},"3":{"name":"(anonymous_7)","decl":{"start":{"line":18,"column":25},"end":{"line":18,"column":26}},"loc":{"start":{"line":18,"column":32},"end":{"line":18,"column":null}}},"4":{"name":"makeFirstCharUpperCase","decl":{"start":{"line":28,"column":9},"end":{"line":28,"column":32}},"loc":{"start":{"line":28,"column":43},"end":{"line":30,"column":null}}}},"branchMap":{"0":{"loc":{"start":{"line":17,"column":4},"end":{"line":17,"column":null}},"type":"binary-expr","locations":[{"start":{"line":17,"column":4},"end":{"line":17,"column":11}},{"start":{"line":17,"column":15},"end":{"line":17,"column":null}}]},"1":{"loc":{"start":{"line":21,"column":2},"end":{"line":23,"column":null}},"type":"if","locations":[{"start":{"line":21,"column":2},"end":{"line":23,"column":null}}]}},"s":{"0":99,"1":1,"2":35,"3":3,"4":3,"5":528,"6":528,"7":3,"8":528,"9":1155,"10":1894,"11":1155,"12":1155,"13":0,"14":1894},"f":{"0":528,"1":528,"2":1155,"3":1894,"4":1894},"b":{"0":[1155,0],"1":[1155]}}
,"/Users/kushanjoshi/code/bangle-io-2/packages/shared/css-vars/walk-object.ts": {"path":"/Users/kushanjoshi/code/bangle-io-2/packages/shared/css-vars/walk-object.ts","statementMap":{"0":{"start":{"line":47,"column":16},"end":{"line":47,"column":27}},"1":{"start":{"line":14,"column":16},"end":{"line":14,"column":26}},"2":{"start":{"line":19,"column":16},"end":{"line":19,"column":null}},"3":{"start":{"line":21,"column":2},"end":{"line":42,"column":null}},"4":{"start":{"line":22,"column":18},"end":{"line":22,"column":26}},"5":{"start":{"line":23,"column":24},"end":{"line":23,"column":null}},"6":{"start":{"line":25,"column":4},"end":{"line":41,"column":null}},"7":{"start":{"line":30,"column":6},"end":{"line":30,"column":null}},"8":{"start":{"line":31,"column":11},"end":{"line":41,"column":null}},"9":{"start":{"line":32,"column":6},"end":{"line":32,"column":null}},"10":{"start":{"line":34,"column":6},"end":{"line":39,"column":null}},"11":{"start":{"line":44,"column":2},"end":{"line":44,"column":null}},"12":{"start":{"line":48,"column":15},"end":{"line":48,"column":null}},"13":{"start":{"line":50,"column":2},"end":{"line":55,"column":null}},"14":{"start":{"line":51,"column":4},"end":{"line":53,"column":null}},"15":{"start":{"line":52,"column":6},"end":{"line":52,"column":null}},"16":{"start":{"line":54,"column":4},"end":{"line":54,"column":null}},"17":{"start":{"line":57,"column":2},"end":{"line":57,"column":null}}},"fnMap":{"0":{"name":"walkObject","decl":{"start":{"line":14,"column":16},"end":{"line":14,"column":26}},"loc":{"start":{"line":17,"column":21},"end":{"line":45,"column":null}}},"1":{"name":"getFromPath","decl":{"start":{"line":47,"column":16},"end":{"line":47,"column":27}},"loc":{"start":{"line":47,"column":52},"end":{"line":58,"column":null}}}},"branchMap":{"0":{"loc":{"start":{"line":17,"column":2},"end":{"line":17,"column":21}},"type":"default-arg","locations":[{"start":{"line":17,"column":19},"end":{"line":17,"column":21}}]},"1":{"loc":{"start":{"line":25,"column":4},"end":{"line":41,"column":null}},"type":"if","locations":[{"start":{"line":25,"column":4},"end":{"line":41,"column":null}},{"start":{"line":31,"column":11},"end":{"line":41,"column":null}}]},"2":{"loc":{"start":{"line":26,"column":6},"end":{"line":28,"column":null}},"type":"binary-expr","locations":[{"start":{"line":26,"column":6},"end":{"line":26,"column":null}},{"start":{"line":27,"column":6},"end":{"line":27,"column":null}},{"start":{"line":28,"column":6},"end":{"line":28,"column":null}}]},"3":{"loc":{"start":{"line":31,"column":11},"end":{"line":41,"column":null}},"type":"if","locations":[{"start":{"line":31,"column":11},"end":{"line":41,"column":null}},{"start":{"line":33,"column":11},"end":{"line":41,"column":null}}]},"4":{"loc":{"start":{"line":31,"column":15},"end":{"line":31,"column":67}},"type":"binary-expr","locations":[{"start":{"line":31,"column":15},"end":{"line":31,"column":44}},{"start":{"line":31,"column":44},"end":{"line":31,"column":67}}]},"5":{"loc":{"start":{"line":38,"column":10},"end":{"line":38,"column":null}},"type":"cond-expr","locations":[{"start":{"line":38,"column":33},"end":{"line":38,"column":43}},{"start":{"line":38,"column":43},"end":{"line":38,"column":null}}]},"6":{"loc":{"start":{"line":51,"column":4},"end":{"line":53,"column":null}},"type":"if","locations":[{"start":{"line":51,"column":4},"end":{"line":53,"column":null}}]}},"s":{"0":5280,"1":69,"2":988,"3":988,"4":7354,"5":7354,"6":7354,"7":6435,"8":919,"9":919,"10":0,"11":988,"12":5280,"13":5280,"14":14220,"15":0,"16":14220,"17":5280},"f":{"0":988,"1":5280},"b":{"0":[69],"1":[6435,919],"2":[7354,919,919],"3":[919,0],"4":[919,919],"5":[0,0],"6":[0]}}
,"/Users/kushanjoshi/code/bangle-io-2/packages/test-utils/test-utils-common/index.ts": {"path":"/Users/kushanjoshi/code/bangle-io-2/packages/test-utils/test-utils-common/index.ts","statementMap":{"0":{"start":{"line":3,"column":13},"end":{"line":3,"column":18}},"1":{"start":{"line":1,"column":20},"end":{"line":1,"column":41}},"2":{"start":{"line":1,"column":41},"end":{"line":1,"column":null}},"3":{"start":{"line":3,"column":21},"end":{"line":4,"column":null}},"4":{"start":{"line":4,"column":2},"end":{"line":4,"column":null}},"5":{"start":{"line":4,"column":27},"end":{"line":4,"column":null}}},"fnMap":{"0":{"name":"(anonymous_4)","decl":{"start":{"line":3,"column":21},"end":{"line":3,"column":22}},"loc":{"start":{"line":4,"column":2},"end":{"line":4,"column":null}}},"1":{"name":"(anonymous_5)","decl":{"start":{"line":4,"column":14},"end":{"line":4,"column":15}},"loc":{"start":{"line":4,"column":27},"end":{"line":4,"column":null}}}},"branchMap":{"0":{"loc":{"start":{"line":3,"column":22},"end":{"line":3,"column":29}},"type":"default-arg","locations":[{"start":{"line":3,"column":27},"end":{"line":3,"column":29}}]}},"s":{"0":0,"1":8,"2":3,"3":3,"4":0,"5":0},"f":{"0":0,"1":0},"b":{"0":[0]}}
,"/Users/kushanjoshi/code/bangle-io-2/packages/test-utils/test-utils-slice/index.ts": {"path":"/Users/kushanjoshi/code/bangle-io-2/packages/test-utils/test-utils-slice/index.ts","statementMap":{"0":{"start":{"line":1,"column":14},"end":{"line":1,"column":null}}},"fnMap":{},"branchMap":{},"s":{"0":5},"f":{},"b":{}}
,"/Users/kushanjoshi/code/bangle-io-2/packages/test-utils/test-utils-slice/slice-tester.ts": {"path":"/Users/kushanjoshi/code/bangle-io-2/packages/test-utils/test-utils-slice/slice-tester.ts","statementMap":{"0":{"start":{"line":11,"column":13},"end":{"line":11,"column":35}},"1":{"start":{"line":1,"column":48},"end":{"line":1,"column":null}},"2":{"start":{"line":6,"column":7},"end":{"line":6,"column":null}},"3":{"start":{"line":7,"column":44},"end":{"line":7,"column":null}},"4":{"start":{"line":9,"column":14},"end":{"line":9,"column":null}},"5":{"start":{"line":9,"column":26},"end":{"line":9,"column":null}},"6":{"start":{"line":9,"column":51},"end":{"line":9,"column":null}},"7":{"start":{"line":11,"column":35},"end":{"line":56,"column":null}},"8":{"start":{"line":25,"column":6},"end":{"line":25,"column":null}},"9":{"start":{"line":26,"column":16},"end":{"line":33,"column":null}},"10":{"start":{"line":35,"column":2},"end":{"line":40,"column":null}},"11":{"start":{"line":42,"column":2},"end":{"line":55,"column":null}},"12":{"start":{"line":45,"column":6},"end":{"line":45,"column":null}},"13":{"start":{"line":46,"column":21},"end":{"line":46,"column":null}},"14":{"start":{"line":47,"column":6},"end":{"line":50,"column":null}},"15":{"start":{"line":48,"column":8},"end":{"line":48,"column":null}},"16":{"start":{"line":49,"column":8},"end":{"line":49,"column":null}},"17":{"start":{"line":51,"column":6},"end":{"line":51,"column":null}},"18":{"start":{"line":53,"column":6},"end":{"line":53,"column":null}}},"fnMap":{"0":{"name":"(anonymous_1)","decl":{"start":{"line":9,"column":14},"end":{"line":9,"column":15}},"loc":{"start":{"line":9,"column":26},"end":{"line":9,"column":null}}},"1":{"name":"(anonymous_2)","decl":{"start":{"line":9,"column":38},"end":{"line":9,"column":39}},"loc":{"start":{"line":9,"column":51},"end":{"line":9,"column":null}}},"2":{"name":"(anonymous_3)","decl":{"start":{"line":11,"column":35},"end":{"line":11,"column":36}},"loc":{"start":{"line":21,"column":6},"end":{"line":56,"column":null}}},"3":{"name":"(anonymous_4)","decl":{"start":{"line":44,"column":16},"end":{"line":44,"column":null}},"loc":{"start":{"line":44,"column":16},"end":{"line":54,"column":null}}},"4":{"name":"(anonymous_5)","decl":{"start":{"line":47,"column":38},"end":{"line":47,"column":39}},"loc":{"start":{"line":47,"column":39},"end":{"line":50,"column":null}}}},"branchMap":{"0":{"loc":{"start":{"line":9,"column":15},"end":{"line":9,"column":21}},"type":"default-arg","locations":[{"start":{"line":9,"column":20},"end":{"line":9,"column":21}}]},"1":{"loc":{"start":{"line":11,"column":36},"end":{"line":21,"column":6}},"type":"default-arg","locations":[{"start":{"line":21,"column":4},"end":{"line":21,"column":6}}]},"2":{"loc":{"start":{"line":12,"column":2},"end":{"line":12,"column":25}},"type":"default-arg","locations":[{"start":{"line":12,"column":21},"end":{"line":12,"column":25}}]},"3":{"loc":{"start":{"line":13,"column":2},"end":{"line":13,"column":25}},"type":"default-arg","locations":[{"start":{"line":13,"column":21},"end":{"line":13,"column":25}}]},"4":{"loc":{"start":{"line":14,"column":2},"end":{"line":14,"column":13}},"type":"default-arg","locations":[{"start":{"line":14,"column":11},"end":{"line":14,"column":13}}]},"5":{"loc":{"start":{"line":37,"column":17},"end":{"line":37,"column":null}},"type":"cond-expr","locations":[{"start":{"line":37,"column":36},"end":{"line":37,"column":47}},{"start":{"line":37,"column":47},"end":{"line":37,"column":null}}]}},"s":{"0":24,"1":5,"2":5,"3":5,"4":5,"5":72,"6":72,"7":5,"8":24,"9":24,"10":24,"11":24,"12":36,"13":36,"14":36,"15":100,"16":100,"17":36,"18":36},"f":{"0":72,"1":72,"2":24,"3":36,"4":100},"b":{"0":[0],"1":[0],"2":[24],"3":[21],"4":[0],"5":[21,3]}}
,"/Users/kushanjoshi/code/bangle-io-2/packages/tooling/jest-utils/styleMock.js": {"path":"/Users/kushanjoshi/code/bangle-io-2/packages/tooling/jest-utils/styleMock.js","statementMap":{"0":{"start":{"line":1,"column":0},"end":{"line":1,"column":null}}},"fnMap":{},"branchMap":{},"s":{"0":3},"f":{},"b":{}}
}
