TN:
SF:packages/app-bundler/app-root/helpers.ts
FN:6,getDebugFlag
FNF:1
FNH:1
FNDA:1,getDebugFlag
DA:1,1
DA:4,1
DA:6,1
DA:9,1
DA:11,1
DA:13,1
DA:15,1
DA:16,0
DA:22,0
DA:25,1
LF:10
LH:8
BRDA:15,0,0,0
BRF:1
BRH:0
end_of_record
TN:
SF:packages/app-bundler/app-root/logger.ts
FNF:0
FNH:0
DA:1,1
DA:3,1
LF:2
LH:2
BRF:0
BRH:0
end_of_record
TN:
SF:packages/app-bundler/setup-eternal-vars/common-setup.ts
FN:18,setupCommon
FN:23,(anonymous_2)
FN:33,(anonymous_3)
FN:80,(anonymous_4)
FN:83,(anonymous_5)
FN:92,(anonymous_6)
FN:101,(anonymous_7)
FN:119,(anonymous_8)
FN:120,(anonymous_9)
FNF:9
FNH:1
FNDA:2,setupCommon
FNDA:0,(anonymous_2)
FNDA:0,(anonymous_3)
FNDA:0,(anonymous_4)
FNDA:0,(anonymous_5)
FNDA:0,(anonymous_6)
FNDA:0,(anonymous_7)
FNDA:0,(anonymous_8)
FNDA:0,(anonymous_9)
DA:1,1
DA:2,1
DA:3,1
DA:4,1
DA:10,1
DA:12,1
DA:15,1
DA:16,1
DA:18,2
DA:19,2
DA:21,2
DA:23,2
DA:28,2
DA:30,2
DA:31,2
DA:33,2
DA:34,0
DA:37,0
DA:38,0
DA:39,0
DA:43,0
DA:44,0
DA:47,0
DA:50,0
DA:52,0
DA:53,0
DA:57,0
DA:58,0
DA:62,0
DA:63,0
DA:67,0
DA:68,0
DA:72,0
DA:73,0
DA:78,2
DA:81,0
DA:83,0
DA:84,0
DA:89,0
DA:92,0
DA:93,0
DA:98,0
DA:101,0
DA:102,0
DA:107,0
DA:110,0
DA:111,0
DA:117,2
DA:120,0
DA:121,0
DA:128,2
LF:51
LH:19
BRDA:37,0,0,0
BRDA:43,1,0,0
BRDA:50,2,0,0
BRDA:50,2,1,0
BRDA:50,2,2,0
BRDA:50,2,3,0
BRDA:50,2,4,0
BRDA:81,3,0,0
BRDA:81,3,1,0
BRDA:81,3,2,0
BRDA:81,3,3,0
BRF:11
BRH:0
end_of_record
TN:
SF:packages/app-bundler/setup-eternal-vars/logger.ts
FNF:0
FNH:0
DA:1,1
DA:3,2
LF:2
LH:2
BRF:0
BRH:0
end_of_record
TN:
SF:packages/app-bundler/setup-eternal-vars/window/index.ts
FN:10,setupEternalVarsWindow
FNF:1
FNH:1
FNDA:1,setupEternalVarsWindow
DA:3,1
DA:10,1
DA:13,1
LF:3
LH:3
BRF:0
BRH:0
end_of_record
TN:
SF:packages/app-bundler/setup-eternal-vars/worker/index.ts
FN:14,setupEternalVarsWorker
FNF:1
FNH:1
FNDA:1,setupEternalVarsWorker
DA:6,1
DA:14,1
DA:17,1
LF:3
LH:3
BRF:0
BRH:0
end_of_record
TN:
SF:packages/app-bundler/setup-worker/index.ts
FN:26,setupWorker
FN:52,(anonymous_5)
FN:54,(anonymous_6)
FN:63,(anonymous_7)
FN:91,(anonymous_8)
FN:95,(anonymous_9)
FN:102,(anonymous_10)
FNF:7
FNH:4
FNDA:1,setupWorker
FNDA:6,(anonymous_5)
FNDA:6,(anonymous_6)
FNDA:1,(anonymous_7)
FNDA:0,(anonymous_8)
FNDA:0,(anonymous_9)
FNDA:0,(anonymous_10)
DA:1,1
DA:3,1
DA:4,1
DA:5,1
DA:6,1
DA:7,1
DA:8,1
DA:15,1
DA:19,1
DA:26,1
DA:31,1
DA:33,1
DA:37,1
DA:38,1
DA:46,1
DA:51,1
DA:54,6
DA:55,6
DA:56,6
DA:61,1
DA:64,1
DA:68,0
DA:76,0
DA:83,0
DA:91,0
DA:92,0
DA:95,0
DA:96,0
DA:97,0
DA:99,0
DA:102,0
DA:103,0
DA:107,0
LF:33
LH:21
BRDA:31,0,0,1
BRDA:33,1,0,1
BRDA:33,1,1,0
BRF:3
BRH:2
end_of_record
TN:
SF:packages/app-bundler/setup-worker/logger.ts
FNF:0
FNH:0
DA:1,1
DA:3,1
LF:2
LH:2
BRF:0
BRH:0
end_of_record
TN:
SF:packages/app-bundler/ui-theme/create-stylesheet.ts
FN:43,mergeWithDefaults
FN:56,createStyleSheetObj
FN:135,createStyleSheet
FN:141,(anonymous_15)
FN:147,(anonymous_16)
FN:161,createSmallScreenOverride
FN:164,(anonymous_18)
FN:173,cssVarsToStrArray
FN:174,(anonymous_20)
FN:177,convertTokensToVars
FN:183,(anonymous_22)
FN:201,wrapVarsCss
FNF:12
FNH:8
FNDA:30,mergeWithDefaults
FNDA:19,createStyleSheetObj
FNDA:0,createStyleSheet
FNDA:0,(anonymous_15)
FNDA:0,(anonymous_16)
FNDA:33,createSmallScreenOverride
FNDA:99,(anonymous_18)
FNDA:63,cssVarsToStrArray
FNDA:5349,(anonymous_20)
FNDA:30,convertTokensToVars
FNDA:5280,(anonymous_22)
FNDA:0,wrapVarsCss
DA:6,1
DA:7,1
DA:16,1
DA:18,1
DA:20,0
DA:23,17
DA:24,1
DA:25,15
DA:26,10
DA:27,15
DA:28,9
DA:32,1
DA:48,30
DA:53,30
DA:56,19
DA:73,19
DA:75,19
DA:76,8
DA:85,8
DA:90,8
DA:95,11
DA:100,11
DA:106,11
DA:108,11
DA:115,11
DA:120,11
DA:125,11
DA:132,19
DA:135,0
DA:138,0
DA:140,0
DA:142,0
DA:147,0
DA:161,3
DA:162,33
DA:164,33
DA:165,99
DA:166,99
DA:170,33
DA:173,0
DA:174,5349
DA:177,0
DA:180,30
DA:181,30
DA:183,30
DA:184,5280
DA:185,0
DA:188,5280
DA:190,5280
DA:193,5280
DA:194,5250
DA:198,30
DA:202,0
LF:53
LH:43
BRDA:18,0,0,0
BRDA:75,1,0,8
BRDA:75,1,1,11
BRDA:87,2,0,8
BRDA:87,2,1,8
BRDA:117,3,0,11
BRDA:117,3,1,8
BRDA:122,4,0,11
BRDA:122,4,1,7
BRDA:165,5,0,99
BRDA:184,6,0,0
BRDA:184,7,0,5280
BRDA:184,7,1,0
BRDA:193,8,0,5250
BRDA:193,9,0,5280
BRDA:193,9,1,5250
BRF:16
BRH:13
end_of_record
TN:
SF:packages/app-bundler/ui-theme/dark-colors.ts
FNF:0
FNH:0
DA:3,1
DA:5,7
DA:37,1
LF:3
LH:3
BRF:0
BRH:0
end_of_record
TN:
SF:packages/app-bundler/ui-theme/default-tokens.ts
FNF:0
FNH:0
DA:1,1
DA:4,1
DA:5,1
DA:6,1
DA:11,1
DA:13,19
DA:157,11
DA:184,8
DA:186,1
DA:194,11
DA:196,1
DA:204,11
DA:207,1
LF:13
LH:13
BRF:0
BRH:0
end_of_record
TN:
SF:packages/app-bundler/ui-theme/light-colors.ts
FNF:0
FNH:0
DA:3,1
DA:6,1
DA:7,1
DA:8,1
DA:9,1
DA:10,1
DA:11,1
DA:12,1
DA:13,1
DA:14,1
DA:15,1
DA:16,1
DA:17,1
DA:18,1
DA:20,6
DA:52,3
LF:16
LH:16
BRF:0
BRH:0
end_of_record
TN:
SF:packages/app-bundler/ui-theme/spectrum.ts
FNF:0
FNH:0
DA:1,76
DA:183,87
LF:2
LH:2
BRF:0
BRH:0
end_of_record
TN:
SF:packages/app-bundler/uno-preset-bangle/theme/colors.ts
FN:7,(anonymous_1)
FN:8,(anonymous_2)
FN:13,(anonymous_3)
FN:19,(anonymous_4)
FN:21,(anonymous_5)
FN:30,firstCharUpperCase
FNF:6
FNH:6
FNDA:6,(anonymous_1)
FNDA:84,(anonymous_2)
FNDA:392,(anonymous_3)
FNDA:24,(anonymous_4)
FNDA:205,(anonymous_5)
FNDA:192,firstCharUpperCase
DA:3,1
DA:5,1
DA:8,84
DA:13,392
DA:17,1
DA:19,24
DA:21,1
DA:22,205
DA:24,1
DA:26,1
DA:27,0
DA:31,192
LF:12
LH:11
BRDA:26,0,0,0
BRF:1
BRH:0
end_of_record
TN:
SF:packages/app-window/window-store/index.ts
FN:19,createWindowStore
FN:42,(anonymous_2)
FNF:2
FNH:1
FNDA:1,createWindowStore
FNDA:0,(anonymous_2)
DA:1,1
DA:7,1
DA:12,1
DA:13,1
DA:14,1
DA:16,1
DA:17,1
DA:19,1
DA:24,1
DA:25,1
DA:28,1
DA:30,0
DA:33,1
DA:43,0
DA:49,1
DA:57,1
DA:59,1
LF:17
LH:15
BRDA:21,0,0,0
BRDA:24,1,0,1
BRDA:24,1,1,0
BRF:3
BRH:1
end_of_record
TN:
SF:packages/app-window/window-store/logger.ts
FNF:0
FNH:0
DA:1,1
DA:3,1
LF:2
LH:2
BRF:0
BRH:0
end_of_record
TN:
SF:packages/app-window/window-store/slices/sync-with-worker.ts
FN:22,(anonymous_4)
FN:25,(anonymous_5)
FN:27,(anonymous_6)
FN:32,(anonymous_7)
FN:46,(anonymous_8)
FN:51,updatePatches
FN:60,(anonymous_10)
FN:81,(anonymous_11)
FN:87,(anonymous_12)
FN:96,(anonymous_13)
FN:102,(anonymous_14)
FNF:11
FNH:10
FNDA:1,(anonymous_4)
FNDA:1,(anonymous_5)
FNDA:1,(anonymous_6)
FNDA:0,(anonymous_7)
FNDA:1,(anonymous_8)
FNDA:2,updatePatches
FNDA:2,(anonymous_10)
FNDA:1,(anonymous_11)
FNDA:1,(anonymous_12)
FNDA:1,(anonymous_13)
FNDA:1,(anonymous_14)
DA:1,1
DA:2,1
DA:3,1
DA:5,1
DA:6,1
DA:7,1
DA:12,1
DA:13,1
DA:15,1
DA:17,1
DA:18,1
DA:20,1
DA:22,1
DA:23,1
DA:25,1
DA:27,1
DA:28,1
DA:29,1
DA:31,1
DA:33,0
DA:34,0
DA:36,0
DA:37,0
DA:39,0
DA:44,1
DA:46,1
DA:47,1
DA:55,2
DA:56,2
DA:57,2
DA:60,1
DA:61,2
DA:62,2
DA:64,2
DA:66,2
DA:67,2
DA:68,1
DA:71,1
DA:72,1
DA:74,1
DA:81,1
DA:83,1
DA:84,1
DA:85,1
DA:88,1
DA:89,1
DA:90,1
DA:91,1
DA:96,1
DA:97,1
DA:98,1
DA:100,1
DA:103,1
DA:104,1
LF:54
LH:49
BRDA:33,0,0,0
BRDA:36,1,0,0
BRDA:36,1,1,0
BRDA:67,2,0,1
BRF:4
BRH:1
end_of_record
TN:
SF:packages/app-worker/naukar/index.ts
FN:24,setupWindowAction
FN:28,(anonymous_2)
FN:29,(anonymous_3)
FN:37,(anonymous_4)
FN:43,(anonymous_5)
FN:44,(anonymous_6)
FN:51,(anonymous_7)
FN:68,(anonymous_8)
FN:75,(anonymous_9)
FN:80,(anonymous_10)
FN:84,(anonymous_11)
FN:88,(anonymous_12)
FN:92,(anonymous_13)
FN:96,(anonymous_14)
FN:107,(anonymous_15)
FN:109,(anonymous_16)
FNF:16
FNH:13
FNDA:4,setupWindowAction
FNDA:4,(anonymous_2)
FNDA:1,(anonymous_3)
FNDA:0,(anonymous_4)
FNDA:0,(anonymous_5)
FNDA:0,(anonymous_6)
FNDA:1,(anonymous_7)
FNDA:4,(anonymous_8)
FNDA:1,(anonymous_9)
FNDA:1,(anonymous_10)
FNDA:3,(anonymous_11)
FNDA:1,(anonymous_12)
FNDA:1,(anonymous_13)
FNDA:1,(anonymous_14)
FNDA:1,(anonymous_15)
FNDA:1,(anonymous_16)
DA:1,2
DA:3,2
DA:4,2
DA:8,2
DA:9,2
DA:16,2
DA:18,2
DA:25,4
DA:28,4
DA:29,4
DA:30,1
DA:31,1
DA:35,4
DA:38,0
DA:39,0
DA:43,0
DA:44,0
DA:45,0
DA:46,0
DA:52,1
DA:53,0
DA:57,1
DA:58,1
DA:63,5
DA:64,4
DA:65,4
DA:68,4
DA:69,4
DA:70,4
DA:72,4
DA:76,1
DA:81,1
DA:85,3
DA:89,1
DA:93,1
DA:97,1
DA:99,1
DA:100,0
DA:104,1
DA:106,1
DA:108,1
DA:109,1
DA:110,1
DA:112,1
DA:116,1
LF:45
LH:37
BRDA:38,0,0,0
BRDA:52,1,0,0
BRDA:99,2,0,0
BRF:3
BRH:0
end_of_record
TN:
SF:packages/app-worker/naukar/logger.ts
FNF:0
FNH:0
DA:1,2
DA:3,5
LF:2
LH:2
BRF:0
BRH:0
end_of_record
TN:
SF:packages/app-worker/naukar-common/index.ts
FN:20,(anonymous_4)
FN:23,(anonymous_5)
FNF:2
FNH:2
FNDA:4,(anonymous_4)
FNDA:4,(anonymous_5)
DA:1,2
DA:9,4
DA:19,4
DA:20,4
DA:23,4
LF:5
LH:5
BRF:0
BRH:0
end_of_record
TN:
SF:packages/app-worker/naukar-store/index.ts
FN:14,createNaukarStore
FNF:1
FNH:1
FNDA:4,createNaukarStore
DA:1,2
DA:6,2
DA:7,2
DA:10,2
DA:11,2
DA:12,4
DA:14,4
DA:21,4
DA:22,1
DA:25,1
DA:27,3
DA:30,4
DA:41,4
DA:46,4
LF:14
LH:14
BRDA:21,0,0,1
BRDA:21,0,1,3
BRF:2
BRH:2
end_of_record
TN:
SF:packages/app-worker/naukar-store/logger.ts
FNF:0
FNH:0
DA:1,2
DA:3,2
LF:2
LH:2
BRF:0
BRH:0
end_of_record
TN:
SF:packages/app-worker/naukar-store/slices/slice-window-state.ts
FN:10,updateWindowReplica
FN:13,(anonymous_2)
FN:18,(anonymous_3)
FN:22,(anonymous_4)
FN:26,(anonymous_5)
FN:30,(anonymous_6)
FN:34,(anonymous_7)
FNF:7
FNH:2
FNDA:1,updateWindowReplica
FNDA:1,(anonymous_2)
FNDA:0,(anonymous_3)
FNDA:0,(anonymous_4)
FNDA:0,(anonymous_5)
FNDA:0,(anonymous_6)
FNDA:0,(anonymous_7)
DA:1,2
DA:3,2
DA:6,2
DA:8,2
DA:13,1
DA:14,1
DA:18,2
DA:19,0
DA:22,2
DA:23,0
DA:26,2
DA:27,0
DA:30,2
DA:31,0
DA:34,2
DA:35,0
DA:38,8
LF:17
LH:12
BRF:0
BRH:0
end_of_record
TN:
SF:packages/js-lib/abortable-worker/assert-signal.ts
FN:2,assertSignal
FNF:1
FNH:1
FNDA:2,assertSignal
DA:2,2
DA:3,2
DA:4,0
LF:3
LH:2
BRDA:3,0,0,0
BRF:1
BRH:0
end_of_record
TN:
SF:packages/js-lib/abortable-worker/main-inject-abortable-proxy.ts
FN:18,mainInjectAbortableProxy
FN:29,(anonymous_2)
FN:37,(anonymous_3)
FN:50,(anonymous_4)
FN:58,(anonymous_5)
FNF:5
FNH:5
FNDA:3,mainInjectAbortableProxy
FNDA:3,(anonymous_2)
FNDA:2,(anonymous_3)
FNDA:1,(anonymous_4)
FNDA:1,(anonymous_5)
DA:1,1
DA:3,1
DA:4,1
DA:18,3
DA:28,3
DA:30,3
DA:32,3
DA:37,2
DA:38,2
DA:39,0
DA:44,2
DA:46,2
DA:48,2
DA:51,1
DA:52,1
DA:57,2
DA:59,1
DA:60,1
DA:62,0
DA:68,1
LF:20
LH:18
BRDA:22,0,0,3
BRDA:23,1,0,3
BRDA:32,2,0,2
BRDA:33,3,0,3
BRDA:33,3,1,3
BRDA:33,3,2,2
BRDA:38,4,0,0
BRDA:59,5,0,1
BRF:8
BRH:7
end_of_record
TN:
SF:packages/js-lib/abortable-worker/util.ts
FNF:0
FNH:0
DA:3,8
LF:1
LH:1
BRF:0
BRH:0
end_of_record
TN:
SF:packages/js-lib/abortable-worker/worker-abortable-function-wrapper.ts
FN:18,workerAbortableMethodWrapper
FN:21,(anonymous_2)
FN:24,(anonymous_3)
FN:46,(anonymous_4)
FN:56,(anonymous_5)
FNF:5
FNH:5
FNDA:8,workerAbortableMethodWrapper
FNDA:8,(anonymous_2)
FNDA:8,(anonymous_3)
FNDA:3,(anonymous_4)
FNDA:4,(anonymous_5)
DA:1,2
DA:4,2
DA:18,8
DA:21,8
DA:24,8
DA:25,8
DA:26,1
DA:29,1
DA:32,7
DA:36,7
DA:37,6
DA:38,6
DA:40,1
DA:43,7
DA:45,7
DA:48,3
DA:49,3
DA:54,3
DA:61,4
DA:63,4
DA:64,4
DA:68,4
DA:71,0
LF:23
LH:22
BRDA:25,0,0,1
BRDA:36,1,0,6
BRDA:36,1,1,1
BRDA:63,2,0,4
BRF:4
BRH:4
end_of_record
TN:
SF:packages/js-lib/abortable-worker/worker-abortable.ts
FN:17,workerAbortable
FN:30,workerAbortHandler
FN:36,(anonymous_5)
FNF:3
FNH:3
FNDA:8,workerAbortable
FNDA:8,workerAbortHandler
FNDA:4,(anonymous_5)
DA:3,2
DA:17,8
DA:20,8
DA:22,8
DA:30,0
DA:34,8
DA:37,4
DA:39,4
DA:40,3
DA:41,3
DA:42,3
DA:44,1
LF:12
LH:11
BRDA:39,0,0,3
BRDA:39,0,1,1
BRF:2
BRH:2
end_of_record
TN:
SF:packages/js-lib/baby-fs/base-fs.ts
FN:9,(anonymous_4)
FN:20,(anonymous_5)
FN:28,(anonymous_6)
FN:30,(anonymous_7)
FN:32,(anonymous_8)
FN:40,(anonymous_9)
FN:48,(anonymous_10)
FN:54,(anonymous_11)
FNF:8
FNH:4
FNDA:21,(anonymous_4)
FNDA:16,(anonymous_5)
FNDA:0,(anonymous_6)
FNDA:0,(anonymous_7)
FNDA:0,(anonymous_8)
FNDA:0,(anonymous_9)
FNDA:51,(anonymous_10)
FNDA:17,(anonymous_11)
DA:4,2
DA:7,21
DA:10,21
DA:19,3
DA:21,16
DA:49,51
DA:50,0
DA:55,17
DA:56,0
DA:75,5
LF:10
LH:8
BRDA:9,0,0,21
BRDA:9,1,0,21
BRDA:49,2,0,0
BRDA:55,3,0,0
BRF:4
BRH:2
end_of_record
TN:
SF:packages/js-lib/baby-fs/config.ts
FNF:0
FNH:0
DA:1,1
LF:1
LH:1
BRF:0
BRH:0
end_of_record
TN:
SF:packages/js-lib/baby-fs/error-codes.ts
FNF:0
FNH:0
DA:1,2
DA:2,8
DA:3,2
DA:4,2
DA:5,2
DA:6,0
DA:7,2
DA:8,0
DA:9,2
LF:9
LH:7
BRF:0
BRH:0
end_of_record
TN:
SF:packages/js-lib/baby-fs/index.ts
FNF:0
FNH:0
DA:1,1
DA:2,1
DA:3,1
DA:4,1
DA:5,1
LF:5
LH:5
BRF:0
BRH:0
end_of_record
TN:
SF:packages/js-lib/baby-fs/indexed-db-fs.ts
FN:16,catchUpstream
FN:17,(anonymous_7)
FN:39,(anonymous_8)
FN:41,(anonymous_9)
FN:52,(anonymous_10)
FN:54,(anonymous_11)
FN:60,(anonymous_12)
FN:65,(anonymous_13)
FN:78,(anonymous_14)
FN:80,(anonymous_15)
FN:85,(anonymous_16)
FN:107,(anonymous_17)
FN:109,(anonymous_18)
FN:111,(anonymous_19)
FN:121,(anonymous_20)
FN:125,(anonymous_21)
FN:135,(anonymous_22)
FN:140,(anonymous_23)
FN:155,(anonymous_24)
FN:160,(anonymous_25)
FN:164,(anonymous_26)
FN:178,(anonymous_27)
FN:187,(anonymous_28)
FN:214,(anonymous_29)
FN:226,(anonymous_30)
FN:230,(anonymous_31)
FN:238,(anonymous_32)
FN:241,(anonymous_33)
FN:252,isArrayOfStrings
FN:257,(anonymous_35)
FNF:30
FNH:26
FNDA:66,catchUpstream
FNDA:0,(anonymous_7)
FNDA:24,(anonymous_8)
FNDA:11,(anonymous_9)
FNDA:3,(anonymous_10)
FNDA:3,(anonymous_11)
FNDA:4,(anonymous_12)
FNDA:4,(anonymous_13)
FNDA:17,(anonymous_14)
FNDA:17,(anonymous_15)
FNDA:0,(anonymous_16)
FNDA:0,(anonymous_17)
FNDA:42,(anonymous_18)
FNDA:12,(anonymous_19)
FNDA:16,(anonymous_20)
FNDA:0,(anonymous_21)
FNDA:4,(anonymous_22)
FNDA:4,(anonymous_23)
FNDA:14,(anonymous_24)
FNDA:18,(anonymous_25)
FNDA:18,(anonymous_26)
FNDA:1,(anonymous_27)
FNDA:3,(anonymous_28)
FNDA:6,(anonymous_29)
FNDA:3,(anonymous_30)
FNDA:3,(anonymous_31)
FNDA:17,(anonymous_32)
FNDA:17,(anonymous_33)
FNDA:4,isArrayOfStrings
FNDA:14,(anonymous_35)
DA:2,2
DA:8,2
DA:13,2
DA:14,2
DA:17,66
DA:18,0
DA:28,2
DA:29,2
DA:39,16
DA:40,24
DA:42,11
DA:44,11
DA:53,3
DA:54,3
DA:64,4
DA:65,4
DA:69,4
DA:70,0
DA:72,0
DA:75,4
DA:79,17
DA:80,17
DA:90,0
DA:91,0
DA:92,0
DA:96,2
DA:97,2
DA:106,16
DA:107,16
DA:109,16
DA:110,42
DA:112,12
DA:113,12
DA:122,16
DA:125,0
DA:128,16
DA:129,0
DA:132,16
DA:136,4
DA:137,0
DA:139,4
DA:140,4
DA:144,4
DA:145,0
DA:147,4
DA:148,0
DA:151,4
DA:152,3
DA:155,14
DA:157,4
DA:161,18
DA:163,18
DA:164,18
DA:168,18
DA:169,6
DA:175,12
DA:179,1
DA:181,1
DA:182,1
DA:184,1
DA:188,3
DA:189,3
DA:191,3
DA:193,2
DA:194,2
DA:196,1
DA:197,0
DA:199,1
DA:200,0
DA:204,2
DA:205,1
DA:210,1
DA:211,1
DA:215,6
DA:217,6
DA:218,4
DA:223,4
DA:227,3
DA:229,3
DA:231,3
DA:235,3
DA:239,17
DA:240,17
DA:241,17
DA:242,17
DA:245,17
DA:246,17
DA:250,0
DA:253,4
DA:254,0
DA:257,14
DA:258,0
DA:261,4
LF:93
LH:77
BRDA:42,0,0,11
BRDA:69,1,0,0
BRDA:112,2,0,12
BRDA:121,3,0,16
BRDA:128,4,0,0
BRDA:136,5,0,0
BRDA:144,6,0,0
BRDA:147,7,0,0
BRDA:151,8,0,3
BRDA:151,9,0,4
BRDA:151,9,1,4
BRDA:155,10,0,4
BRDA:155,10,1,0
BRDA:168,11,0,6
BRDA:196,12,0,0
BRDA:199,13,0,0
BRDA:204,14,0,1
BRDA:253,15,0,0
BRDA:257,16,0,0
BRF:19
BRH:9
end_of_record
TN:
SF:packages/js-lib/baby-fs/native-browser-fs-helpers.ts
FN:5,createFile
FN:13,(anonymous_6)
FN:42,readFileAsText
FN:59,_readFileLegacy
FN:60,(anonymous_9)
FN:62,(anonymous_10)
FN:70,hasPermission
FN:101,recurseDirHandle
FN:104,(anonymous_13)
FN:105,(anonymous_14)
FN:108,(anonymous_15)
FN:122,(anonymous_16)
FN:127,(anonymous_17)
FNF:13
FNH:1
FNDA:0,createFile
FNDA:0,(anonymous_6)
FNDA:3,readFileAsText
FNDA:0,_readFileLegacy
FNDA:0,(anonymous_9)
FNDA:0,(anonymous_10)
FNDA:0,hasPermission
FNDA:0,recurseDirHandle
FNDA:0,(anonymous_13)
FNDA:0,(anonymous_14)
FNDA:0,(anonymous_15)
FNDA:0,(anonymous_16)
FNDA:0,(anonymous_17)
DA:5,0
DA:9,0
DA:10,0
DA:13,0
DA:17,0
DA:19,0
DA:20,0
DA:22,0
DA:23,0
DA:26,0
DA:30,0
DA:33,0
DA:34,0
DA:39,0
DA:42,3
DA:44,3
DA:45,3
DA:49,0
DA:60,0
DA:61,0
DA:62,0
DA:63,0
DA:64,0
DA:66,0
DA:70,0
DA:73,0
DA:74,0
DA:76,0
DA:79,0
DA:80,0
DA:82,0
DA:85,0
DA:101,0
DA:104,0
DA:105,0
DA:108,0
DA:111,0
DA:112,0
DA:113,0
DA:114,0
DA:116,0
DA:117,0
DA:122,0
DA:123,0
DA:127,0
DA:130,0
LF:46
LH:3
BRDA:9,0,0,0
BRDA:19,1,0,0
BRDA:22,2,0,0
BRDA:33,3,0,0
BRDA:44,4,0,3
BRDA:79,5,0,0
BRDA:103,6,0,0
BRDA:104,7,0,0
BRDA:105,8,0,0
BRDA:113,9,0,0
BRDA:113,10,0,0
BRDA:113,10,1,0
BRDA:116,11,0,0
BRDA:116,12,0,0
BRDA:116,12,1,0
BRF:15
BRH:1
end_of_record
TN:
SF:packages/js-lib/baby-fs/native-browser-fs.ts
FN:29,(anonymous_6)
FN:32,catchUpstreamError
FN:33,(anonymous_8)
FN:61,(anonymous_9)
FN:73,(anonymous_10)
FN:75,(anonymous_11)
FN:94,(anonymous_12)
FN:96,(anonymous_13)
FN:98,(anonymous_14)
FN:100,(anonymous_15)
FN:102,(anonymous_16)
FN:106,(anonymous_17)
FN:122,(anonymous_18)
FN:122,(anonymous_19)
FN:124,(anonymous_20)
FN:129,(anonymous_21)
FN:141,(anonymous_22)
FN:150,(anonymous_23)
FN:179,(anonymous_24)
FN:191,(anonymous_25)
FN:205,(anonymous_26)
FN:247,verifyPermission
FN:265,resolveFileHandle
FN:266,(anonymous_29)
FN:267,(anonymous_30)
FN:269,(anonymous_31)
FN:273,(anonymous_32)
FN:275,(anonymous_33)
FN:287,(anonymous_34)
FN:293,(anonymous_35)
FN:309,(anonymous_36)
FN:350,(anonymous_37)
FN:383,handleNotFoundDOMException
FN:384,(anonymous_39)
FN:395,asyncIteratorToArray
FN:404,pickADirectory
FN:433,requestNativeBrowserFSPermission
FN:445,supportsNativeBrowserFs
FNF:38
FNH:0
FNDA:0,(anonymous_6)
FNDA:0,catchUpstreamError
FNDA:0,(anonymous_8)
FNDA:0,(anonymous_9)
FNDA:0,(anonymous_10)
FNDA:0,(anonymous_11)
FNDA:0,(anonymous_12)
FNDA:0,(anonymous_13)
FNDA:0,(anonymous_14)
FNDA:0,(anonymous_15)
FNDA:0,(anonymous_16)
FNDA:0,(anonymous_17)
FNDA:0,(anonymous_18)
FNDA:0,(anonymous_19)
FNDA:0,(anonymous_20)
FNDA:0,(anonymous_21)
FNDA:0,(anonymous_22)
FNDA:0,(anonymous_23)
FNDA:0,(anonymous_24)
FNDA:0,(anonymous_25)
FNDA:0,(anonymous_26)
FNDA:0,verifyPermission
FNDA:0,resolveFileHandle
FNDA:0,(anonymous_29)
FNDA:0,(anonymous_30)
FNDA:0,(anonymous_31)
FNDA:0,(anonymous_32)
FNDA:0,(anonymous_33)
FNDA:0,(anonymous_34)
FNDA:0,(anonymous_35)
FNDA:0,(anonymous_36)
FNDA:0,(anonymous_37)
FNDA:0,handleNotFoundDOMException
FNDA:0,(anonymous_39)
FNDA:0,asyncIteratorToArray
FNDA:0,pickADirectory
FNDA:0,requestNativeBrowserFSPermission
FNDA:0,supportsNativeBrowserFs
DA:1,1
DA:7,1
DA:8,1
DA:15,1
DA:21,1
DA:22,1
DA:24,1
DA:29,1
DA:30,0
DA:33,0
DA:34,0
DA:35,0
DA:37,0
DA:38,0
DA:44,0
DA:54,0
DA:66,0
DA:73,0
DA:75,0
DA:76,0
DA:78,0
DA:80,0
DA:81,0
DA:84,0
DA:85,0
DA:86,0
DA:88,0
DA:89,0
DA:90,0
DA:91,0
DA:92,0
DA:94,0
DA:95,0
DA:96,0
DA:97,0
DA:98,0
DA:99,0
DA:100,0
DA:101,0
DA:102,0
DA:103,0
DA:107,0
DA:108,0
DA:111,0
DA:113,0
DA:118,0
DA:119,0
DA:122,0
DA:124,0
DA:126,0
DA:130,0
DA:132,0
DA:133,0
DA:138,0
DA:142,0
DA:144,0
DA:145,0
DA:147,0
DA:151,0
DA:152,0
DA:154,0
DA:157,0
DA:158,0
DA:160,0
DA:161,0
DA:163,0
DA:164,0
DA:168,0
DA:169,0
DA:175,0
DA:176,0
DA:180,0
DA:181,0
DA:186,0
DA:188,0
DA:192,0
DA:194,0
DA:196,0
DA:201,0
DA:202,0
DA:206,0
DA:207,0
DA:208,0
DA:211,0
DA:212,0
DA:213,0
DA:214,0
DA:219,0
DA:223,0
DA:225,0
DA:229,0
DA:230,0
DA:231,0
DA:237,0
DA:238,0
DA:241,0
DA:245,0
DA:251,0
DA:253,0
DA:254,0
DA:266,0
DA:267,0
DA:269,0
DA:273,0
DA:274,0
DA:275,0
DA:276,0
DA:277,0
DA:279,0
DA:280,0
DA:282,0
DA:284,0
DA:287,0
DA:288,0
DA:290,0
DA:291,0
DA:293,0
DA:295,0
DA:298,0
DA:300,0
DA:301,0
DA:304,0
DA:306,0
DA:309,0
DA:315,0
DA:316,0
DA:323,0
DA:325,0
DA:327,0
DA:328,0
DA:330,0
DA:331,0
DA:338,0
DA:340,0
DA:341,0
DA:347,0
DA:350,0
DA:357,0
DA:358,0
DA:361,0
DA:362,0
DA:367,0
DA:369,0
DA:376,0
DA:384,0
DA:385,0
DA:386,0
DA:391,0
DA:396,0
DA:397,0
DA:398,0
DA:401,0
DA:404,0
DA:405,0
DA:407,0
DA:408,0
DA:410,0
DA:411,0
DA:417,0
DA:419,0
DA:420,0
DA:421,0
DA:427,0
DA:429,0
DA:433,0
DA:436,0
DA:437,0
DA:439,0
DA:440,0
DA:442,0
DA:445,0
DA:446,0
DA:447,0
DA:449,0
LF:174
LH:8
BRDA:30,0,0,0
BRDA:30,0,1,0
BRDA:34,1,0,0
BRDA:34,1,1,0
BRDA:37,2,0,0
BRDA:73,3,0,0
BRDA:75,4,0,0
BRDA:80,5,0,0
BRDA:107,6,0,0
BRDA:118,7,0,0
BRDA:124,8,0,0
BRDA:124,8,1,0
BRDA:160,9,0,0
BRDA:163,10,0,0
BRDA:168,11,0,0
BRDA:219,12,0,0
BRDA:219,12,1,0
BRDA:220,13,0,0
BRDA:220,13,1,0
BRDA:229,14,0,0
BRDA:237,15,0,0
BRDA:249,16,0,0
BRDA:253,17,0,0
BRDA:266,18,0,0
BRDA:267,19,0,0
BRDA:276,20,0,0
BRDA:279,21,0,0
BRDA:290,22,0,0
BRDA:300,23,0,0
BRDA:315,24,0,0
BRDA:327,25,0,0
BRDA:330,26,0,0
BRDA:340,27,0,0
BRDA:357,28,0,0
BRDA:361,29,0,0
BRDA:385,30,0,0
BRDA:410,31,0,0
BRDA:419,32,0,0
BRDA:420,33,0,0
BRDA:446,34,0,0
BRDA:446,34,1,0
BRDA:446,35,0,0
BRDA:446,35,1,0
BRF:43
BRH:0
end_of_record
TN:
SF:packages/js-lib/baby-fs/universal-write-to-file.ts
FN:16,writeToFile
FN:62,(anonymous_2)
FN:77,safariWorkerWrite
FN:109,isSafari
FNF:4
FNH:0
FNDA:0,writeToFile
FNDA:0,(anonymous_2)
FNDA:0,safariWorkerWrite
FNDA:0,isSafari
DA:4,1
DA:7,1
DA:16,0
DA:21,0
DA:22,0
DA:25,0
DA:27,0
DA:29,0
DA:31,0
DA:33,0
DA:37,0
DA:39,0
DA:44,0
DA:47,0
DA:49,0
DA:54,0
DA:62,0
DA:63,0
DA:65,0
DA:66,0
DA:68,0
DA:71,0
DA:74,0
DA:78,0
DA:80,0
DA:82,0
DA:83,0
DA:85,0
DA:86,0
DA:90,0
DA:94,0
DA:95,0
DA:98,0
DA:99,0
DA:101,0
DA:104,0
DA:105,0
DA:106,0
DA:110,0
LF:39
LH:2
BRDA:7,0,0,1
BRDA:7,0,1,0
BRDA:21,1,0,0
BRDA:21,2,0,0
BRDA:21,2,1,0
BRDA:25,3,0,0
BRDA:37,4,0,0
BRDA:54,5,0,0
BRDA:56,6,0,0
BRDA:56,6,1,0
BRDA:56,6,2,0
BRDA:56,6,3,0
BRDA:65,7,0,0
BRDA:65,7,1,0
BRDA:85,8,0,0
BRDA:94,9,0,0
BRF:16
BRH:1
end_of_record
TN:
SF:packages/js-lib/baby-fs/worker-glue-code.ts
FN:1,sendToWorkerForWrite
FN:24,compute
FN:34,(anonymous_3)
FN:36,(anonymous_4)
FN:49,(anonymous_5)
FN:57,(anonymous_6)
FN:65,(anonymous_7)
FN:66,(anonymous_8)
FNF:8
FNH:6
FNDA:1,sendToWorkerForWrite
FNDA:1,compute
FNDA:1,(anonymous_3)
FNDA:1,(anonymous_4)
FNDA:0,(anonymous_5)
FNDA:1,(anonymous_6)
FNDA:1,(anonymous_7)
FNDA:0,(anonymous_8)
DA:1,1
DA:5,1
DA:29,1
DA:32,1
DA:34,1
DA:35,1
DA:36,1
DA:37,1
DA:39,1
DA:40,1
DA:42,0
DA:49,1
DA:50,0
DA:51,0
DA:55,1
DA:57,1
DA:58,1
DA:59,1
DA:63,1
DA:66,1
DA:67,0
DA:68,0
DA:69,0
LF:23
LH:17
BRDA:27,0,0,1
BRDA:39,1,0,1
BRDA:39,1,1,0
BRDA:44,2,0,0
BRDA:44,2,1,0
BRDA:58,3,0,1
BRF:6
BRH:3
end_of_record
TN:
SF:packages/js-lib/base-error/index.ts
FN:2,(anonymous_1)
FN:27,(anonymous_2)
FN:68,(anonymous_3)
FNF:3
FNH:3
FNDA:1,(anonymous_1)
FNDA:16,(anonymous_2)
FNDA:1,(anonymous_3)
DA:1,13
DA:3,1
DA:9,1
DA:11,1
DA:12,1
DA:15,1
DA:37,16
DA:41,16
DA:42,16
DA:44,0
DA:46,0
DA:47,0
DA:52,16
DA:54,16
DA:55,16
DA:57,0
DA:60,16
DA:62,16
DA:63,12
DA:65,16
DA:69,1
DA:71,1
DA:73,1
LF:23
LH:19
BRDA:5,0,0,1
BRDA:5,0,1,0
BRDA:6,1,0,1
BRDA:6,1,1,0
BRDA:11,2,0,1
BRDA:41,3,0,16
BRDA:41,3,1,0
BRDA:46,4,0,0
BRDA:54,5,0,16
BRDA:54,5,1,0
BRDA:62,6,0,12
BRDA:77,7,0,1
BRDA:77,7,1,0
BRF:13
BRH:7
end_of_record
TN:
SF:packages/js-lib/browser/index.ts
FN:1,(anonymous_7)
FN:80,testPlatform
FNF:2
FNH:2
FNDA:6,(anonymous_7)
FNDA:18,testPlatform
DA:1,6
DA:2,6
DA:3,0
DA:6,6
DA:15,6
DA:16,0
DA:17,0
DA:18,6
DA:20,0
DA:22,0
DA:23,0
DA:25,0
DA:27,6
DA:29,0
DA:30,0
DA:31,6
DA:33,0
DA:34,0
DA:35,6
DA:37,0
DA:39,0
DA:40,0
DA:42,0
DA:44,6
DA:46,0
DA:47,0
DA:48,6
DA:53,6
DA:54,6
DA:56,6
DA:57,0
DA:60,0
DA:61,0
DA:64,6
DA:65,0
DA:67,6
DA:68,0
DA:71,6
DA:74,6
DA:76,6
DA:77,6
DA:78,6
DA:82,18
DA:91,18
DA:93,18
DA:95,18
DA:98,0
DA:102,6
DA:106,6
DA:108,6
DA:111,6
DA:115,6
DA:117,6
LF:53
LH:30
BRDA:2,0,0,0
BRDA:15,1,0,0
BRDA:15,1,1,6
BRDA:18,2,0,0
BRDA:18,2,1,6
BRDA:22,3,0,0
BRDA:22,3,1,0
BRDA:27,4,0,0
BRDA:27,4,1,6
BRDA:31,5,0,0
BRDA:31,5,1,6
BRDA:35,6,0,0
BRDA:35,6,1,6
BRDA:39,7,0,0
BRDA:39,7,1,0
BRDA:44,8,0,0
BRDA:44,8,1,6
BRDA:48,9,0,6
BRDA:48,9,1,0
BRDA:56,10,0,0
BRDA:64,11,0,0
BRDA:67,12,0,0
BRDA:82,13,0,18
BRDA:82,13,1,0
BRDA:84,14,0,0
BRDA:84,14,1,0
BRDA:86,15,0,0
BRDA:86,15,1,0
BRDA:91,16,0,18
BRDA:93,17,0,18
BRDA:93,17,1,18
BRDA:102,18,0,6
BRDA:102,18,1,0
BRDA:111,19,0,6
BRDA:111,19,1,6
BRDA:111,19,2,0
BRDA:115,20,0,6
BRDA:115,20,1,6
BRDA:117,21,0,6
BRDA:117,21,1,6
BRF:40
BRH:18
end_of_record
TN:
SF:packages/js-lib/db-key-val/index.ts
FN:9,makeDbRecord
FN:24,(anonymous_9)
FN:30,(anonymous_10)
FN:45,(anonymous_11)
FN:74,(anonymous_12)
FN:106,(anonymous_13)
FN:112,(anonymous_14)
FN:122,(anonymous_15)
FN:127,(anonymous_16)
FN:132,(anonymous_17)
FN:136,(anonymous_18)
FN:148,(anonymous_19)
FN:172,(anonymous_20)
FN:209,getTable
FNF:14
FNH:5
FNDA:38,makeDbRecord
FNDA:6,(anonymous_9)
FNDA:0,(anonymous_10)
FNDA:0,(anonymous_11)
FNDA:0,(anonymous_12)
FNDA:0,(anonymous_13)
FNDA:0,(anonymous_14)
FNDA:6,(anonymous_15)
FNDA:4,(anonymous_16)
FNDA:0,(anonymous_17)
FNDA:0,(anonymous_18)
FNDA:0,(anonymous_19)
FNDA:0,(anonymous_20)
FNDA:6,getTable
DA:3,4
DA:9,38
DA:10,38
DA:23,0
DA:25,6
DA:26,6
DA:27,6
DA:31,0
DA:32,0
DA:33,0
DA:35,0
DA:37,0
DA:38,0
DA:41,0
DA:42,0
DA:49,0
DA:50,0
DA:51,0
DA:53,0
DA:54,0
DA:56,0
DA:57,0
DA:59,0
DA:60,0
DA:62,0
DA:66,0
DA:67,0
DA:69,0
DA:79,0
DA:80,0
DA:81,0
DA:83,0
DA:84,0
DA:86,0
DA:87,0
DA:89,0
DA:90,0
DA:92,0
DA:94,0
DA:98,0
DA:99,0
DA:101,0
DA:107,0
DA:109,0
DA:113,0
DA:115,0
DA:119,0
DA:123,6
DA:125,6
DA:127,6
DA:128,4
DA:133,0
DA:137,0
DA:139,0
DA:141,0
DA:153,0
DA:154,0
DA:155,0
DA:157,0
DA:159,0
DA:160,0
DA:162,0
DA:164,0
DA:166,0
DA:168,0
DA:177,0
DA:178,0
DA:179,0
DA:181,0
DA:183,0
DA:184,0
DA:186,0
DA:188,0
DA:190,0
DA:192,0
DA:209,6
DA:217,6
LF:77
LH:12
BRDA:47,0,0,0
BRDA:59,1,0,0
BRDA:59,1,1,0
BRDA:77,2,0,0
BRDA:89,3,0,0
BRDA:89,3,1,0
BRDA:151,4,0,0
BRDA:159,5,0,0
BRDA:159,5,1,0
BRDA:175,6,0,0
BRDA:183,7,0,0
BRDA:183,7,1,0
BRF:12
BRH:0
end_of_record
TN:
SF:packages/js-lib/emitter/index.ts
FN:24,(anonymous_1)
FN:36,(anonymous_2)
FN:43,(anonymous_3)
FN:49,(anonymous_4)
FN:56,(anonymous_5)
FN:64,(anonymous_6)
FN:69,(anonymous_7)
FN:79,(anonymous_8)
FN:81,(anonymous_9)
FN:93,(anonymous_10)
FN:98,(anonymous_11)
FN:100,(anonymous_12)
FN:104,(anonymous_13)
FNF:13
FNH:11
FNDA:25,(anonymous_1)
FNDA:44,(anonymous_2)
FNDA:24,(anonymous_3)
FNDA:42,(anonymous_4)
FNDA:17,(anonymous_5)
FNDA:15,(anonymous_6)
FNDA:26,(anonymous_7)
FNDA:29,(anonymous_8)
FNDA:0,(anonymous_9)
FNDA:1,(anonymous_10)
FNDA:20,(anonymous_11)
FNDA:0,(anonymous_12)
FNDA:2,(anonymous_13)
DA:20,44
DA:28,25
DA:29,25
DA:32,44
DA:33,44
DA:34,44
DA:37,44
DA:44,24
DA:45,24
DA:46,24
DA:50,42
DA:51,7
DA:54,35
DA:55,35
DA:56,17
DA:59,35
DA:64,35
DA:66,35
DA:70,26
DA:71,2
DA:74,24
DA:75,24
DA:76,24
DA:80,29
DA:81,1
DA:84,28
DA:85,28
DA:87,28
DA:88,26
DA:89,26
DA:92,28
DA:93,28
DA:94,1
DA:99,20
DA:100,1
DA:103,19
DA:104,19
DA:105,2
LF:38
LH:38
BRDA:37,0,0,37
BRDA:50,1,0,7
BRDA:55,2,0,17
BRDA:70,3,0,2
BRDA:80,4,0,1
BRDA:87,5,0,26
BRDA:99,6,0,1
BRF:7
BRH:7
end_of_record
TN:
SF:packages/js-lib/git-file-sha/index.ts
FN:3,calculateGitFileSha
FN:26,(anonymous_5)
FN:42,fileToBase64
FNF:3
FNH:2
FNDA:4,calculateGitFileSha
FNDA:80,(anonymous_5)
FNDA:0,fileToBase64
DA:1,1
DA:3,4
DA:5,4
DA:6,4
DA:7,4
DA:10,4
DA:11,4
DA:12,4
DA:13,4
DA:16,4
DA:23,4
DA:25,4
DA:26,80
DA:28,0
DA:30,0
DA:31,0
DA:32,0
DA:34,0
DA:36,0
DA:40,1
DA:42,0
DA:44,0
DA:50,0
DA:51,0
DA:53,0
DA:55,0
DA:56,0
DA:59,0
DA:62,0
DA:63,0
DA:65,0
DA:68,0
DA:70,0
LF:33
LH:14
BRDA:16,0,0,4
BRDA:16,0,1,0
BRDA:18,1,0,4
BRDA:18,1,1,4
BRDA:18,1,2,4
BRDA:28,2,0,0
BRDA:28,2,1,0
BRDA:44,3,0,0
BRDA:44,3,1,0
BRDA:45,4,0,0
BRDA:45,4,1,0
BRDA:45,4,2,0
BRDA:62,5,0,0
BRDA:62,5,1,0
BRF:14
BRH:4
end_of_record
TN:
SF:packages/js-lib/git-file-sha/__tests__/test-helpers.ts
FN:3,(anonymous_1)
FNF:1
FNH:1
FNDA:4,(anonymous_1)
DA:1,1
DA:3,4
DA:4,4
LF:3
LH:3
BRF:0
BRH:0
end_of_record
TN:
SF:packages/js-lib/global-scope-helpers/index.ts
FN:1,isWorkerGlobalScope
FN:9,getSelfType
FN:21,isWindowGlobalScope
FN:28,assertWorkerGlobalScope
FN:35,assertNonWorkerGlobalScope
FNF:5
FNH:1
FNDA:0,isWorkerGlobalScope
FNDA:0,getSelfType
FNDA:0,isWindowGlobalScope
FNDA:0,assertWorkerGlobalScope
FNDA:1,assertNonWorkerGlobalScope
DA:1,0
DA:2,0
DA:9,0
DA:10,0
DA:21,0
DA:22,0
DA:28,0
DA:29,0
DA:30,0
DA:32,0
DA:35,1
DA:36,1
DA:41,0
DA:44,1
LF:14
LH:3
BRDA:3,0,0,0
BRDA:3,0,1,0
BRDA:10,1,0,0
BRDA:10,1,1,0
BRDA:10,2,0,0
BRDA:10,2,1,0
BRDA:14,3,0,0
BRDA:14,3,1,0
BRDA:16,4,0,0
BRDA:16,4,1,0
BRDA:29,5,0,0
BRDA:36,6,0,0
BRDA:37,7,0,1
BRDA:37,7,1,0
BRF:14
BRH:1
end_of_record
TN:
SF:packages/js-lib/history/browser-history.ts
FN:27,(anonymous_3)
FN:11,(anonymous_4)
FN:32,(anonymous_5)
FN:38,(anonymous_6)
FN:42,(anonymous_7)
FN:46,(anonymous_8)
FN:48,(anonymous_9)
FN:52,(anonymous_10)
FN:58,(anonymous_11)
FN:68,(anonymous_12)
FN:76,(anonymous_13)
FN:78,(anonymous_14)
FN:94,(anonymous_15)
FN:99,(anonymous_16)
FN:103,(anonymous_17)
FN:106,(anonymous_18)
FN:113,(anonymous_19)
FN:125,(anonymous_20)
FNF:18
FNH:16
FNDA:12,(anonymous_3)
FNDA:132,(anonymous_4)
FNDA:36,(anonymous_5)
FNDA:16,(anonymous_6)
FNDA:5,(anonymous_7)
FNDA:0,(anonymous_8)
FNDA:0,(anonymous_9)
FNDA:3,(anonymous_10)
FNDA:3,(anonymous_11)
FNDA:132,(anonymous_12)
FNDA:10,(anonymous_13)
FNDA:1,(anonymous_14)
FNDA:4,(anonymous_15)
FNDA:144,(anonymous_16)
FNDA:144,(anonymous_17)
FNDA:288,(anonymous_18)
FNDA:144,(anonymous_19)
FNDA:132,(anonymous_20)
DA:2,3
DA:7,3
DA:10,12
DA:11,12
DA:12,132
DA:14,132
DA:15,101
DA:16,101
DA:18,132
DA:22,12
DA:25,12
DA:28,12
DA:29,12
DA:31,12
DA:32,36
DA:34,12
DA:39,16
DA:43,5
DA:47,0
DA:48,0
DA:58,3
DA:59,3
DA:71,132
DA:72,9
DA:77,10
DA:78,10
DA:79,1
DA:86,1
DA:95,4
DA:99,3
DA:100,144
DA:103,3
DA:104,144
DA:106,3
DA:107,288
DA:108,288
DA:110,0
DA:113,3
DA:114,144
DA:115,144
DA:118,144
DA:119,18
DA:122,144
DA:125,3
DA:126,132
LF:45
LH:42
BRDA:28,0,0,1
BRDA:14,1,0,101
BRDA:25,2,0,12
BRDA:25,2,1,0
BRDA:52,3,0,2
BRDA:52,4,0,3
BRDA:59,5,0,0
BRDA:59,5,1,3
BRDA:71,6,0,9
BRDA:71,7,0,132
BRDA:71,7,1,104
BRDA:95,8,0,4
BRDA:95,8,1,2
BRDA:103,9,0,144
BRDA:104,10,0,144
BRDA:104,10,1,13
BRDA:107,11,0,288
BRDA:118,12,0,18
BRDA:126,13,0,132
BRDA:126,13,1,49
BRF:20
BRH:18
end_of_record
TN:
SF:packages/js-lib/history/create-to.ts
FN:4,createTo
FNF:1
FNH:1
FNDA:11,createTo
DA:4,11
DA:5,11
DA:6,1
DA:9,10
DA:11,10
DA:13,10
LF:6
LH:6
BRDA:5,0,0,1
BRDA:9,1,0,8
BRDA:9,1,1,2
BRDA:11,2,0,5
BRDA:11,2,1,5
BRDA:13,3,0,5
BRDA:13,3,1,5
BRF:7
BRH:7
end_of_record
TN:
SF:packages/js-lib/history/index.ts
FNF:0
FNH:0
DA:1,2
DA:3,2
DA:4,2
DA:5,2
DA:6,2
DA:7,2
LF:6
LH:6
BRF:0
BRH:0
end_of_record
TN:
SF:packages/js-lib/history/memory-history.ts
FN:8,(anonymous_1)
FN:18,(anonymous_2)
FN:22,(anonymous_3)
FN:27,(anonymous_4)
FN:29,(anonymous_5)
FN:40,(anonymous_6)
FN:47,(anonymous_7)
FNF:7
FNH:7
FNDA:12,(anonymous_1)
FNDA:8,(anonymous_2)
FNDA:10,(anonymous_3)
FNDA:2,(anonymous_4)
FNDA:5,(anonymous_5)
FNDA:5,(anonymous_6)
FNDA:5,(anonymous_7)
DA:4,12
DA:9,12
DA:10,12
DA:12,12
DA:19,8
DA:23,10
DA:30,5
DA:31,5
DA:38,5
DA:39,5
DA:40,5
DA:41,5
DA:47,3
DA:48,5
LF:14
LH:14
BRDA:9,0,0,0
BRDA:29,1,0,2
BRDA:29,2,0,4
BRDA:33,3,0,2
BRDA:33,3,1,3
BRDA:38,4,0,5
BRDA:48,5,0,5
BRDA:48,5,1,0
BRF:8
BRH:6
end_of_record
TN:
SF:packages/js-lib/history/patch-history.ts
FN:22,(anonymous_5)
FNF:1
FNH:1
FNDA:26,(anonymous_5)
DA:3,3
DA:4,3
DA:5,3
DA:7,12
DA:14,3
DA:16,3
DA:17,3
DA:19,3
DA:20,6
DA:22,6
DA:23,26
DA:24,26
DA:25,26
DA:27,26
DA:29,26
LF:15
LH:15
BRDA:16,0,0,3
BRDA:16,1,0,3
BRDA:16,1,1,3
BRF:3
BRH:3
end_of_record
TN:
SF:packages/js-lib/is-abort-error/index.ts
FN:5,isAbortError
FNF:1
FNH:1
FNDA:4,isAbortError
DA:1,14
DA:2,14
DA:3,14
DA:5,4
DA:6,4
DA:7,4
DA:11,0
DA:20,0
DA:23,0
LF:9
LH:6
BRDA:6,0,0,4
BRDA:6,1,0,4
BRDA:6,1,1,4
BRDA:11,2,0,0
BRDA:12,3,0,0
BRDA:12,3,1,0
BRDA:12,3,2,0
BRF:7
BRH:3
end_of_record
TN:
SF:packages/js-lib/logger/index.ts
FN:5,silenceAllLoggers
FN:9,unSilenceAllLoggers
FN:17,(anonymous_6)
FN:21,(anonymous_7)
FN:25,(anonymous_8)
FN:31,(anonymous_9)
FN:35,(anonymous_10)
FN:39,(anonymous_11)
FN:43,(anonymous_12)
FN:47,(anonymous_13)
FN:51,(anonymous_14)
FNF:11
FNH:9
FNDA:11,silenceAllLoggers
FNDA:11,unSilenceAllLoggers
FNDA:16,(anonymous_6)
FNDA:17,(anonymous_7)
FNDA:16,(anonymous_8)
FNDA:6,(anonymous_9)
FNDA:6,(anonymous_10)
FNDA:4,(anonymous_11)
FNDA:0,(anonymous_12)
FNDA:0,(anonymous_13)
FNDA:13,(anonymous_14)
DA:3,7
DA:5,11
DA:6,11
DA:9,11
DA:10,11
DA:13,17
DA:15,17
DA:18,16
DA:22,17
DA:26,16
DA:27,7
DA:32,6
DA:36,6
DA:40,4
DA:44,0
DA:48,0
DA:52,13
LF:17
LH:15
BRDA:18,0,0,16
BRDA:18,0,1,16
BRDA:21,1,0,0
BRDA:26,2,0,7
BRDA:26,3,0,16
BRDA:26,3,1,16
BRDA:51,4,0,13
BRF:7
BRH:6
end_of_record
TN:
SF:packages/js-lib/mini-js-utils/create-empty-array.ts
FN:1,createEmptyArray
FN:2,(anonymous_2)
FNF:2
FNH:2
FNDA:101,createEmptyArray
FNDA:404,(anonymous_2)
DA:1,101
DA:2,101
DA:3,404
LF:3
LH:3
BRF:0
BRH:0
end_of_record
TN:
SF:packages/js-lib/mini-js-utils/duo-weak-map.ts
FN:7,(anonymous_1)
FN:11,(anonymous_2)
FN:21,(anonymous_3)
FNF:3
FNH:3
FNDA:8,(anonymous_1)
FNDA:2,(anonymous_2)
FNDA:3,(anonymous_3)
DA:4,2
DA:5,2
DA:8,8
DA:12,2
DA:14,2
DA:15,1
DA:18,1
DA:22,3
DA:24,3
DA:25,2
DA:26,2
DA:29,3
LF:12
LH:12
BRDA:14,0,0,1
BRDA:24,1,0,2
BRF:2
BRH:2
end_of_record
TN:
SF:packages/js-lib/mini-js-utils/get-last.ts
FN:1,getLast
FNF:1
FNH:1
FNDA:48,getLast
DA:1,48
DA:2,48
LF:2
LH:2
BRF:0
BRH:0
end_of_record
TN:
SF:packages/js-lib/mini-js-utils/index.ts
FN:11,isPlainObject
FN:27,(anonymous_16)
FN:33,(anonymous_17)
FN:56,deepMerge
FN:62,(anonymous_19)
FN:68,difference
FN:72,(anonymous_21)
FN:75,intersect
FN:79,(anonymous_23)
FN:95,(anonymous_24)
FN:102,assertIsDefined
FN:111,isUndefinedOrNull
FN:115,isUndefined
FNF:13
FNH:10
FNDA:119,isPlainObject
FNDA:111,(anonymous_16)
FNDA:116,(anonymous_17)
FNDA:76,deepMerge
FNDA:79,(anonymous_19)
FNDA:28,difference
FNDA:3868,(anonymous_21)
FNDA:18,intersect
FNDA:1946,(anonymous_23)
FNDA:4,(anonymous_24)
FNDA:0,assertIsDefined
FNDA:0,isUndefinedOrNull
FNDA:0,isUndefined
DA:4,101
DA:5,12
DA:6,48
DA:7,12
DA:8,12
DA:9,12
DA:11,3
DA:12,119
DA:13,74
DA:16,45
DA:18,45
DA:27,12
DA:32,111
DA:33,111
DA:34,116
DA:35,32
DA:40,84
DA:41,6
DA:43,78
DA:47,111
DA:56,76
DA:60,76
DA:62,76
DA:63,79
DA:66,76
DA:68,28
DA:69,28
DA:70,28
DA:72,3868
DA:75,18
DA:76,18
DA:77,18
DA:79,1946
DA:95,12
DA:97,4
DA:102,0
DA:106,0
DA:107,0
DA:111,0
DA:112,0
DA:115,0
DA:116,0
LF:42
LH:35
BRDA:12,0,0,74
BRDA:12,1,0,119
BRDA:12,1,1,45
BRDA:19,2,0,45
BRDA:19,2,1,45
BRDA:19,2,2,12
BRDA:19,2,3,35
BRDA:19,2,4,35
BRDA:30,3,0,79
BRDA:34,4,0,32
BRDA:34,4,1,84
BRDA:38,5,0,9
BRDA:38,5,1,23
BRDA:40,6,0,6
BRDA:40,6,1,78
BRDA:40,7,0,84
BRDA:40,7,1,10
BRDA:106,8,0,0
BRDA:112,9,0,0
BRDA:112,9,1,0
BRF:20
BRH:17
end_of_record
TN:
SF:packages/js-lib/mini-js-utils/weak-cache-duo.ts
FN:8,weakCacheDuo
FN:13,(anonymous_2)
FNF:2
FNH:0
FNDA:0,weakCacheDuo
FNDA:0,(anonymous_2)
DA:1,12
DA:8,0
DA:11,0
DA:13,0
DA:14,0
DA:16,0
DA:17,0
DA:20,0
DA:21,0
DA:23,0
DA:26,0
LF:11
LH:1
BRDA:16,0,0,0
BRF:1
BRH:0
end_of_record
TN:
SF:packages/js-lib/nsm-3/index.ts
FN:8,createManualEffectScheduler
FN:11,(anonymous_14)
FN:14,(anonymous_15)
FN:28,(anonymous_16)
FN:33,(anonymous_17)
FN:36,(anonymous_18)
FN:41,(anonymous_19)
FN:43,(anonymous_20)
FN:51,(anonymous_21)
FN:66,(anonymous_22)
FN:69,(anonymous_23)
FN:79,(anonymous_24)
FN:85,(anonymous_25)
FNF:13
FNH:8
FNDA:24,createManualEffectScheduler
FNDA:74,(anonymous_14)
FNDA:2,(anonymous_15)
FNDA:13,(anonymous_16)
FNDA:4,(anonymous_17)
FNDA:3,(anonymous_18)
FNDA:9,(anonymous_19)
FNDA:8,(anonymous_20)
FNDA:0,(anonymous_21)
FNDA:0,(anonymous_22)
FNDA:0,(anonymous_23)
FNDA:0,(anonymous_24)
FNDA:0,(anonymous_25)
DA:3,7
DA:4,7
DA:5,7
DA:6,7
DA:8,24
DA:9,24
DA:11,24
DA:12,74
DA:14,74
DA:15,2
DA:16,0
DA:18,2
DA:22,24
DA:28,7
DA:29,13
DA:30,13
DA:32,13
DA:33,4
DA:34,4
DA:36,4
DA:41,9
DA:43,9
DA:44,8
DA:49,7
DA:51,7
DA:52,0
DA:54,0
DA:58,0
DA:63,0
DA:65,0
DA:66,0
DA:67,0
DA:69,0
DA:74,0
DA:76,0
DA:79,0
DA:80,0
DA:84,0
DA:85,0
DA:86,0
LF:40
LH:24
BRDA:15,0,0,0
BRDA:32,1,0,4
BRDA:49,2,0,7
BRDA:49,2,1,6
BRDA:54,3,0,0
BRDA:55,4,0,0
BRDA:55,4,1,0
BRDA:55,4,2,0
BRDA:65,5,0,0
BRDA:74,6,0,0
BRDA:74,6,1,0
BRF:11
BRH:3
end_of_record
TN:
SF:packages/js-lib/nsm-3/zod-helpers.ts
FN:7,assertSafeZodSchema
FN:22,(anonymous_4)
FN:25,(anonymous_5)
FN:46,(anonymous_6)
FN:62,(anonymous_7)
FN:79,(anonymous_8)
FNF:6
FNH:3
FNDA:0,assertSafeZodSchema
FNDA:7,(anonymous_4)
FNDA:21,(anonymous_5)
FNDA:7,(anonymous_6)
FNDA:0,(anonymous_7)
FNDA:0,(anonymous_8)
DA:7,0
DA:8,0
DA:10,0
DA:11,0
DA:18,0
DA:22,8
DA:23,7
DA:25,7
DA:26,21
DA:28,21
DA:30,2
DA:32,2
DA:34,0
DA:36,0
DA:38,0
DA:41,0
DA:44,7
DA:46,7
DA:47,7
DA:50,7
DA:54,0
DA:56,0
DA:61,0
DA:62,0
DA:63,0
DA:67,1
DA:69,1
DA:73,2
DA:74,2
DA:79,0
DA:80,0
DA:84,2
DA:85,2
DA:86,2
DA:91,0
DA:92,0
DA:93,0
DA:97,0
DA:98,0
DA:107,2
DA:108,6
DA:109,1
DA:114,2
DA:118,0
DA:119,0
DA:121,0
DA:125,3
DA:126,3
DA:131,7
DA:133,7
LF:50
LH:26
BRDA:10,0,0,0
BRDA:28,1,0,2
BRDA:28,1,1,2
BRDA:28,1,2,0
BRDA:28,1,3,0
BRDA:28,1,4,0
BRDA:28,1,5,0
BRDA:28,1,6,7
BRDA:28,1,7,0
BRDA:28,1,8,0
BRDA:28,1,9,1
BRDA:28,1,10,2
BRDA:28,1,11,0
BRDA:28,1,12,2
BRDA:28,1,13,0
BRDA:28,1,14,0
BRDA:28,1,15,2
BRDA:28,1,16,0
BRDA:28,1,17,3
BRDA:108,2,0,1
BRDA:108,3,0,6
BRDA:108,3,1,4
BRF:22
BRH:11
end_of_record
TN:
SF:packages/js-lib/object-uid/index.ts
FN:1,generateUid
FN:11,(anonymous_2)
FN:26,objectUid
FNF:3
FNH:3
FNDA:1,generateUid
FNDA:2,(anonymous_2)
FNDA:2,objectUid
DA:2,1
DA:5,1
DA:8,1
DA:12,2
DA:14,2
DA:15,0
DA:17,2
DA:18,2
DA:20,2
DA:24,1
DA:26,2
DA:27,2
LF:12
LH:11
BRDA:1,0,0,0
BRDA:14,1,0,0
BRF:2
BRH:0
end_of_record
TN:
SF:packages/js-lib/p-map/index.ts
FNF:0
FNH:0
DA:1,1
LF:1
LH:1
BRF:0
BRH:0
end_of_record
TN:
SF:packages/js-lib/p-map/p-map.ts
FN:7,pMap
FN:17,(anonymous_4)
FN:43,(anonymous_5)
FN:52,(anonymous_6)
FN:74,(anonymous_7)
FN:98,assertSignal
FNF:6
FNH:6
FNDA:15,pMap
FNDA:15,(anonymous_4)
FNDA:1,(anonymous_5)
FNDA:1071,(anonymous_6)
FNDA:1024,(anonymous_7)
FNDA:30,assertSignal
DA:7,15
DA:15,15
DA:17,15
DA:18,15
DA:19,0
DA:21,15
DA:28,0
DA:32,15
DA:34,15
DA:35,15
DA:36,15
DA:37,15
DA:38,15
DA:39,15
DA:40,15
DA:41,15
DA:44,1
DA:45,1
DA:52,15
DA:53,1071
DA:54,10
DA:57,1061
DA:58,1061
DA:59,1061
DA:61,1061
DA:62,37
DA:64,37
DA:65,14
DA:68,37
DA:71,1024
DA:74,1024
DA:75,1024
DA:77,1024
DA:78,1024
DA:79,1024
DA:80,1024
DA:82,0
DA:83,0
DA:88,15
DA:89,47
DA:91,47
DA:92,13
DA:98,0
DA:99,30
DA:100,0
LF:45
LH:39
BRDA:11,0,0,0
BRDA:18,1,0,0
BRDA:21,2,0,0
BRDA:23,3,0,15
BRDA:23,3,1,0
BRDA:23,3,2,15
BRDA:53,4,0,10
BRDA:53,5,0,1071
BRDA:53,5,1,1071
BRDA:61,6,0,37
BRDA:64,7,0,14
BRDA:91,8,0,13
BRDA:99,9,0,0
BRF:13
BRH:8
end_of_record
TN:
SF:packages/js-lib/pm-plugins/index.ts
FNF:0
FNH:0
DA:1,1
LF:1
LH:1
BRF:0
BRH:0
end_of_record
TN:
SF:packages/js-lib/pm-plugins/intersection-observer-plugin.ts
FN:12,(anonymous_3)
FN:15,(anonymous_4)
FN:26,(anonymous_5)
FN:39,intersectionObserverPlugin
FN:50,(anonymous_7)
FN:57,(anonymous_8)
FN:90,(anonymous_9)
FN:97,(anonymous_10)
FN:104,(anonymous_11)
FN:133,(anonymous_12)
FN:141,(anonymous_13)
FN:156,(anonymous_14)
FN:161,(anonymous_15)
FN:167,(anonymous_16)
FN:180,(anonymous_17)
FN:187,(anonymous_18)
FN:205,getDocsChildren
FN:225,isIntersectionAPIAvailable
FNF:18
FNH:8
FNDA:0,(anonymous_3)
FNDA:0,(anonymous_4)
FNDA:0,(anonymous_5)
FNDA:1,intersectionObserverPlugin
FNDA:1,(anonymous_7)
FNDA:2,(anonymous_8)
FNDA:1,(anonymous_9)
FNDA:0,(anonymous_10)
FNDA:0,(anonymous_11)
FNDA:0,(anonymous_12)
FNDA:0,(anonymous_13)
FNDA:0,(anonymous_14)
FNDA:0,(anonymous_15)
FNDA:0,(anonymous_16)
FNDA:1,(anonymous_17)
FNDA:2,(anonymous_18)
FNDA:1,getDocsChildren
FNDA:1,isIntersectionAPIAvailable
DA:2,1
DA:4,1
DA:5,1
DA:7,1
DA:10,1
DA:13,0
DA:14,0
DA:15,0
DA:16,0
DA:18,0
DA:20,0
DA:24,1
DA:27,0
DA:39,1
DA:46,1
DA:51,1
DA:58,2
DA:60,2
DA:62,0
DA:63,0
DA:64,0
DA:70,0
DA:74,0
DA:77,0
DA:86,2
DA:91,1
DA:92,0
DA:94,1
DA:97,1
DA:98,0
DA:102,0
DA:104,0
DA:105,0
DA:106,0
DA:108,0
DA:109,0
DA:111,0
DA:112,0
DA:113,0
DA:115,0
DA:116,0
DA:123,0
DA:127,0
DA:128,0
DA:129,0
DA:133,1
DA:137,0
DA:138,0
DA:141,0
DA:142,0
DA:145,0
DA:149,1
DA:156,1
DA:158,0
DA:161,0
DA:162,0
DA:163,0
DA:167,0
DA:168,0
DA:169,0
DA:173,0
DA:174,0
DA:177,1
DA:179,1
DA:181,1
DA:182,1
DA:184,1
DA:185,1
DA:188,2
DA:190,2
DA:191,0
DA:193,2
DA:194,1
DA:196,2
DA:205,1
DA:206,1
DA:207,1
DA:208,1
DA:209,3
DA:210,3
DA:211,0
DA:213,3
DA:215,3
DA:216,3
DA:217,3
DA:219,3
DA:222,1
DA:226,1
DA:227,1
DA:228,0
DA:232,1
LF:91
LH:44
BRDA:10,0,0,1
BRDA:10,0,1,0
BRDA:10,1,0,1
BRDA:10,1,1,1
BRDA:24,2,0,1
BRDA:24,2,1,0
BRDA:24,3,0,1
BRDA:24,3,1,1
BRDA:60,4,0,0
BRDA:70,5,0,0
BRDA:71,6,0,0
BRDA:71,6,1,0
BRDA:91,7,0,0
BRDA:108,8,0,0
BRDA:108,9,0,0
BRDA:108,9,1,0
BRDA:111,10,0,0
BRDA:112,11,0,0
BRDA:115,12,0,0
BRDA:123,13,0,0
BRDA:123,13,1,0
BRDA:123,13,2,0
BRDA:127,14,0,0
BRDA:127,15,0,0
BRDA:127,15,1,0
BRDA:137,16,0,0
BRDA:149,17,0,0
BRDA:149,17,1,1
BRDA:162,18,0,0
BRDA:168,19,0,0
BRDA:181,20,0,1
BRDA:190,21,0,0
BRDA:193,22,0,1
BRDA:210,23,0,3
BRDA:210,23,1,0
BRDA:215,24,0,3
BRDA:226,25,0,1
BRDA:227,26,0,0
BRF:38
BRH:12
end_of_record
TN:
SF:packages/js-lib/remote-file-sync/file-sync.ts
FN:14,fileEqual
FN:22,isModifiedWrtAncestor
FN:32,(anonymous_3)
FN:33,(anonymous_4)
FN:34,(anonymous_5)
FN:48,fileSync
FN:122,syncBothAreDefined
FN:135,(anonymous_8)
FN:141,(anonymous_9)
FN:158,(anonymous_10)
FN:161,(anonymous_11)
FN:164,(anonymous_12)
FN:191,(anonymous_13)
FN:195,(anonymous_14)
FN:203,(anonymous_15)
FN:210,(anonymous_16)
FN:217,(anonymous_17)
FN:221,(anonymous_18)
FN:228,(anonymous_19)
FN:235,(anonymous_20)
FN:242,(anonymous_21)
FN:249,syncOneIsDefined
FNF:22
FNH:19
FNDA:14,fileEqual
FNDA:14,isModifiedWrtAncestor
FNDA:7,(anonymous_3)
FNDA:7,(anonymous_4)
FNDA:0,(anonymous_5)
FNDA:24,fileSync
FNDA:15,syncBothAreDefined
FNDA:12,(anonymous_8)
FNDA:24,(anonymous_9)
FNDA:7,(anonymous_10)
FNDA:7,(anonymous_11)
FNDA:0,(anonymous_12)
FNDA:0,(anonymous_13)
FNDA:1,(anonymous_14)
FNDA:2,(anonymous_15)
FNDA:1,(anonymous_16)
FNDA:1,(anonymous_17)
FNDA:2,(anonymous_18)
FNDA:3,(anonymous_19)
FNDA:1,(anonymous_20)
FNDA:1,(anonymous_21)
FNDA:4,syncOneIsDefined
DA:1,1
DA:3,1
DA:11,1
DA:12,1
DA:15,14
DA:16,14
DA:19,0
DA:29,14
DA:31,14
DA:32,7
DA:33,7
DA:34,0
DA:48,24
DA:73,24
DA:85,4
DA:86,1
DA:92,3
DA:96,20
DA:97,1
DA:101,19
DA:102,2
DA:105,17
DA:106,2
DA:110,15
DA:111,15
DA:118,0
DA:128,15
DA:131,3
DA:135,12
DA:141,12
DA:148,24
DA:149,10
DA:152,14
DA:157,14
DA:159,7
DA:162,7
DA:165,0
DA:170,12
DA:174,12
DA:188,12
DA:192,0
DA:197,1
DA:204,2
DA:211,1
DA:218,1
DA:222,2
DA:229,3
DA:236,1
DA:243,1
DA:265,4
DA:266,2
DA:271,2
LF:52
LH:47
BRDA:15,0,0,14
BRDA:15,1,0,14
BRDA:15,1,1,14
BRDA:16,2,0,7
BRDA:16,2,1,7
BRDA:73,3,0,4
BRDA:73,3,1,20
BRDA:74,4,0,24
BRDA:74,4,1,21
BRDA:74,4,2,19
BRDA:74,4,3,8
BRDA:74,4,4,6
BRDA:85,5,0,1
BRDA:85,6,0,4
BRDA:85,6,1,2
BRDA:96,7,0,1
BRDA:96,7,1,19
BRDA:96,8,0,20
BRDA:96,8,1,3
BRDA:101,9,0,2
BRDA:101,9,1,17
BRDA:101,10,0,19
BRDA:101,10,1,2
BRDA:105,11,0,2
BRDA:105,11,1,15
BRDA:105,12,0,17
BRDA:105,12,1,17
BRDA:110,13,0,15
BRDA:110,13,1,0
BRDA:110,14,0,15
BRDA:110,14,1,15
BRDA:128,15,0,3
BRDA:135,16,0,12
BRDA:135,16,1,12
BRDA:148,17,0,10
BRDA:265,18,0,2
BRF:36
BRH:35
end_of_record
TN:
SF:packages/js-lib/safe-json/index.ts
FN:3,safeJSONParse
FN:13,safeJSONStringify
FNF:2
FNH:2
FNDA:5,safeJSONParse
FNDA:13,safeJSONStringify
DA:1,2
DA:3,5
DA:6,5
DA:7,5
DA:9,1
DA:13,13
DA:16,13
DA:17,13
DA:19,0
LF:9
LH:8
BRF:0
BRH:0
end_of_record
TN:
SF:packages/js-lib/search-pm-node/config.ts
FNF:0
FNH:0
DA:2,18
LF:1
LH:1
BRF:0
BRH:0
end_of_record
TN:
SF:packages/js-lib/search-pm-node/generic-atom-node-search.ts
FN:5,genericAtomNodeSearch
FN:100,getCheapTextBefore
FN:113,getCheapTextAfter
FNF:3
FNH:3
FNDA:31,genericAtomNodeSearch
FNDA:10,getCheapTextBefore
FNDA:8,getCheapTextAfter
DA:5,31
DA:29,31
DA:30,24
DA:33,7
DA:36,7
DA:38,7
DA:43,2
DA:46,5
DA:48,5
DA:49,0
DA:52,5
DA:53,5
DA:55,5
DA:56,0
DA:58,5
DA:61,5
DA:62,1
DA:64,5
DA:65,5
DA:69,5
DA:71,5
DA:73,5
DA:74,1
DA:76,4
DA:79,4
DA:80,0
DA:82,4
DA:83,3
DA:87,5
DA:98,1
DA:101,10
DA:110,10
DA:114,8
DA:123,8
LF:34
LH:31
BRDA:17,0,0,0
BRDA:18,1,0,0
BRDA:29,2,0,24
BRDA:33,3,0,0
BRDA:33,3,1,7
BRDA:38,4,0,2
BRDA:39,5,0,7
BRDA:39,5,1,2
BRDA:48,6,0,0
BRDA:55,7,0,0
BRDA:55,7,1,5
BRDA:61,8,0,1
BRDA:64,9,0,5
BRDA:73,10,0,1
BRDA:73,10,1,4
BRDA:79,11,0,0
BRDA:82,12,0,3
BRDA:110,13,0,10
BRDA:110,13,1,0
BRDA:123,14,0,8
BRDA:123,14,1,0
BRF:21
BRH:13
end_of_record
TN:
SF:packages/js-lib/search-pm-node/search-pm-node.ts
FN:20,getAtomSearchType
FN:25,(anonymous_7)
FN:30,searchPmNode
FN:56,(anonymous_9)
FN:57,(anonymous_10)
FN:68,(anonymous_11)
FN:102,(anonymous_12)
FN:147,(anonymous_13)
FN:169,matchText
FN:194,getMatchFragment
FN:219,startStringWithWord
FN:230,endStringWithWord
FNF:12
FNH:12
FNDA:15,getAtomSearchType
FNDA:5,(anonymous_7)
FNDA:17,searchPmNode
FNDA:1024,(anonymous_9)
FNDA:1024,(anonymous_10)
FNDA:4057,(anonymous_11)
FNDA:8,(anonymous_12)
FNDA:1014,(anonymous_13)
FNDA:13,matchText
FNDA:28,getMatchFragment
FNDA:13,startStringWithWord
FNDA:18,endStringWithWord
DA:3,1
DA:5,1
DA:6,1
DA:24,15
DA:26,5
DA:30,17
DA:44,17
DA:45,2
DA:48,15
DA:50,15
DA:52,15
DA:54,15
DA:57,1024
DA:58,1024
DA:59,10
DA:62,1014
DA:64,1014
DA:68,1014
DA:69,4057
DA:70,0
DA:73,4057
DA:75,4057
DA:76,1018
DA:80,4057
DA:81,4026
DA:82,1011
DA:86,1011
DA:88,1011
DA:89,1004
DA:92,7
DA:99,7
DA:101,7
DA:102,8
DA:110,31
DA:127,31
DA:128,5
DA:132,3053
DA:135,1014
DA:144,14
DA:145,14
DA:147,14
DA:148,1014
DA:149,0
DA:151,1014
DA:153,1014
DA:154,1004
DA:156,10
DA:161,10
DA:162,0
DA:165,10
DA:169,6
DA:175,13
DA:176,13
DA:179,13
DA:180,13
DA:181,13
DA:182,22
DA:183,22
DA:185,22
DA:186,1
DA:188,21
DA:191,13
DA:194,7
DA:200,28
DA:201,28
DA:203,28
DA:205,7
DA:206,7
DA:209,28
DA:211,28
DA:212,12
DA:213,12
DA:216,28
DA:219,6
DA:220,13
DA:222,13
DA:223,1
DA:227,12
DA:230,6
DA:231,18
DA:233,18
DA:234,1
DA:238,17
LF:83
LH:80
BRDA:26,0,0,5
BRDA:26,0,1,5
BRDA:35,1,0,12
BRDA:36,2,0,17
BRDA:37,3,0,17
BRDA:38,4,0,17
BRDA:39,5,0,17
BRDA:40,6,0,17
BRDA:41,7,0,17
BRDA:44,8,0,2
BRDA:50,9,0,0
BRDA:50,9,1,15
BRDA:58,10,0,10
BRDA:58,11,0,1024
BRDA:58,11,1,1014
BRDA:69,12,0,0
BRDA:69,13,0,4057
BRDA:69,13,1,4057
BRDA:75,14,0,1018
BRDA:80,15,0,4026
BRDA:80,15,1,31
BRDA:81,16,0,1011
BRDA:82,17,0,0
BRDA:82,17,1,1011
BRDA:88,18,0,1004
BRDA:127,19,0,5
BRDA:148,20,0,0
BRDA:148,21,0,1014
BRDA:148,21,1,1014
BRDA:153,22,0,1004
BRDA:161,23,0,0
BRDA:185,24,0,1
BRDA:185,25,0,22
BRDA:185,25,1,14
BRDA:203,26,0,7
BRDA:211,27,0,12
BRDA:222,28,0,1
BRDA:233,29,0,1
BRF:38
BRH:33
end_of_record
TN:
SF:packages/js-lib/tri-state/index.ts
FN:2,(anonymous_4)
FN:8,handleTriState
FN:28,toBoolean
FNF:3
FNH:2
FNDA:1,(anonymous_4)
FNDA:28,handleTriState
FNDA:0,toBoolean
DA:2,1
DA:8,28
DA:12,28
DA:14,14
DA:17,14
DA:20,0
DA:23,0
DA:28,0
DA:29,0
DA:30,0
DA:33,0
LF:11
LH:5
BRDA:2,0,0,1
BRDA:2,0,1,1
BRDA:12,1,0,14
BRDA:12,1,1,14
BRDA:12,1,2,0
BRDA:12,1,3,0
BRDA:29,2,0,0
BRF:7
BRH:4
end_of_record
TN:
SF:packages/js-lib/weak-cache/index.ts
FN:5,weakCache
FN:10,(anonymous_2)
FNF:2
FNH:2
FNDA:7,weakCache
FNDA:2,(anonymous_2)
DA:5,7
DA:9,7
DA:10,7
DA:11,2
DA:12,0
DA:13,0
DA:16,0
DA:18,2
DA:19,0
DA:22,2
DA:23,2
DA:25,2
DA:28,7
LF:13
LH:9
BRDA:11,0,0,0
BRDA:12,1,0,0
BRDA:18,2,0,0
BRF:3
BRH:0
end_of_record
TN:
SF:packages/lib/app-database/app-database.ts
FN:37,(anonymous_1)
FN:39,(anonymous_2)
FN:64,(anonymous_3)
FN:71,(anonymous_4)
FN:105,(anonymous_5)
FN:108,(anonymous_6)
FN:138,(anonymous_7)
FN:144,(anonymous_8)
FN:183,(anonymous_9)
FN:191,(anonymous_10)
FN:206,(anonymous_11)
FN:219,(anonymous_12)
FN:225,(anonymous_13)
FN:245,(anonymous_14)
FN:267,(anonymous_15)
FN:278,(anonymous_16)
FN:287,(anonymous_17)
FNF:17
FNH:15
FNDA:37,(anonymous_1)
FNDA:18,(anonymous_2)
FNDA:19,(anonymous_3)
FNDA:19,(anonymous_4)
FNDA:4,(anonymous_5)
FNDA:4,(anonymous_6)
FNDA:4,(anonymous_7)
FNDA:4,(anonymous_8)
FNDA:1,(anonymous_9)
FNDA:0,(anonymous_10)
FNDA:2,(anonymous_11)
FNDA:1,(anonymous_12)
FNDA:1,(anonymous_13)
FNDA:18,(anonymous_14)
FNDA:11,(anonymous_15)
FNDA:11,(anonymous_16)
FNDA:0,(anonymous_17)
DA:1,6
DA:2,6
DA:10,6
DA:12,6
DA:13,6
DA:36,37
DA:37,37
DA:43,18
DA:47,18
DA:48,2
DA:51,16
DA:53,16
DA:54,2
DA:57,14
DA:58,2
DA:61,12
DA:67,19
DA:69,19
DA:72,19
DA:73,1
DA:80,18
DA:85,18
DA:92,18
DA:93,18
DA:94,18
DA:99,18
DA:102,0
DA:106,4
DA:109,4
DA:110,0
DA:117,4
DA:123,4
DA:130,4
DA:142,4
DA:145,4
DA:146,1
DA:153,3
DA:154,3
DA:160,3
DA:169,3
DA:170,3
DA:177,3
DA:180,0
DA:187,1
DA:191,1
DA:192,0
DA:193,0
DA:194,0
DA:197,0
DA:198,0
DA:202,0
DA:207,2
DA:209,2
DA:210,0
DA:212,2
DA:225,1
DA:226,1
DA:228,1
DA:229,0
DA:236,1
DA:242,1
DA:246,18
DA:250,18
DA:251,9
DA:254,9
DA:255,0
DA:262,9
DA:268,11
DA:269,0
DA:276,11
DA:279,11
DA:288,0
LF:72
LH:58
BRDA:47,0,0,2
BRDA:53,1,0,2
BRDA:53,2,0,16
BRDA:53,2,1,14
BRDA:57,3,0,2
BRDA:58,4,0,1
BRDA:58,4,1,1
BRDA:58,5,0,2
BRDA:58,5,1,2
BRDA:72,6,0,1
BRDA:92,7,0,18
BRDA:92,7,1,0
BRDA:93,8,0,18
BRDA:109,9,0,0
BRDA:145,10,0,1
BRDA:169,11,0,3
BRDA:192,12,0,0
BRDA:193,13,0,0
BRDA:193,14,0,0
BRDA:193,14,1,0
BRDA:197,15,0,0
BRDA:209,16,0,0
BRDA:226,17,0,1
BRDA:226,17,1,0
BRDA:228,18,0,0
BRDA:250,19,0,9
BRDA:254,20,0,0
BRDA:268,21,0,0
BRF:28
BRH:16
end_of_record
TN:
SF:packages/lib/app-database/error-codes.ts
FN:1,(anonymous_1)
FNF:1
FNH:1
FNDA:6,(anonymous_1)
DA:1,6
LF:1
LH:1
BRDA:1,0,0,6
BRDA:1,0,1,6
BRF:2
BRH:2
end_of_record
TN:
SF:packages/lib/app-database/index.ts
FNF:0
FNH:0
DA:1,5
DA:2,5
LF:2
LH:2
BRF:0
BRH:0
end_of_record
TN:
SF:packages/lib/app-database-in-memory/index.ts
FN:8,(anonymous_1)
FN:13,(anonymous_2)
FN:28,(anonymous_3)
FN:59,(anonymous_4)
FN:66,(anonymous_5)
FNF:5
FNH:5
FNDA:37,(anonymous_1)
FNDA:29,(anonymous_2)
FNDA:33,(anonymous_3)
FNDA:1,(anonymous_4)
FNDA:3,(anonymous_5)
DA:4,4
DA:6,37
DA:7,37
DA:9,37
DA:10,37
DA:17,29
DA:19,29
DA:22,29
DA:36,33
DA:37,33
DA:38,33
DA:39,33
DA:44,31
DA:45,30
DA:47,30
DA:53,1
DA:60,1
DA:62,1
DA:63,1
DA:67,3
DA:69,3
LF:21
LH:21
BRDA:9,0,0,22
BRDA:10,1,0,22
BRDA:19,2,0,11
BRDA:19,2,1,18
BRDA:37,3,0,21
BRDA:37,3,1,12
BRDA:44,4,0,30
BRDA:62,5,0,1
BRDA:62,5,1,0
BRDA:70,6,0,2
BRDA:70,6,1,1
BRF:11
BRH:10
end_of_record
TN:
SF:packages/lib/app-database-indexeddb/index.ts
FN:21,(anonymous_1)
FN:30,(anonymous_2)
FN:46,(anonymous_3)
FN:72,(anonymous_4)
FN:117,(anonymous_5)
FNF:5
FNH:4
FNDA:0,(anonymous_1)
FNDA:6,(anonymous_2)
FNDA:34,(anonymous_3)
FNDA:40,(anonymous_4)
FNDA:5,(anonymous_5)
DA:1,4
DA:2,4
DA:3,4
DA:15,4
DA:16,4
DA:18,32
DA:19,32
DA:22,0
DA:23,0
DA:31,6
DA:32,5
DA:33,5
DA:35,0
DA:39,1
DA:40,1
DA:42,0
DA:53,34
DA:55,34
DA:56,34
DA:57,34
DA:58,34
DA:59,34
DA:60,34
DA:61,34
DA:63,34
DA:68,0
DA:79,40
DA:80,40
DA:82,40
DA:83,40
DA:85,40
DA:86,40
DA:88,40
DA:89,40
DA:91,40
DA:96,40
DA:97,2
DA:103,38
DA:108,38
DA:113,0
DA:118,5
DA:119,5
DA:121,5
DA:122,5
DA:124,5
DA:126,5
DA:128,5
DA:130,0
DA:133,5
LF:49
LH:42
BRDA:31,0,0,5
BRDA:55,1,0,24
BRDA:55,1,1,10
BRDA:80,2,0,30
BRDA:80,2,1,10
BRDA:96,3,0,2
BRDA:119,4,0,4
BRDA:119,4,1,1
BRF:8
BRH:8
end_of_record
TN:
SF:packages/lib/app-database-indexeddb/indexed-db-adaptor.ts
FN:31,setupAppDb
FN:33,(anonymous_12)
FN:54,getAppDb
FN:60,getWorkspaceInfoTable
FN:64,getMiscTable
FNF:5
FNH:5
FNDA:85,setupAppDb
FNDA:32,(anonymous_12)
FNDA:79,getAppDb
FNDA:5,getWorkspaceInfoTable
FNDA:1,getMiscTable
DA:2,4
DA:5,4
DA:6,4
DA:7,58
DA:8,4
DA:10,21
DA:12,4
DA:31,0
DA:32,85
DA:34,32
DA:36,32
DA:37,96
DA:41,32
DA:44,0
DA:47,0
DA:54,79
DA:55,79
DA:57,79
DA:60,5
DA:61,5
DA:64,1
DA:65,1
LF:22
LH:19
BRDA:34,0,0,32
BRDA:34,0,1,0
BRF:2
BRH:1
end_of_record
TN:
SF:packages/lib/app-database-indexeddb/logger.ts
FNF:0
FNH:0
DA:1,4
DA:3,4
LF:2
LH:2
BRF:0
BRH:0
end_of_record
TN:
SF:packages/lib/broadcaster/index.ts
FN:20,createBroadcaster
FN:31,(anonymous_2)
FN:36,(anonymous_3)
FN:47,(anonymous_4)
FNF:4
FNH:4
FNDA:6,createBroadcaster
FNDA:1,(anonymous_2)
FNDA:2,(anonymous_3)
FNDA:2,(anonymous_4)
DA:1,2
DA:2,2
DA:4,2
DA:10,2
DA:20,6
DA:21,6
DA:28,6
DA:30,6
DA:32,1
DA:36,6
DA:37,2
DA:44,2
DA:47,6
DA:48,2
DA:49,2
DA:50,1
DA:52,1
DA:55,6
LF:18
LH:18
BRDA:49,0,0,1
BRF:1
BRH:1
end_of_record
TN:
SF:packages/lib/broadcaster/logger.ts
FNF:0
FNH:0
DA:1,2
DA:3,6
LF:2
LH:2
BRF:0
BRH:0
end_of_record
TN:
SF:packages/lib/file-storage-indexeddb/file-storage-indexeddb.ts
FN:23,(anonymous_1)
FN:29,(anonymous_2)
FN:38,(anonymous_3)
FN:46,(anonymous_4)
FN:62,(anonymous_5)
FN:72,(anonymous_6)
FN:76,(anonymous_7)
FN:86,(anonymous_8)
FN:91,(anonymous_9)
FN:93,(anonymous_10)
FN:98,(anonymous_11)
FN:102,(anonymous_12)
FN:110,(anonymous_13)
FN:120,(anonymous_14)
FNF:14
FNH:5
FNDA:6,(anonymous_1)
FNDA:0,(anonymous_2)
FNDA:1,(anonymous_3)
FNDA:3,(anonymous_4)
FNDA:0,(anonymous_5)
FNDA:0,(anonymous_6)
FNDA:0,(anonymous_7)
FNDA:0,(anonymous_8)
FNDA:0,(anonymous_9)
FNDA:0,(anonymous_10)
FNDA:0,(anonymous_11)
FNDA:3,(anonymous_12)
FNDA:0,(anonymous_13)
FNDA:2,(anonymous_14)
DA:5,1
DA:6,1
DA:11,1
DA:15,6
DA:17,6
DA:18,6
DA:19,6
DA:24,6
DA:27,6
DA:30,0
DA:32,0
DA:39,1
DA:40,1
DA:47,3
DA:48,3
DA:49,3
DA:51,2
DA:53,1
DA:54,1
DA:55,1
DA:58,0
DA:63,0
DA:64,0
DA:66,0
DA:73,0
DA:77,0
DA:79,0
DA:83,0
DA:85,0
DA:87,0
DA:89,0
DA:91,0
DA:93,0
DA:95,0
DA:103,3
DA:104,1
DA:107,2
DA:111,0
DA:113,0
DA:121,2
DA:122,2
DA:123,2
LF:42
LH:24
BRDA:53,0,0,1
BRDA:54,1,0,1
BRDA:103,2,0,1
BRF:3
BRH:3
end_of_record
TN:
SF:packages/lib/file-storage-indexeddb/index.ts
FNF:0
FNH:0
DA:1,1
LF:1
LH:1
BRF:0
BRH:0
end_of_record
TN:
SF:packages/lib/lib-common/index.ts
FNF:0
FNH:0
DA:1,6
LF:1
LH:1
BRF:0
BRH:0
end_of_record
TN:
SF:packages/lib/lib-common/store-config.ts
FN:22,(anonymous_5)
FN:25,(anonymous_6)
FN:29,getEternalVarsWindow
FNF:3
FNH:2
FNDA:25,(anonymous_5)
FNDA:12,(anonymous_6)
FNDA:0,getEternalVarsWindow
DA:1,6
DA:10,25
DA:21,25
DA:22,25
DA:25,12
DA:27,12
DA:29,0
DA:32,0
LF:8
LH:6
BRF:0
BRH:0
end_of_record
TN:
SF:packages/lib/slice-page/index.ts
FN:10,(anonymous_4)
FN:14,(anonymous_5)
FN:18,(anonymous_6)
FN:22,(anonymous_7)
FN:27,(anonymous_8)
FNF:5
FNH:2
FNDA:1,(anonymous_4)
FNDA:1,(anonymous_5)
FNDA:0,(anonymous_6)
FNDA:0,(anonymous_7)
FNDA:0,(anonymous_8)
DA:1,1
DA:3,1
DA:5,1
DA:6,1
DA:8,1
DA:10,1
DA:11,1
DA:14,1
DA:15,1
DA:18,1
DA:19,0
DA:22,1
DA:23,0
DA:24,0
DA:27,1
DA:28,0
DA:30,0
DA:33,2
DA:45,1
DA:46,0
LF:20
LH:14
BRDA:24,0,0,0
BRDA:24,0,1,0
BRDA:30,1,0,0
BRDA:30,1,1,0
BRF:4
BRH:0
end_of_record
TN:
SF:packages/lib/slice-page/slice-history.ts
FN:34,syncHistoryStateWithSliceState
FN:38,goTo
FN:46,(anonymous_5)
FN:49,watchHistoryEffect
FN:57,(anonymous_7)
FN:77,(anonymous_8)
FN:91,pendingNavEffect
FNF:7
FNH:7
FNDA:17,syncHistoryStateWithSliceState
FNDA:4,goTo
FNDA:9,(anonymous_5)
FNDA:9,watchHistoryEffect
FNDA:8,(anonymous_7)
FNDA:2,(anonymous_8)
FNDA:13,pendingNavEffect
DA:1,2
DA:8,2
DA:9,2
DA:16,2
DA:21,2
DA:30,2
DA:31,2
DA:35,17
DA:39,4
DA:46,9
DA:48,2
DA:50,9
DA:52,9
DA:53,0
DA:55,9
DA:57,9
DA:58,8
DA:61,9
DA:65,9
DA:67,9
DA:70,9
DA:77,9
DA:78,2
DA:79,2
DA:80,2
DA:90,2
DA:92,13
DA:94,13
DA:96,13
DA:97,9
DA:101,4
DA:102,4
DA:106,0
DA:108,0
DA:109,0
DA:111,0
DA:123,26
LF:37
LH:32
BRDA:52,0,0,0
BRDA:61,1,0,3
BRDA:61,1,1,6
BRDA:96,2,0,9
BRDA:96,3,0,13
BRDA:96,3,1,13
BRDA:101,4,0,4
BRDA:101,4,1,0
BRDA:106,5,0,0
BRDA:106,5,1,0
BRDA:108,6,0,0
BRF:11
BRH:6
end_of_record
TN:
SF:packages/lib/slice-page/slice-lifecycle.ts
FN:18,(anonymous_4)
FN:25,setPageLifeCycleState
FN:32,blockPageReload
FN:36,unblockPageReload
FN:41,pageLifeCycleWatch
FN:42,(anonymous_9)
FN:54,(anonymous_10)
FN:60,pageLifeCycleBlockReload
FNF:8
FNH:8
FNDA:2,(anonymous_4)
FNDA:6,setPageLifeCycleState
FNDA:6,blockPageReload
FNDA:3,unblockPageReload
FNDA:6,pageLifeCycleWatch
FNDA:6,(anonymous_9)
FNDA:1,(anonymous_10)
FNDA:14,pageLifeCycleBlockReload
DA:1,2
DA:2,2
DA:9,2
DA:10,2
DA:13,2
DA:18,2
DA:19,2
DA:22,10
DA:29,6
DA:33,6
DA:37,3
DA:41,2
DA:42,6
DA:43,6
DA:51,6
DA:52,6
DA:54,6
DA:55,1
DA:59,2
DA:61,14
DA:63,14
DA:64,5
DA:66,9
DA:76,20
LF:24
LH:24
BRDA:63,0,0,5
BRDA:63,0,1,9
BRF:2
BRH:2
end_of_record
TN:
SF:packages/lib/slice-ui/index.ts
FN:12,toggleRightAside
FN:15,(anonymous_4)
FN:36,toggleLeftAside
FN:39,(anonymous_6)
FN:62,toggleActivitybar
FN:63,(anonymous_8)
FN:71,(anonymous_9)
FN:75,(anonymous_10)
FN:79,(anonymous_11)
FN:83,(anonymous_12)
FNF:10
FNH:10
FNDA:4,toggleRightAside
FNDA:4,(anonymous_4)
FNDA:4,toggleLeftAside
FNDA:4,(anonymous_6)
FNDA:3,toggleActivitybar
FNDA:3,(anonymous_8)
FNDA:3,(anonymous_9)
FNDA:3,(anonymous_10)
FNDA:1,(anonymous_11)
FNDA:1,(anonymous_12)
DA:1,2
DA:3,2
DA:4,2
DA:6,2
DA:8,2
DA:10,2
DA:13,4
DA:15,4
DA:16,4
DA:17,4
DA:19,4
DA:20,0
DA:24,4
DA:25,2
DA:28,4
DA:34,2
DA:37,4
DA:39,4
DA:40,4
DA:41,4
DA:43,4
DA:44,0
DA:49,4
DA:50,2
DA:53,4
DA:61,2
DA:63,3
DA:64,3
DA:65,2
DA:67,1
DA:71,2
DA:72,3
DA:75,2
DA:76,3
DA:79,2
DA:80,1
DA:83,2
DA:84,1
DA:87,32
DA:100,10
LF:40
LH:38
BRDA:19,0,0,0
BRDA:24,1,0,2
BRDA:29,2,0,4
BRDA:29,2,1,0
BRDA:34,3,0,2
BRDA:34,3,1,0
BRDA:43,4,0,0
BRDA:49,5,0,2
BRDA:55,6,0,4
BRDA:55,6,1,0
BRDA:64,7,0,2
BRF:11
BRH:6
end_of_record
TN:
SF:packages/lib/slice-ui/slice-ui-color-scheme.ts
FN:19,reactToColorSchemeChange
FN:27,watchColorSchemeChange
FN:35,(anonymous_3)
FN:54,(anonymous_4)
FNF:4
FNH:2
FNDA:0,reactToColorSchemeChange
FNDA:6,watchColorSchemeChange
FNDA:0,(anonymous_3)
FNDA:1,(anonymous_4)
DA:1,3
DA:3,3
DA:7,3
DA:13,3
DA:20,0
DA:23,7
DA:27,3
DA:28,6
DA:33,6
DA:35,6
DA:36,0
DA:37,0
DA:41,0
DA:42,0
DA:43,0
DA:44,0
DA:45,0
DA:46,0
DA:52,6
DA:54,6
DA:55,1
LF:21
LH:12
BRDA:14,0,0,0
BRDA:14,0,1,3
BRDA:37,1,0,0
BRDA:38,2,0,0
BRDA:38,2,1,0
BRDA:43,3,0,0
BRDA:43,3,1,0
BRDA:45,4,0,0
BRF:8
BRH:1
end_of_record
TN:
SF:packages/lib/slice-ui/slice-ui-widescreen.ts
FN:23,updateScreenDimensions
FN:30,(anonymous_4)
FN:38,reactToScreenChange
FN:49,listToResizeEffect
FN:52,(anonymous_7)
FN:76,(anonymous_8)
FN:83,watchWidthChangeEffect
FN:92,(anonymous_10)
FN:110,(anonymous_11)
FNF:9
FNH:7
FNDA:5,updateScreenDimensions
FNDA:5,(anonymous_4)
FNDA:0,reactToScreenChange
FNDA:6,listToResizeEffect
FNDA:5,(anonymous_7)
FNDA:1,(anonymous_8)
FNDA:6,watchWidthChangeEffect
FNDA:0,(anonymous_10)
FNDA:1,(anonymous_11)
DA:1,3
DA:3,3
DA:4,3
DA:6,2
DA:7,3
DA:13,3
DA:15,3
DA:19,3
DA:30,5
DA:31,5
DA:32,5
DA:34,5
DA:39,0
DA:42,21
DA:49,3
DA:50,6
DA:52,6
DA:53,5
DA:54,5
DA:56,5
DA:57,5
DA:59,5
DA:60,5
DA:63,0
DA:64,0
DA:65,0
DA:67,0
DA:68,0
DA:72,6
DA:74,6
DA:76,6
DA:77,1
DA:83,3
DA:84,6
DA:89,6
DA:92,6
DA:93,0
DA:94,0
DA:98,0
DA:99,0
DA:100,0
DA:101,0
DA:102,0
DA:108,6
DA:110,6
DA:111,1
LF:46
LH:33
BRDA:16,0,0,3
BRDA:16,0,1,0
BRDA:20,1,0,3
BRDA:20,1,1,0
BRDA:53,2,0,5
BRDA:59,3,0,5
BRDA:63,4,0,0
BRDA:63,4,1,0
BRDA:94,5,0,0
BRDA:95,6,0,0
BRDA:95,6,1,0
BRDA:101,7,0,0
BRF:12
BRH:4
end_of_record
TN:
SF:packages/lib/ui/Dhancha/index.tsx
FN:26,disableUserSelect
FN:27,(anonymous_9)
FN:35,enableUserSelect
FN:36,(anonymous_11)
FN:44,setCSSVariable
FN:48,parseRootCSSVariable
FN:57,calcMainContentWidth
FN:85,useSeparator
FN:100,(anonymous_16)
FN:112,(anonymous_17)
FN:115,(anonymous_18)
FN:125,(anonymous_19)
FN:135,(anonymous_20)
FN:147,(anonymous_21)
FN:155,(anonymous_22)
FN:166,(anonymous_23)
FN:182,DhanchaWidescreen
FN:206,(anonymous_25)
FN:209,(anonymous_26)
FN:212,(anonymous_27)
FN:216,(anonymous_28)
FN:235,(anonymous_29)
FN:244,(anonymous_30)
FN:258,(anonymous_31)
FN:272,(anonymous_32)
FN:352,DhanchaSmallscreen
FN:381,TitlebarContainer
FN:395,useAddUtilClasses
FN:406,(anonymous_36)
FNF:29
FNH:19
FNDA:0,disableUserSelect
FNDA:0,(anonymous_9)
FNDA:0,enableUserSelect
FNDA:0,(anonymous_11)
FNDA:0,setCSSVariable
FNDA:3,parseRootCSSVariable
FNDA:8,calcMainContentWidth
FNDA:24,useSeparator
FNDA:5,(anonymous_16)
FNDA:5,(anonymous_17)
FNDA:5,(anonymous_18)
FNDA:9,(anonymous_19)
FNDA:3,(anonymous_20)
FNDA:24,(anonymous_21)
FNDA:24,(anonymous_22)
FNDA:24,(anonymous_23)
FNDA:1,DhanchaWidescreen
FNDA:1,(anonymous_25)
FNDA:1,(anonymous_26)
FNDA:1,(anonymous_27)
FNDA:1,(anonymous_28)
FNDA:0,(anonymous_29)
FNDA:0,(anonymous_30)
FNDA:0,(anonymous_31)
FNDA:0,(anonymous_32)
FNDA:0,DhanchaSmallscreen
FNDA:1,TitlebarContainer
FNDA:1,useAddUtilClasses
FNDA:1,(anonymous_36)
DA:1,3
DA:10,3
DA:12,3
DA:14,3
DA:27,0
DA:28,0
DA:29,0
DA:30,0
DA:36,0
DA:37,0
DA:38,0
DA:39,0
DA:45,0
DA:49,3
DA:57,7
DA:66,8
DA:67,8
DA:68,8
DA:71,8
DA:74,8
DA:77,8
DA:80,8
DA:82,8
DA:85,22
DA:94,24
DA:95,24
DA:96,24
DA:97,24
DA:99,24
DA:101,5
DA:106,5
DA:111,24
DA:113,5
DA:114,5
DA:115,5
DA:116,5
DA:117,5
DA:124,24
DA:126,9
DA:127,9
DA:128,9
DA:129,9
DA:130,9
DA:135,24
DA:136,3
DA:137,3
DA:138,3
DA:140,3
DA:141,3
DA:142,0
DA:143,0
DA:147,24
DA:148,24
DA:149,9
DA:150,9
DA:152,15
DA:153,15
DA:155,24
DA:156,24
DA:157,24
DA:158,24
DA:159,0
DA:160,0
DA:165,24
DA:166,24
DA:182,1
DA:201,1
DA:202,1
DA:203,1
DA:204,1
DA:206,1
DA:207,1
DA:209,1
DA:210,1
DA:212,1
DA:213,1
DA:216,1
DA:217,1
DA:235,1
DA:236,0
DA:244,1
DA:245,0
DA:253,1
DA:259,0
DA:265,1
DA:273,0
DA:277,1
DA:284,1
DA:352,0
DA:359,0
DA:361,0
DA:368,0
DA:370,0
DA:378,3
DA:382,1
DA:406,1
DA:407,1
DA:411,1
DA:415,1
LF:99
LH:77
BRDA:28,0,0,0
BRDA:37,1,0,0
BRDA:66,2,0,6
BRDA:66,2,1,2
BRDA:67,3,0,6
BRDA:67,3,1,2
BRDA:68,4,0,2
BRDA:68,4,1,6
BRDA:74,5,0,6
BRDA:74,5,1,2
BRDA:75,6,0,6
BRDA:75,6,1,2
BRDA:102,7,0,4
BRDA:102,7,1,1
BRDA:114,8,0,5
BRDA:141,9,0,0
BRDA:148,10,0,9
BRDA:148,10,1,15
BRDA:158,11,0,0
BRDA:169,12,0,24
BRDA:169,12,1,9
BRDA:172,13,0,3
BRDA:172,13,1,21
BRDA:286,14,0,1
BRDA:286,14,1,1
BRDA:298,15,0,1
BRDA:298,15,1,1
BRDA:309,16,0,1
BRDA:309,16,1,1
BRDA:332,17,0,1
BRDA:332,17,1,1
BRDA:339,18,0,1
BRDA:339,18,1,1
BRDA:409,19,0,1
BRDA:409,19,1,1
BRDA:413,20,0,1
BRDA:413,20,1,1
BRDA:417,21,0,1
BRDA:417,21,1,1
BRF:39
BRH:35
end_of_record
TN:
SF:packages/lib/ui/Dhancha/use-sticky-navigation.ts
FN:4,useStickyNavigation
FN:7,(anonymous_2)
FN:14,(anonymous_3)
FN:20,setupStickyNavigation
FN:21,(anonymous_5)
FN:26,(anonymous_6)
FN:31,(anonymous_7)
FN:61,(anonymous_8)
FNF:8
FNH:0
FNDA:0,useStickyNavigation
FNDA:0,(anonymous_2)
FNDA:0,(anonymous_3)
FNDA:0,setupStickyNavigation
FNDA:0,(anonymous_5)
FNDA:0,(anonymous_6)
FNDA:0,(anonymous_7)
FNDA:0,(anonymous_8)
DA:2,3
DA:4,0
DA:7,0
DA:10,0
DA:11,0
DA:14,0
DA:15,0
DA:21,0
DA:22,0
DA:23,0
DA:26,0
DA:27,0
DA:28,0
DA:31,0
DA:34,0
DA:38,0
DA:39,0
DA:42,0
DA:44,0
DA:45,0
DA:47,0
DA:51,0
DA:57,0
DA:59,0
DA:61,0
DA:62,0
DA:63,0
LF:27
LH:1
BRDA:10,0,0,0
BRDA:34,1,0,0
BRDA:34,1,1,0
BRDA:34,1,2,0
BRDA:38,2,0,0
BRDA:44,3,0,0
BRDA:44,3,1,0
BRF:7
BRH:0
end_of_record
TN:
SF:packages/lib/user-preference/constants.ts
FNF:0
FNH:0
DA:1,9
LF:1
LH:1
BRF:0
BRH:0
end_of_record
TN:
SF:packages/lib/user-preference/index.ts
FN:43,(anonymous_4)
FN:45,(anonymous_5)
FN:76,(anonymous_6)
FN:83,(anonymous_7)
FNF:4
FNH:4
FNDA:16,(anonymous_4)
FNDA:13,(anonymous_5)
FNDA:3,(anonymous_6)
FNDA:9,(anonymous_7)
DA:1,2
DA:3,2
DA:4,2
DA:5,2
DA:8,2
DA:9,2
DA:16,8
DA:19,2
DA:37,2
DA:42,16
DA:43,16
DA:46,13
DA:48,13
DA:49,9
DA:52,4
DA:54,4
DA:55,1
DA:57,1
DA:60,3
DA:64,3
DA:65,1
DA:67,1
DA:70,2
DA:80,3
DA:84,9
DA:86,9
DA:87,1
DA:93,8
DA:95,8
DA:101,8
DA:102,16
DA:104,16
DA:109,10
DA:113,8
DA:115,8
DA:118,8
DA:119,8
LF:37
LH:37
BRDA:48,0,0,9
BRDA:54,1,0,1
BRDA:64,2,0,1
BRDA:86,3,0,1
BRDA:104,4,0,10
BRDA:105,5,0,16
BRDA:105,5,1,16
BRDA:115,6,0,8
BRF:8
BRH:8
end_of_record
TN:
SF:packages/lib/user-preference/logger.ts
FNF:0
FNH:0
DA:1,2
DA:3,43
LF:2
LH:2
BRF:0
BRH:0
end_of_record
TN:
SF:packages/lib/utils/cx.ts
FN:1,cx
FNF:1
FNH:1
FNDA:24,cx
DA:1,25
DA:2,24
DA:3,24
DA:4,48
DA:5,15
DA:7,33
DA:10,24
LF:7
LH:7
BRDA:4,0,0,15
BRF:1
BRH:1
end_of_record
TN:
SF:packages/lib/utils/index.ts
FNF:0
FNH:0
DA:1,6
DA:2,6
DA:3,6
LF:3
LH:3
BRF:0
BRH:0
end_of_record
TN:
SF:packages/lib/utils/safe-js.ts
FN:1,(anonymous_10)
FN:11,(anonymous_11)
FN:21,(anonymous_12)
FN:24,(anonymous_13)
FN:35,(anonymous_14)
FN:42,(anonymous_15)
FN:45,(anonymous_16)
FN:48,(anonymous_17)
FN:58,(anonymous_18)
FN:67,rafSchedule
FN:71,(anonymous_20)
FN:81,(anonymous_21)
FN:88,(anonymous_22)
FN:100,scrollIntoViewIfNeededPolyfill
FN:153,safeIdleRefCallback
FN:155,(anonymous_25)
FN:156,(anonymous_26)
FN:173,acquireLockIfAvailable
FN:178,(anonymous_28)
FN:186,(anonymous_29)
FN:194,(anonymous_30)
FN:203,(anonymous_31)
FN:212,(anonymous_32)
FN:223,(anonymous_33)
FN:228,(anonymous_34)
FN:235,safeNavigatorStorageGetDirectory
FNF:26
FNH:2
FNDA:0,(anonymous_10)
FNDA:0,(anonymous_11)
FNDA:0,(anonymous_12)
FNDA:0,(anonymous_13)
FNDA:0,(anonymous_14)
FNDA:0,(anonymous_15)
FNDA:0,(anonymous_16)
FNDA:0,(anonymous_17)
FNDA:0,(anonymous_18)
FNDA:1,rafSchedule
FNDA:0,(anonymous_20)
FNDA:0,(anonymous_21)
FNDA:1,(anonymous_22)
FNDA:0,scrollIntoViewIfNeededPolyfill
FNDA:0,safeIdleRefCallback
FNDA:0,(anonymous_25)
FNDA:0,(anonymous_26)
FNDA:0,acquireLockIfAvailable
FNDA:0,(anonymous_28)
FNDA:0,(anonymous_29)
FNDA:0,(anonymous_30)
FNDA:0,(anonymous_31)
FNDA:0,(anonymous_32)
FNDA:0,(anonymous_33)
FNDA:0,(anonymous_34)
FNDA:0,safeNavigatorStorageGetDirectory
DA:1,6
DA:5,0
DA:6,0
DA:11,0
DA:16,6
DA:18,1
DA:19,6
DA:22,0
DA:23,0
DA:24,0
DA:25,0
DA:27,0
DA:29,0
DA:32,1
DA:33,6
DA:36,0
DA:39,1
DA:40,6
DA:43,0
DA:45,0
DA:46,0
DA:49,0
DA:55,1
DA:56,6
DA:59,0
DA:67,2
DA:68,1
DA:69,1
DA:71,1
DA:73,0
DA:76,0
DA:77,0
DA:81,0
DA:82,0
DA:83,0
DA:88,1
DA:89,1
DA:90,1
DA:92,0
DA:93,0
DA:97,1
DA:104,0
DA:106,0
DA:107,0
DA:108,0
DA:111,0
DA:114,0
DA:116,0
DA:121,0
DA:123,0
DA:128,0
DA:130,0
DA:131,0
DA:139,0
DA:140,0
DA:148,0
DA:149,0
DA:153,1
DA:154,0
DA:156,0
DA:157,0
DA:173,1
DA:177,0
DA:178,0
DA:185,0
DA:187,0
DA:197,0
DA:198,0
DA:200,0
DA:203,0
DA:208,0
DA:213,0
DA:219,0
DA:220,0
DA:223,0
DA:224,0
DA:228,0
DA:229,0
DA:230,0
DA:231,0
DA:235,1
DA:236,0
DA:237,0
DA:240,0
LF:84
LH:21
BRDA:5,0,0,0
BRDA:6,1,0,0
BRDA:6,1,1,0
BRDA:19,2,0,6
BRDA:19,2,1,0
BRDA:19,3,0,6
BRDA:19,3,1,6
BRDA:33,4,0,6
BRDA:33,4,1,0
BRDA:33,5,0,6
BRDA:33,5,1,6
BRDA:40,6,0,0
BRDA:40,6,1,6
BRDA:40,7,0,6
BRDA:40,7,1,6
BRDA:56,8,0,0
BRDA:56,8,1,6
BRDA:56,9,0,6
BRDA:56,9,1,6
BRDA:76,10,0,0
BRDA:89,11,0,1
BRDA:89,11,1,0
BRDA:104,12,0,0
BRDA:104,12,1,0
BRDA:128,13,0,0
BRDA:128,13,1,0
BRDA:130,14,0,0
BRDA:130,15,0,0
BRDA:130,15,1,0
BRDA:130,15,2,0
BRDA:139,16,0,0
BRDA:139,17,0,0
BRDA:139,17,1,0
BRDA:139,17,2,0
BRDA:148,18,0,0
BRDA:148,19,0,0
BRDA:148,19,1,0
BRDA:148,19,2,0
BRDA:148,19,3,0
BRDA:148,19,4,0
BRDA:177,20,0,0
BRDA:177,21,0,0
BRDA:177,21,1,0
BRDA:197,22,0,0
BRDA:219,23,0,0
BRDA:236,24,0,0
BRF:46
BRH:13
end_of_record
TN:
SF:packages/lib/utils/window.ts
FN:9,setRootWidescreenClass
FN:34,checkWidescreen
FN:44,listenToResize
FN:52,(anonymous_8)
FN:60,(anonymous_9)
FN:66,(anonymous_10)
FN:76,changeColorScheme
FNF:7
FNH:2
FNDA:0,setRootWidescreenClass
FNDA:0,checkWidescreen
FNDA:1,listenToResize
FNDA:0,(anonymous_8)
FNDA:0,(anonymous_9)
FNDA:1,(anonymous_10)
FNDA:0,changeColorScheme
DA:1,6
DA:2,6
DA:3,6
DA:5,6
DA:9,1
DA:12,0
DA:13,0
DA:16,0
DA:17,0
DA:19,0
DA:20,0
DA:21,0
DA:23,0
DA:24,0
DA:26,0
DA:27,0
DA:29,0
DA:30,0
DA:34,1
DA:37,0
DA:38,0
DA:41,0
DA:44,2
DA:48,1
DA:49,0
DA:52,1
DA:53,0
DA:60,1
DA:61,0
DA:64,1
DA:67,1
DA:68,1
DA:76,1
DA:77,0
DA:78,0
DA:80,0
DA:83,0
DA:84,0
DA:88,0
DA:91,0
DA:92,0
DA:94,0
DA:97,0
DA:99,0
DA:100,0
DA:101,0
DA:102,0
DA:103,0
DA:104,0
DA:106,0
LF:50
LH:14
BRDA:10,0,0,0
BRDA:12,1,0,0
BRDA:19,2,0,0
BRDA:19,2,1,0
BRDA:35,3,0,0
BRDA:35,4,0,0
BRDA:35,4,1,0
BRDA:37,5,0,0
BRDA:41,6,0,0
BRDA:41,6,1,0
BRDA:48,7,0,0
BRDA:77,8,0,0
BRDA:83,9,0,0
BRDA:91,10,0,0
BRDA:99,11,0,0
BRDA:99,11,1,0
BRDA:102,12,0,0
BRDA:102,12,1,0
BRF:18
BRH:0
end_of_record
TN:
SF:packages/lib/workspace/logger.ts
FNF:0
FNH:0
DA:1,1
DA:3,1
LF:2
LH:2
BRF:0
BRH:0
end_of_record
TN:
SF:packages/lib/workspace/workspace.ts
FN:24,(anonymous_1)
FN:32,(anonymous_2)
FN:34,(anonymous_3)
FN:53,(anonymous_4)
FN:68,(anonymous_5)
FN:69,(anonymous_6)
FN:70,(anonymous_7)
FN:75,(anonymous_8)
FN:82,(anonymous_9)
FN:89,(anonymous_10)
FN:98,(anonymous_11)
FN:103,(anonymous_12)
FN:106,(anonymous_13)
FN:122,(anonymous_14)
FN:130,(anonymous_15)
FN:146,(anonymous_16)
FN:158,(anonymous_17)
FNF:17
FNH:12
FNDA:7,(anonymous_1)
FNDA:7,(anonymous_2)
FNDA:7,(anonymous_3)
FNDA:3,(anonymous_4)
FNDA:0,(anonymous_5)
FNDA:0,(anonymous_6)
FNDA:0,(anonymous_7)
FNDA:2,(anonymous_8)
FNDA:1,(anonymous_9)
FNDA:1,(anonymous_10)
FNDA:3,(anonymous_11)
FNDA:0,(anonymous_12)
FNDA:0,(anonymous_13)
FNDA:3,(anonymous_14)
FNDA:3,(anonymous_15)
FNDA:2,(anonymous_16)
FNDA:1,(anonymous_17)
DA:1,1
DA:2,1
DA:3,1
DA:12,1
DA:14,1
DA:21,8
DA:25,7
DA:27,7
DA:29,6
DA:32,7
DA:35,7
DA:39,7
DA:40,1
DA:44,6
DA:45,6
DA:47,0
DA:50,6
DA:55,3
DA:57,0
DA:60,1
DA:62,0
DA:64,2
DA:68,0
DA:69,0
DA:71,0
DA:76,2
DA:79,2
DA:87,1
DA:91,1
DA:93,1
DA:100,3
DA:104,0
DA:106,0
DA:107,0
DA:108,0
DA:110,0
DA:112,0
DA:113,0
DA:116,0
DA:119,0
DA:123,3
DA:125,3
DA:127,3
DA:131,3
DA:132,0
DA:137,3
DA:139,3
DA:140,1
DA:143,2
DA:151,2
DA:153,2
DA:159,1
DA:161,1
LF:53
LH:37
BRDA:39,0,0,1
BRDA:44,1,0,6
BRDA:44,1,1,0
BRDA:55,2,0,0
BRDA:55,2,1,1
BRDA:55,2,2,0
BRDA:55,2,3,2
BRDA:79,3,0,2
BRDA:79,3,1,0
BRDA:91,4,0,0
BRDA:91,4,1,1
BRDA:103,5,0,0
BRDA:110,6,0,0
BRDA:110,6,1,0
BRDA:110,6,2,0
BRDA:112,7,0,0
BRDA:131,8,0,0
BRDA:139,9,0,1
BRDA:149,10,0,2
BRF:19
BRH:8
end_of_record
TN:
SF:packages/lib/ws-path/helpers.ts
FN:12,hasValidNoteExtension
FN:13,(anonymous_28)
FN:16,createWsName
FN:22,createWsPath
FN:30,getExtension
FN:40,conditionalSuffix
FN:48,suffixWithNoteExtension
FN:52,removeExtension
FN:67,resolvePath
FN:97,isValidWsName
FN:108,validWsName
FN:121,isWsPath
FN:126,(anonymous_39)
FN:143,isValidFileWsPath
FN:157,validateWsPath
FN:158,(anonymous_42)
FN:176,validateFileWsPath
FN:185,validateNoteWsPath
FN:197,isValidNoteWsPath
FN:201,sanitizeFilePath
FN:213,parseLocalFilePath
FN:239,parseLocalFilePath2
FN:243,(anonymous_49)
FN:249,fromFsPath
FN:259,splitWsPath
FN:273,filePathToWsPath
FNF:26
FNH:16
FNDA:8,hasValidNoteExtension
FNDA:8,(anonymous_28)
FNDA:0,createWsName
FNDA:0,createWsPath
FNDA:4,getExtension
FNDA:0,conditionalSuffix
FNDA:0,suffixWithNoteExtension
FNDA:52,removeExtension
FNDA:50,resolvePath
FNDA:0,isValidWsName
FNDA:0,validWsName
FNDA:120,isWsPath
FNDA:149,(anonymous_39)
FNDA:6,isValidFileWsPath
FNDA:114,validateWsPath
FNDA:131,(anonymous_42)
FNDA:6,validateFileWsPath
FNDA:0,validateNoteWsPath
FNDA:5,isValidNoteWsPath
FNDA:0,sanitizeFilePath
FNDA:12,parseLocalFilePath
FNDA:0,parseLocalFilePath2
FNDA:8,(anonymous_49)
FNDA:0,fromFsPath
FNDA:50,splitWsPath
FNDA:12,filePathToWsPath
DA:1,5
DA:2,5
DA:7,5
DA:8,5
DA:9,5
DA:12,3
DA:13,8
DA:16,0
DA:17,0
DA:19,0
DA:22,0
DA:23,0
DA:24,0
DA:27,0
DA:30,4
DA:31,4
DA:32,4
DA:35,4
DA:37,4
DA:41,0
DA:42,0
DA:45,0
DA:48,0
DA:49,0
DA:52,4
DA:53,52
DA:55,52
DA:67,30
DA:68,50
DA:69,0
DA:71,0
DA:73,50
DA:74,48
DA:75,48
DA:77,48
DA:78,0
DA:80,48
DA:85,48
DA:95,0
DA:97,0
DA:98,0
DA:99,0
DA:101,0
DA:102,0
DA:105,0
DA:108,0
DA:109,0
DA:110,0
DA:114,0
DA:115,0
DA:121,0
DA:122,120
DA:123,0
DA:126,149
DA:127,0
DA:130,120
DA:132,120
DA:133,0
DA:136,120
DA:137,1
DA:140,119
DA:143,0
DA:144,6
DA:145,0
DA:148,6
DA:150,6
DA:151,6
DA:154,0
DA:157,108
DA:158,131
DA:159,0
DA:162,114
DA:164,114
DA:165,0
DA:170,114
DA:171,1
DA:176,6
DA:177,6
DA:178,0
DA:181,6
DA:185,0
DA:186,0
DA:188,0
DA:189,0
DA:197,5
DA:198,5
DA:201,0
DA:203,0
DA:213,12
DA:214,12
DA:215,0
DA:220,12
DA:221,5
DA:223,12
DA:224,12
DA:226,12
DA:227,8
DA:229,12
DA:231,12
DA:232,12
DA:236,12
DA:239,0
DA:240,0
DA:243,8
DA:244,8
DA:246,8
DA:249,0
DA:250,0
DA:252,0
DA:253,0
DA:256,0
DA:259,0
DA:260,50
DA:262,50
DA:263,1
DA:266,49
DA:267,1
DA:270,48
DA:273,0
DA:274,12
DA:275,0
DA:278,12
LF:122
LH:68
BRDA:22,0,0,0
BRDA:23,1,0,0
BRDA:31,2,0,4
BRDA:37,3,0,1
BRDA:37,3,1,3
BRDA:41,4,0,0
BRDA:55,5,0,1
BRDA:55,5,1,51
BRDA:67,6,0,50
BRDA:68,7,0,0
BRDA:77,8,0,0
BRDA:98,9,0,0
BRDA:101,10,0,0
BRDA:109,11,0,0
BRDA:114,12,0,0
BRDA:122,13,0,0
BRDA:122,14,0,120
BRDA:122,14,1,120
BRDA:126,15,0,0
BRDA:132,16,0,0
BRDA:136,17,0,1
BRDA:136,18,0,120
BRDA:136,18,1,120
BRDA:144,19,0,0
BRDA:150,20,0,6
BRDA:158,21,0,0
BRDA:164,22,0,0
BRDA:170,23,0,1
BRDA:177,24,0,0
BRDA:188,25,0,0
BRDA:198,26,0,5
BRDA:198,26,1,0
BRDA:214,27,0,0
BRDA:220,28,0,5
BRDA:226,29,0,8
BRDA:231,30,0,12
BRDA:252,31,0,0
BRDA:252,32,0,0
BRDA:252,32,1,0
BRDA:262,33,0,1
BRDA:266,34,0,1
BRDA:274,35,0,0
BRF:42
BRH:19
end_of_record
TN:
SF:packages/lib/ws-path/index.ts
FNF:0
FNH:0
DA:1,2
DA:2,2
DA:3,2
LF:3
LH:3
BRF:0
BRH:0
end_of_record
TN:
SF:packages/lib/ws-path/location-helpers.ts
FN:15,(anonymous_14)
FN:25,wsPathToPathname
FN:31,(anonymous_16)
FN:37,pathnameToWsPath
FN:50,(anonymous_18)
FN:60,wsNameToPathname
FN:64,getWsName
FN:68,pathnameToWsName
FN:85,wsPathToSearch
FN:92,searchToWsPath
FN:107,(anonymous_24)
FN:117,(anonymous_25)
FN:130,locationSetWsPath
FNF:13
FNH:11
FNDA:4,(anonymous_14)
FNDA:13,wsPathToPathname
FNDA:14,(anonymous_16)
FNDA:12,pathnameToWsPath
FNDA:12,(anonymous_18)
FNDA:11,wsNameToPathname
FNDA:0,getWsName
FNDA:20,pathnameToWsName
FNDA:12,wsPathToSearch
FNDA:10,searchToWsPath
FNDA:2,(anonymous_24)
FNDA:0,(anonymous_25)
FNDA:6,locationSetWsPath
DA:3,3
DA:5,3
DA:7,3
DA:10,3
DA:15,3
DA:16,4
DA:18,4
DA:20,4
DA:23,3
DA:25,11
DA:26,13
DA:28,11
DA:29,11
DA:31,14
DA:34,11
DA:37,10
DA:38,12
DA:39,2
DA:42,10
DA:44,10
DA:45,1
DA:47,9
DA:50,12
DA:53,9
DA:54,1
DA:57,8
DA:60,7
DA:61,11
DA:64,0
DA:65,0
DA:68,10
DA:69,20
DA:70,0
DA:73,20
DA:75,20
DA:76,18
DA:77,18
DA:78,18
DA:82,2
DA:85,10
DA:86,12
DA:87,12
DA:89,12
DA:92,10
DA:93,10
DA:94,1
DA:97,9
DA:98,9
DA:100,9
DA:101,8
DA:104,1
DA:107,3
DA:108,2
DA:110,2
DA:111,1
DA:114,1
DA:117,3
DA:118,0
DA:120,0
DA:121,0
DA:124,0
DA:130,6
DA:135,6
DA:136,6
DA:138,6
DA:139,2
DA:141,4
DA:144,6
DA:145,2
DA:147,4
DA:148,4
DA:149,4
DA:152,6
LF:73
LH:66
BRDA:38,0,0,2
BRDA:44,1,0,1
BRDA:53,2,0,1
BRDA:69,3,0,0
BRDA:75,4,0,18
BRDA:77,5,0,18
BRDA:93,6,0,1
BRDA:100,7,0,8
BRDA:110,8,0,1
BRDA:120,9,0,0
BRDA:136,10,0,6
BRDA:136,10,1,0
BRDA:138,11,0,2
BRDA:138,11,1,4
BRDA:144,12,0,2
BRDA:144,12,1,4
BRF:16
BRH:13
end_of_record
TN:
SF:packages/lib/ws-path/opened-ws-paths.ts
FN:18,compareArraysNullSafe
FN:21,(anonymous_2)
FN:32,(anonymous_3)
FN:38,(anonymous_4)
FN:39,(anonymous_5)
FN:46,(anonymous_6)
FN:59,(anonymous_7)
FN:63,(anonymous_8)
FN:65,(anonymous_9)
FN:74,(anonymous_10)
FN:78,(anonymous_11)
FN:82,(anonymous_12)
FN:87,(anonymous_13)
FN:101,(anonymous_14)
FN:113,(anonymous_15)
FN:118,(anonymous_16)
FN:127,(anonymous_17)
FN:130,(anonymous_18)
FN:144,(anonymous_19)
FN:145,(anonymous_20)
FN:152,(anonymous_21)
FN:160,(anonymous_22)
FN:171,(anonymous_23)
FN:173,(anonymous_24)
FN:183,(anonymous_25)
FN:185,(anonymous_26)
FN:193,(anonymous_27)
FN:204,(anonymous_28)
FN:205,(anonymous_29)
FN:211,(anonymous_30)
FN:215,(anonymous_31)
FN:217,(anonymous_32)
FN:222,(anonymous_33)
FN:234,(anonymous_34)
FN:245,(anonymous_35)
FN:256,(anonymous_36)
FN:267,(anonymous_37)
FN:274,(anonymous_38)
FN:283,(anonymous_39)
FN:287,(anonymous_40)
FN:291,(anonymous_41)
FN:295,(anonymous_42)
FNF:42
FNH:39
FNDA:38,compareArraysNullSafe
FNDA:99,(anonymous_2)
FNDA:13,(anonymous_3)
FNDA:88,(anonymous_4)
FNDA:352,(anonymous_5)
FNDA:103,(anonymous_6)
FNDA:0,(anonymous_7)
FNDA:3,(anonymous_8)
FNDA:3,(anonymous_9)
FNDA:0,(anonymous_10)
FNDA:14,(anonymous_11)
FNDA:14,(anonymous_12)
FNDA:8,(anonymous_13)
FNDA:1,(anonymous_14)
FNDA:5,(anonymous_15)
FNDA:38,(anonymous_16)
FNDA:1,(anonymous_17)
FNDA:1,(anonymous_18)
FNDA:26,(anonymous_19)
FNDA:104,(anonymous_20)
FNDA:3,(anonymous_21)
FNDA:1,(anonymous_22)
FNDA:11,(anonymous_23)
FNDA:17,(anonymous_24)
FNDA:3,(anonymous_25)
FNDA:12,(anonymous_26)
FNDA:3,(anonymous_27)
FNDA:11,(anonymous_28)
FNDA:17,(anonymous_29)
FNDA:1,(anonymous_30)
FNDA:4,(anonymous_31)
FNDA:16,(anonymous_32)
FNDA:5,(anonymous_33)
FNDA:0,(anonymous_34)
FNDA:20,(anonymous_35)
FNDA:19,(anonymous_36)
FNDA:9,(anonymous_37)
FNDA:11,(anonymous_38)
FNDA:1,(anonymous_39)
FNDA:1,(anonymous_40)
FNDA:3,(anonymous_41)
FNDA:3,(anonymous_42)
DA:1,4
DA:2,4
DA:10,4
DA:19,38
DA:22,99
DA:23,59
DA:26,40
DA:31,82
DA:33,13
DA:35,13
DA:39,88
DA:40,352
DA:43,88
DA:46,103
DA:47,103
DA:48,2
DA:52,101
DA:53,401
DA:54,108
DA:60,0
DA:64,3
DA:65,3
DA:66,3
DA:67,3
DA:71,3
DA:75,0
DA:79,14
DA:83,14
DA:88,8
DA:89,1
DA:91,7
DA:93,7
DA:94,3
DA:97,4
DA:102,1
DA:105,1
DA:106,0
DA:108,1
DA:114,5
DA:119,38
DA:120,18
DA:123,20
DA:128,1
DA:130,1
DA:131,1
DA:132,0
DA:136,1
DA:137,1
DA:140,0
DA:145,26
DA:146,104
DA:147,35
DA:153,3
DA:154,1
DA:157,2
DA:161,1
DA:163,1
DA:164,1
DA:167,0
DA:172,11
DA:173,11
DA:174,17
DA:175,17
DA:179,11
DA:184,3
DA:185,12
DA:194,3
DA:195,3
DA:198,0
DA:205,11
DA:206,17
DA:212,1
DA:217,16
DA:223,5
DA:225,5
DA:226,2
DA:231,3
DA:235,0
DA:238,0
DA:239,0
DA:242,0
DA:246,20
DA:249,19
DA:250,2
DA:253,17
DA:257,19
DA:258,1
DA:261,18
DA:262,18
DA:264,18
DA:272,9
DA:274,9
DA:275,11
DA:276,8
DA:280,9
DA:284,1
DA:288,1
DA:292,3
DA:296,3
LF:99
LH:88
BRDA:20,0,0,38
BRDA:20,0,1,38
BRDA:22,1,0,59
BRDA:22,2,0,99
BRDA:22,2,1,67
BRDA:40,3,0,352
BRDA:40,3,1,244
BRDA:47,4,0,2
BRDA:53,5,0,108
BRDA:60,6,0,0
BRDA:60,6,1,0
BRDA:66,7,0,3
BRDA:75,8,0,0
BRDA:75,8,1,0
BRDA:79,9,0,14
BRDA:79,9,1,8
BRDA:83,10,0,14
BRDA:83,10,1,6
BRDA:88,11,0,1
BRDA:93,12,0,3
BRDA:97,13,0,4
BRDA:97,13,1,3
BRDA:105,14,0,0
BRDA:105,14,1,1
BRDA:119,15,0,18
BRDA:131,16,0,0
BRDA:131,17,0,1
BRDA:131,17,1,1
BRDA:136,18,0,1
BRDA:146,19,0,35
BRDA:153,20,0,1
BRDA:163,21,0,1
BRDA:174,22,0,17
BRDA:194,23,0,3
BRDA:217,24,0,7
BRDA:217,24,1,9
BRDA:225,25,0,2
BRDA:225,26,0,5
BRDA:225,26,1,3
BRDA:238,27,0,0
BRDA:249,28,0,2
BRDA:257,29,0,1
BRDA:275,30,0,8
BRF:43
BRH:36
end_of_record
TN:
SF:packages/shared/config/compile-config.ts
FN:4,(anonymous_1)
FN:53,getBuildTimeConfig
FNF:2
FNH:2
FNDA:8,(anonymous_1)
FNDA:8,getBuildTimeConfig
DA:2,8
DA:4,8
DA:7,8
DA:9,8
DA:11,8
DA:12,0
DA:15,8
DA:17,8
DA:19,8
DA:22,8
DA:24,0
DA:25,0
DA:26,0
DA:27,0
DA:28,0
DA:33,8
DA:36,8
DA:37,8
DA:39,0
DA:42,8
DA:43,0
DA:46,8
DA:47,0
DA:50,8
DA:54,8
DA:57,8
DA:59,8
DA:62,8
DA:65,0
LF:29
LH:19
BRDA:11,0,0,0
BRDA:22,1,0,8
BRDA:22,1,1,0
BRDA:24,2,0,0
BRDA:27,3,0,0
BRDA:27,3,1,0
BRDA:36,4,0,8
BRDA:36,4,1,0
BRDA:42,5,0,0
BRDA:46,6,0,0
BRDA:59,7,0,8
BRF:11
BRH:3
end_of_record
TN:
SF:packages/shared/config/index.ts
FN:58,randomStr
FNF:1
FNH:1
FNDA:8,randomStr
DA:1,8
DA:3,8
DA:8,8
DA:9,8
DA:10,8
DA:11,8
DA:15,8
DA:17,8
DA:18,8
DA:19,8
DA:20,8
DA:21,8
DA:22,8
DA:23,0
DA:24,8
DA:29,13
DA:30,8
DA:32,8
DA:42,8
DA:43,0
DA:45,0
DA:54,8
DA:55,0
DA:59,8
LF:24
LH:20
BRDA:15,0,0,8
BRDA:15,0,1,0
BRDA:24,1,0,8
BRDA:24,1,1,0
BRDA:30,2,0,0
BRDA:30,2,1,8
BRDA:37,3,0,8
BRDA:37,3,1,0
BRDA:37,4,0,0
BRDA:37,4,1,0
BRDA:38,5,0,8
BRDA:38,5,1,0
BRDA:42,6,0,0
BRDA:48,7,0,0
BRDA:48,7,1,0
BRDA:54,8,0,0
BRDA:54,9,0,8
BRDA:54,9,1,0
BRDA:58,10,0,0
BRF:19
BRH:6
end_of_record
TN:
SF:packages/shared/constants/debug-flags.ts
FNF:0
FNH:0
DA:5,13
LF:1
LH:1
BRF:0
BRH:0
end_of_record
TN:
SF:packages/shared/constants/editor.ts
FN:3,(anonymous_4)
FN:10,(anonymous_5)
FNF:2
FNH:2
FNDA:13,(anonymous_4)
FNDA:13,(anonymous_5)
DA:1,206
DA:3,13
DA:10,13
LF:3
LH:3
BRDA:3,0,0,13
BRDA:3,0,1,13
BRDA:10,1,0,13
BRDA:10,1,1,13
BRF:4
BRH:4
end_of_record
TN:
SF:packages/shared/constants/eternal-vars.ts
FN:1,(anonymous_1)
FNF:1
FNH:1
FNDA:13,(anonymous_1)
DA:1,13
LF:1
LH:1
BRDA:1,0,0,13
BRDA:1,0,1,13
BRF:2
BRH:2
end_of_record
TN:
SF:packages/shared/constants/help-fs.ts
FNF:0
FNH:0
DA:1,13
DA:2,13
DA:3,13
DA:4,13
LF:4
LH:4
BRF:0
BRH:0
end_of_record
TN:
SF:packages/shared/constants/index.ts
FNF:0
FNH:0
DA:3,13
DA:4,13
DA:5,13
DA:6,13
DA:7,13
DA:8,13
DA:9,13
DA:10,13
DA:11,13
DA:12,13
DA:13,13
DA:14,13
DA:15,13
LF:13
LH:13
BRF:0
BRH:0
end_of_record
TN:
SF:packages/shared/constants/search.ts
FNF:0
FNH:0
DA:1,0
DA:2,13
LF:2
LH:1
BRF:0
BRH:0
end_of_record
TN:
SF:packages/shared/constants/ui.ts
FNF:0
FNH:0
DA:2,13
DA:5,13
DA:15,13
DA:39,13
DA:40,13
DA:41,15
LF:6
LH:6
BRF:0
BRH:0
end_of_record
TN:
SF:packages/shared/constants/worker-sync.ts
FNF:0
FNH:0
DA:3,13
LF:1
LH:1
BRF:0
BRH:0
end_of_record
TN:
SF:packages/shared/constants/worker.ts
FNF:0
FNH:0
DA:1,13
LF:1
LH:1
BRF:0
BRH:0
end_of_record
TN:
SF:packages/shared/constants/workspace.ts
FN:1,(anonymous_3)
FNF:1
FNH:1
FNDA:13,(anonymous_3)
DA:1,13
DA:12,13
LF:2
LH:2
BRDA:1,0,0,13
BRDA:1,0,1,13
BRF:2
BRH:2
end_of_record
TN:
SF:packages/shared/constants/write-disk.ts
FNF:0
FNH:0
DA:1,13
LF:1
LH:1
BRF:0
BRH:0
end_of_record
TN:
SF:packages/shared/constants/core/core-dialogs.ts
FNF:0
FNH:0
DA:1,0
DA:2,13
DA:4,0
DA:5,13
DA:7,0
DA:8,13
DA:10,0
DA:11,13
DA:13,0
DA:14,13
DA:16,0
DA:17,13
DA:19,0
DA:20,13
DA:22,0
DA:23,13
DA:25,0
DA:26,13
LF:18
LH:9
BRF:0
BRH:0
end_of_record
TN:
SF:packages/shared/constants/core/core-operations.ts
FNF:0
FNH:0
DA:1,0
DA:2,13
DA:4,0
DA:5,13
DA:7,0
DA:8,13
DA:10,0
DA:11,13
DA:13,0
DA:14,13
DA:16,0
DA:17,13
DA:19,0
DA:20,13
DA:22,0
DA:23,13
DA:25,0
DA:26,13
DA:28,0
DA:29,13
DA:30,0
DA:31,13
DA:32,0
DA:33,13
DA:35,0
DA:36,13
LF:26
LH:13
BRF:0
BRH:0
end_of_record
TN:
SF:packages/shared/constants/core/core-palettes.ts
FN:10,(anonymous_5)
FNF:1
FNH:1
FNDA:13,(anonymous_5)
DA:1,0
DA:2,13
DA:4,0
DA:5,13
DA:7,0
DA:8,13
DA:10,13
LF:7
LH:4
BRDA:10,0,0,13
BRDA:10,0,1,13
BRF:2
BRH:2
end_of_record
TN:
SF:packages/shared/css-vars/index.ts
FNF:0
FNH:0
DA:1,99
DA:2,5280
LF:2
LH:2
BRF:0
BRH:0
end_of_record
TN:
SF:packages/shared/css-vars/tokens.ts
FN:163,createToneColors
FNF:1
FNH:1
FNDA:18,createToneColors
DA:3,6
DA:6,3
DA:164,18
DA:183,6
LF:4
LH:4
BRF:0
BRH:0
end_of_record
TN:
SF:packages/shared/css-vars/vars.ts
FN:4,(anonymous_4)
FN:11,(anonymous_5)
FN:15,createRawVar
FN:18,(anonymous_7)
FN:28,makeFirstCharUpperCase
FNF:5
FNH:5
FNDA:528,(anonymous_4)
FNDA:528,(anonymous_5)
FNDA:1155,createRawVar
FNDA:1894,(anonymous_7)
FNDA:1894,makeFirstCharUpperCase
DA:1,3
DA:4,35
DA:5,528
DA:7,528
DA:11,3
DA:12,528
DA:15,99
DA:16,1155
DA:18,1894
DA:21,1155
DA:22,1155
DA:25,0
DA:29,1894
LF:13
LH:12
BRDA:17,0,0,1155
BRDA:17,0,1,0
BRDA:21,1,0,1155
BRF:3
BRH:2
end_of_record
TN:
SF:packages/shared/css-vars/walk-object.ts
FN:14,walkObject
FN:47,getFromPath
FNF:2
FNH:2
FNDA:988,walkObject
FNDA:5280,getFromPath
DA:14,69
DA:19,988
DA:21,988
DA:22,7354
DA:23,7354
DA:25,7354
DA:30,6435
DA:31,919
DA:32,919
DA:34,0
DA:44,988
DA:47,5280
DA:48,5280
DA:50,5280
DA:51,14220
DA:52,0
DA:54,14220
DA:57,5280
LF:18
LH:16
BRDA:17,0,0,69
BRDA:25,1,0,6435
BRDA:25,1,1,919
BRDA:26,2,0,7354
BRDA:26,2,1,919
BRDA:26,2,2,919
BRDA:31,3,0,919
BRDA:31,3,1,0
BRDA:31,4,0,919
BRDA:31,4,1,919
BRDA:38,5,0,0
BRDA:38,5,1,0
BRDA:51,6,0,0
BRF:13
BRH:9
end_of_record
TN:
SF:packages/test-utils/test-utils-common/index.ts
FN:3,(anonymous_4)
FN:4,(anonymous_5)
FNF:2
FNH:0
FNDA:0,(anonymous_4)
FNDA:0,(anonymous_5)
DA:1,8
DA:3,3
DA:4,0
LF:3
LH:2
BRDA:3,0,0,0
BRF:1
BRH:0
end_of_record
TN:
SF:packages/test-utils/test-utils-slice/index.ts
FNF:0
FNH:0
DA:1,5
LF:1
LH:1
BRF:0
BRH:0
end_of_record
TN:
SF:packages/test-utils/test-utils-slice/slice-tester.ts
FN:9,(anonymous_1)
FN:9,(anonymous_2)
FN:11,(anonymous_3)
FN:44,(anonymous_4)
FN:47,(anonymous_5)
FNF:5
FNH:5
FNDA:72,(anonymous_1)
FNDA:72,(anonymous_2)
FNDA:24,(anonymous_3)
FNDA:36,(anonymous_4)
FNDA:100,(anonymous_5)
DA:1,5
DA:6,5
DA:7,5
DA:9,72
DA:11,24
DA:25,24
DA:26,24
DA:35,24
DA:42,24
DA:45,36
DA:46,36
DA:47,36
DA:48,100
DA:49,100
DA:51,36
DA:53,36
LF:16
LH:16
BRDA:9,0,0,0
BRDA:11,1,0,0
BRDA:12,2,0,24
BRDA:13,3,0,21
BRDA:14,4,0,0
BRDA:37,5,0,21
BRDA:37,5,1,3
BRF:7
BRH:4
end_of_record
TN:
SF:packages/tooling/jest-utils/styleMock.js
FNF:0
FNH:0
DA:1,3
LF:1
LH:1
BRF:0
BRH:0
end_of_record
